2025-11-08 17:37:05 - root - INFO - Round 0, Timestep 0: The robot states are:
robot 0: node id: 1019, goal id: 1, path: [1019, 987, 988, 989, 990];
robot 1: node id: 101, goal id: 1, path: [101, 69, 70, 38, 39, 40, 41];
robot 2: node id: 430, goal id: 1, path: [430, 398, 366];
robot 3: node id: 988, goal id: 1, path: [988, 956, 957, 958, 926, 927];
robot 4: node id: 672, goal id: 1, path: [672, 704, 705, 706, 738, 739, 771, 803, 835, 867, 866, 865, 897];
robot 5: node id: 17, goal id: 1, path: [17, 49, 48, 80, 112, 144, 176, 208, 240];
robot 6: node id: 528, goal id: 1, path: [528, 527, 559, 591, 623];
robot 7: node id: 291, goal id: 1, path: [291, 259, 227, 195, 196, 197];
robot 8: node id: 582, goal id: 1, path: [582, 550, 518];
robot 9: node id: 19, goal id: 1, path: [19, 51, 52, 84, 85, 117, 118, 119, 151];

2025-11-08 17:37:07 - root - INFO - Round 0, Timestep 1: The robot states are:
robot 0: node id: 1019, goal id: 1, path: [987, 988, 989, 990];
robot 1: node id: 101, goal id: 1, path: [69, 70, 38, 39, 40, 41];
robot 2: node id: 430, goal id: 1, path: [398, 366];
robot 3: node id: 988, goal id: 1, path: [956, 957, 958, 926, 927];
robot 4: node id: 672, goal id: 1, path: [704, 705, 706, 738, 739, 771, 803, 835, 867, 866, 865, 897];
robot 5: node id: 17, goal id: 1, path: [49, 48, 80, 112, 144, 176, 208, 240];
robot 6: node id: 528, goal id: 1, path: [527, 559, 591, 623];
robot 7: node id: 291, goal id: 1, path: [259, 227, 195, 196, 197];
robot 8: node id: 582, goal id: 1, path: [550, 518];
robot 9: node id: 19, goal id: 1, path: [51, 52, 84, 85, 117, 118, 119, 151];

2025-11-08 17:37:10 - root - INFO - Round 0, Timestep 2: The robot states are:
robot 0: node id: 987, goal id: 1, path: [988, 989, 990];
robot 1: node id: 69, goal id: 1, path: [70, 38, 39, 40, 41];
robot 2: node id: 398, goal id: 1, path: [366];
robot 3: node id: 956, goal id: 1, path: [957, 958, 926, 927];
robot 4: node id: 704, goal id: 1, path: [705, 706, 738, 739, 771, 803, 835, 867, 866, 865, 897];
robot 5: node id: 49, goal id: 1, path: [48, 80, 112, 144, 176, 208, 240];
robot 6: node id: 527, goal id: 1, path: [559, 591, 623];
robot 7: node id: 259, goal id: 1, path: [227, 195, 196, 197];
robot 8: node id: 550, goal id: 1, path: [518];
robot 9: node id: 51, goal id: 1, path: [52, 84, 85, 117, 118, 119, 151];

2025-11-08 17:37:12 - root - INFO - Round 0, Timestep 3: The robot states are:
robot 0: node id: 988, goal id: 1, path: [989, 990];
robot 1: node id: 70, goal id: 1, path: [38, 39, 40, 41];
robot 2: node id: 366, goal id: 1, path: [];
robot 3: node id: 957, goal id: 1, path: [958, 926, 927];
robot 4: node id: 705, goal id: 1, path: [706, 738, 739, 771, 803, 835, 867, 866, 865, 897];
robot 5: node id: 48, goal id: 1, path: [80, 112, 144, 176, 208, 240];
robot 6: node id: 559, goal id: 1, path: [591, 623];
robot 7: node id: 227, goal id: 1, path: [195, 196, 197];
robot 8: node id: 518, goal id: 1, path: [];
robot 9: node id: 52, goal id: 1, path: [84, 85, 117, 118, 119, 151];

2025-11-08 17:37:15 - root - INFO - Round 0, Timestep 4: The robot states are:
robot 0: node id: 989, goal id: 1, path: [990];
robot 1: node id: 38, goal id: 1, path: [39, 40, 41];
robot 2: node id: 366, goal id: 1, path: [];
robot 3: node id: 958, goal id: 1, path: [926, 927];
robot 4: node id: 706, goal id: 1, path: [738, 739, 771, 803, 835, 867, 866, 865, 897];
robot 5: node id: 80, goal id: 1, path: [112, 144, 176, 208, 240];
robot 6: node id: 591, goal id: 1, path: [623];
robot 7: node id: 195, goal id: 1, path: [196, 197];
robot 8: node id: 518, goal id: 1, path: [];
robot 9: node id: 84, goal id: 1, path: [85, 117, 118, 119, 151];

2025-11-08 17:37:17 - root - INFO - Round 0, Timestep 5: The robot states are:
robot 0: node id: 990, goal id: 1, path: [];
robot 1: node id: 39, goal id: 1, path: [40, 41];
robot 2: node id: 366, goal id: 1, path: [];
robot 3: node id: 926, goal id: 1, path: [927];
robot 4: node id: 738, goal id: 1, path: [739, 771, 803, 835, 867, 866, 865, 897];
robot 5: node id: 112, goal id: 1, path: [144, 176, 208, 240];
robot 6: node id: 623, goal id: 1, path: [];
robot 7: node id: 196, goal id: 1, path: [197];
robot 8: node id: 518, goal id: 1, path: [];
robot 9: node id: 85, goal id: 1, path: [117, 118, 119, 151];

2025-11-08 17:37:20 - root - INFO - Round 0, Timestep 6: The robot states are:
robot 0: node id: 990, goal id: 1, path: [];
robot 1: node id: 40, goal id: 1, path: [41];
robot 2: node id: 366, goal id: 1, path: [];
robot 3: node id: 927, goal id: 1, path: [];
robot 4: node id: 739, goal id: 1, path: [771, 803, 835, 867, 866, 865, 897];
robot 5: node id: 144, goal id: 1, path: [176, 208, 240];
robot 6: node id: 623, goal id: 1, path: [];
robot 7: node id: 197, goal id: 1, path: [];
robot 8: node id: 518, goal id: 1, path: [];
robot 9: node id: 117, goal id: 1, path: [118, 119, 151];

2025-11-08 17:37:22 - root - INFO - Round 0, Timestep 7: The robot states are:
robot 0: node id: 990, goal id: 1, path: [];
robot 1: node id: 41, goal id: 1, path: [];
robot 2: node id: 366, goal id: 1, path: [];
robot 3: node id: 927, goal id: 1, path: [];
robot 4: node id: 771, goal id: 1, path: [803, 835, 867, 866, 865, 897];
robot 5: node id: 176, goal id: 1, path: [208, 240];
robot 6: node id: 623, goal id: 1, path: [];
robot 7: node id: 197, goal id: 1, path: [];
robot 8: node id: 518, goal id: 1, path: [];
robot 9: node id: 118, goal id: 1, path: [119, 151];

2025-11-08 17:37:25 - root - INFO - Round 0, Timestep 8: The robot states are:
robot 0: node id: 990, goal id: 1, path: [];
robot 1: node id: 41, goal id: 1, path: [];
robot 2: node id: 366, goal id: 1, path: [];
robot 3: node id: 927, goal id: 1, path: [];
robot 4: node id: 803, goal id: 1, path: [835, 867, 866, 865, 897];
robot 5: node id: 208, goal id: 1, path: [240];
robot 6: node id: 623, goal id: 1, path: [];
robot 7: node id: 197, goal id: 1, path: [];
robot 8: node id: 518, goal id: 1, path: [];
robot 9: node id: 119, goal id: 1, path: [151];

2025-11-08 17:37:27 - root - INFO - Round 0, Timestep 9: The robot states are:
robot 0: node id: 990, goal id: 1, path: [];
robot 1: node id: 41, goal id: 1, path: [];
robot 2: node id: 366, goal id: 1, path: [];
robot 3: node id: 927, goal id: 1, path: [];
robot 4: node id: 835, goal id: 1, path: [867, 866, 865, 897];
robot 5: node id: 240, goal id: 1, path: [];
robot 6: node id: 623, goal id: 1, path: [];
robot 7: node id: 197, goal id: 1, path: [];
robot 8: node id: 518, goal id: 1, path: [];
robot 9: node id: 151, goal id: 1, path: [];

2025-11-08 17:37:30 - root - INFO - Round 0, Timestep 10: The robot states are:
robot 0: node id: 990, goal id: 1, path: [];
robot 1: node id: 41, goal id: 1, path: [];
robot 2: node id: 366, goal id: 1, path: [];
robot 3: node id: 927, goal id: 1, path: [];
robot 4: node id: 867, goal id: 1, path: [866, 865, 897];
robot 5: node id: 240, goal id: 1, path: [];
robot 6: node id: 623, goal id: 1, path: [];
robot 7: node id: 197, goal id: 1, path: [];
robot 8: node id: 518, goal id: 1, path: [];
robot 9: node id: 151, goal id: 1, path: [];

2025-11-08 17:37:32 - root - INFO - Round 0, Timestep 11: The robot states are:
robot 0: node id: 990, goal id: 1, path: [];
robot 1: node id: 41, goal id: 1, path: [];
robot 2: node id: 366, goal id: 1, path: [];
robot 3: node id: 927, goal id: 1, path: [];
robot 4: node id: 866, goal id: 1, path: [865, 897];
robot 5: node id: 240, goal id: 1, path: [];
robot 6: node id: 623, goal id: 1, path: [];
robot 7: node id: 197, goal id: 1, path: [];
robot 8: node id: 518, goal id: 1, path: [];
robot 9: node id: 151, goal id: 1, path: [];

2025-11-08 17:37:35 - root - INFO - Round 0, Timestep 12: The robot states are:
robot 0: node id: 990, goal id: 1, path: [];
robot 1: node id: 41, goal id: 1, path: [];
robot 2: node id: 366, goal id: 1, path: [];
robot 3: node id: 927, goal id: 1, path: [];
robot 4: node id: 865, goal id: 1, path: [897];
robot 5: node id: 240, goal id: 1, path: [];
robot 6: node id: 623, goal id: 1, path: [];
robot 7: node id: 197, goal id: 1, path: [];
robot 8: node id: 518, goal id: 1, path: [];
robot 9: node id: 151, goal id: 1, path: [];

2025-11-08 17:37:42 - root - INFO - Round 1, Timestep 0: The robot states are:
robot 0: node id: 990, goal id: 1, path: [990, 958, 957, 925, 893, 892, 860, 828, 827, 826, 794, 762, 730];
robot 1: node id: 41, goal id: 1, path: [41, 42, 43, 44, 45, 46, 47, 79, 80, 81, 82, 114, 146, 147, 179, 180, 212, 213, 245, 277, 309, 341, 373, 405, 437, 469, 501, 502];
robot 2: node id: 366, goal id: 1, path: [366, 367, 368, 400];
robot 3: node id: 927, goal id: 1, path: [927, 926, 894, 893, 861, 829, 797, 796];
robot 4: node id: 897, goal id: 1, path: [897, 898, 899, 900, 901, 933, 934, 935, 967, 968, 969];
robot 5: node id: 240, goal id: 1, path: [240, 241, 242, 274, 306, 338];
robot 6: node id: 623, goal id: 1, path: [623, 624, 625, 593, 594, 595, 596];
robot 7: node id: 197, goal id: 1, path: [197, 229, 261, 262, 294, 326, 358, 359, 360, 361, 362, 394, 426, 458, 459, 460];
robot 8: node id: 518, goal id: 1, path: [518, 519, 520, 521, 522, 523, 555, 556, 588, 620, 652, 653, 685, 717];
robot 9: node id: 151, goal id: 1, path: [151, 119, 120, 121];

2025-11-08 17:37:44 - root - INFO - Round 1, Timestep 1: The robot states are:
robot 0: node id: 990, goal id: 1, path: [958, 957, 925, 893, 892, 860, 828, 827, 826, 794, 762, 730];
robot 1: node id: 41, goal id: 1, path: [42, 43, 44, 45, 46, 47, 79, 80, 81, 82, 114, 146, 147, 179, 180, 212, 213, 245, 277, 309, 341, 373, 405, 437, 469, 501, 502];
robot 2: node id: 366, goal id: 1, path: [367, 368, 400];
robot 3: node id: 927, goal id: 1, path: [926, 894, 893, 861, 829, 797, 796];
robot 4: node id: 897, goal id: 1, path: [898, 899, 900, 901, 933, 934, 935, 967, 968, 969];
robot 5: node id: 240, goal id: 1, path: [241, 242, 274, 306, 338];
robot 6: node id: 623, goal id: 1, path: [624, 625, 593, 594, 595, 596];
robot 7: node id: 197, goal id: 1, path: [229, 261, 262, 294, 326, 358, 359, 360, 361, 362, 394, 426, 458, 459, 460];
robot 8: node id: 518, goal id: 1, path: [519, 520, 521, 522, 523, 555, 556, 588, 620, 652, 653, 685, 717];
robot 9: node id: 151, goal id: 1, path: [119, 120, 121];

2025-11-08 17:37:47 - root - INFO - Round 1, Timestep 2: The robot states are:
robot 0: node id: 958, goal id: 1, path: [957, 925, 893, 892, 860, 828, 827, 826, 794, 762, 730];
robot 1: node id: 42, goal id: 1, path: [43, 44, 45, 46, 47, 79, 80, 81, 82, 114, 146, 147, 179, 180, 212, 213, 245, 277, 309, 341, 373, 405, 437, 469, 501, 502];
robot 2: node id: 367, goal id: 1, path: [368, 400];
robot 3: node id: 926, goal id: 1, path: [894, 893, 861, 829, 797, 796];
robot 4: node id: 898, goal id: 1, path: [899, 900, 901, 933, 934, 935, 967, 968, 969];
robot 5: node id: 241, goal id: 1, path: [242, 274, 306, 338];
robot 6: node id: 624, goal id: 1, path: [625, 593, 594, 595, 596];
robot 7: node id: 229, goal id: 1, path: [261, 262, 294, 326, 358, 359, 360, 361, 362, 394, 426, 458, 459, 460];
robot 8: node id: 519, goal id: 1, path: [520, 521, 522, 523, 555, 556, 588, 620, 652, 653, 685, 717];
robot 9: node id: 119, goal id: 1, path: [120, 121];

2025-11-08 17:37:49 - root - INFO - Round 1, Timestep 3: The robot states are:
robot 0: node id: 957, goal id: 1, path: [925, 893, 892, 860, 828, 827, 826, 794, 762, 730];
robot 1: node id: 43, goal id: 1, path: [44, 45, 46, 47, 79, 80, 81, 82, 114, 146, 147, 179, 180, 212, 213, 245, 277, 309, 341, 373, 405, 437, 469, 501, 502];
robot 2: node id: 368, goal id: 1, path: [400];
robot 3: node id: 894, goal id: 1, path: [893, 861, 829, 797, 796];
robot 4: node id: 899, goal id: 1, path: [900, 901, 933, 934, 935, 967, 968, 969];
robot 5: node id: 242, goal id: 1, path: [274, 306, 338];
robot 6: node id: 625, goal id: 1, path: [593, 594, 595, 596];
robot 7: node id: 261, goal id: 1, path: [262, 294, 326, 358, 359, 360, 361, 362, 394, 426, 458, 459, 460];
robot 8: node id: 520, goal id: 1, path: [521, 522, 523, 555, 556, 588, 620, 652, 653, 685, 717];
robot 9: node id: 120, goal id: 1, path: [121];

2025-11-08 17:37:52 - root - INFO - Round 1, Timestep 4: The robot states are:
robot 0: node id: 925, goal id: 1, path: [893, 892, 860, 828, 827, 826, 794, 762, 730];
robot 1: node id: 44, goal id: 1, path: [45, 46, 47, 79, 80, 81, 82, 114, 146, 147, 179, 180, 212, 213, 245, 277, 309, 341, 373, 405, 437, 469, 501, 502];
robot 2: node id: 400, goal id: 1, path: [];
robot 3: node id: 893, goal id: 1, path: [861, 829, 797, 796];
robot 4: node id: 900, goal id: 1, path: [901, 933, 934, 935, 967, 968, 969];
robot 5: node id: 274, goal id: 1, path: [306, 338];
robot 6: node id: 593, goal id: 1, path: [594, 595, 596];
robot 7: node id: 262, goal id: 1, path: [294, 326, 358, 359, 360, 361, 362, 394, 426, 458, 459, 460];
robot 8: node id: 521, goal id: 1, path: [522, 523, 555, 556, 588, 620, 652, 653, 685, 717];
robot 9: node id: 121, goal id: 1, path: [];

2025-11-08 17:37:54 - root - INFO - Round 1, Timestep 5: The robot states are:
robot 0: node id: 893, goal id: 1, path: [892, 860, 828, 827, 826, 794, 762, 730];
robot 1: node id: 45, goal id: 1, path: [46, 47, 79, 80, 81, 82, 114, 146, 147, 179, 180, 212, 213, 245, 277, 309, 341, 373, 405, 437, 469, 501, 502];
robot 2: node id: 400, goal id: 1, path: [];
robot 3: node id: 861, goal id: 1, path: [829, 797, 796];
robot 4: node id: 901, goal id: 1, path: [933, 934, 935, 967, 968, 969];
robot 5: node id: 306, goal id: 1, path: [338];
robot 6: node id: 594, goal id: 1, path: [595, 596];
robot 7: node id: 294, goal id: 1, path: [326, 358, 359, 360, 361, 362, 394, 426, 458, 459, 460];
robot 8: node id: 522, goal id: 1, path: [523, 555, 556, 588, 620, 652, 653, 685, 717];
robot 9: node id: 121, goal id: 1, path: [];

2025-11-08 17:37:57 - root - INFO - Round 1, Timestep 6: The robot states are:
robot 0: node id: 892, goal id: 1, path: [860, 828, 827, 826, 794, 762, 730];
robot 1: node id: 46, goal id: 1, path: [47, 79, 80, 81, 82, 114, 146, 147, 179, 180, 212, 213, 245, 277, 309, 341, 373, 405, 437, 469, 501, 502];
robot 2: node id: 400, goal id: 1, path: [];
robot 3: node id: 829, goal id: 1, path: [797, 796];
robot 4: node id: 933, goal id: 1, path: [934, 935, 967, 968, 969];
robot 5: node id: 338, goal id: 1, path: [];
robot 6: node id: 595, goal id: 1, path: [596];
robot 7: node id: 326, goal id: 1, path: [358, 359, 360, 361, 362, 394, 426, 458, 459, 460];
robot 8: node id: 523, goal id: 1, path: [555, 556, 588, 620, 652, 653, 685, 717];
robot 9: node id: 121, goal id: 1, path: [];

2025-11-08 17:37:59 - root - INFO - Round 1, Timestep 7: The robot states are:
robot 0: node id: 860, goal id: 1, path: [828, 827, 826, 794, 762, 730];
robot 1: node id: 47, goal id: 1, path: [79, 80, 81, 82, 114, 146, 147, 179, 180, 212, 213, 245, 277, 309, 341, 373, 405, 437, 469, 501, 502];
robot 2: node id: 400, goal id: 1, path: [];
robot 3: node id: 797, goal id: 1, path: [796];
robot 4: node id: 934, goal id: 1, path: [935, 967, 968, 969];
robot 5: node id: 338, goal id: 1, path: [];
robot 6: node id: 596, goal id: 1, path: [];
robot 7: node id: 358, goal id: 1, path: [359, 360, 361, 362, 394, 426, 458, 459, 460];
robot 8: node id: 555, goal id: 1, path: [556, 588, 620, 652, 653, 685, 717];
robot 9: node id: 121, goal id: 1, path: [];

2025-11-08 17:38:02 - root - INFO - Round 1, Timestep 8: The robot states are:
robot 0: node id: 828, goal id: 1, path: [827, 826, 794, 762, 730];
robot 1: node id: 79, goal id: 1, path: [80, 81, 82, 114, 146, 147, 179, 180, 212, 213, 245, 277, 309, 341, 373, 405, 437, 469, 501, 502];
robot 2: node id: 400, goal id: 1, path: [];
robot 3: node id: 796, goal id: 1, path: [];
robot 4: node id: 935, goal id: 1, path: [967, 968, 969];
robot 5: node id: 338, goal id: 1, path: [];
robot 6: node id: 596, goal id: 1, path: [];
robot 7: node id: 359, goal id: 1, path: [360, 361, 362, 394, 426, 458, 459, 460];
robot 8: node id: 556, goal id: 1, path: [588, 620, 652, 653, 685, 717];
robot 9: node id: 121, goal id: 1, path: [];

2025-11-08 17:38:04 - root - INFO - Round 1, Timestep 9: The robot states are:
robot 0: node id: 827, goal id: 1, path: [826, 794, 762, 730];
robot 1: node id: 80, goal id: 1, path: [81, 82, 114, 146, 147, 179, 180, 212, 213, 245, 277, 309, 341, 373, 405, 437, 469, 501, 502];
robot 2: node id: 400, goal id: 1, path: [];
robot 3: node id: 796, goal id: 1, path: [];
robot 4: node id: 967, goal id: 1, path: [968, 969];
robot 5: node id: 338, goal id: 1, path: [];
robot 6: node id: 596, goal id: 1, path: [];
robot 7: node id: 360, goal id: 1, path: [361, 362, 394, 426, 458, 459, 460];
robot 8: node id: 588, goal id: 1, path: [620, 652, 653, 685, 717];
robot 9: node id: 121, goal id: 1, path: [];

2025-11-08 17:38:07 - root - INFO - Round 1, Timestep 10: The robot states are:
robot 0: node id: 826, goal id: 1, path: [794, 762, 730];
robot 1: node id: 81, goal id: 1, path: [82, 114, 146, 147, 179, 180, 212, 213, 245, 277, 309, 341, 373, 405, 437, 469, 501, 502];
robot 2: node id: 400, goal id: 1, path: [];
robot 3: node id: 796, goal id: 1, path: [];
robot 4: node id: 968, goal id: 1, path: [969];
robot 5: node id: 338, goal id: 1, path: [];
robot 6: node id: 596, goal id: 1, path: [];
robot 7: node id: 361, goal id: 1, path: [362, 394, 426, 458, 459, 460];
robot 8: node id: 620, goal id: 1, path: [652, 653, 685, 717];
robot 9: node id: 121, goal id: 1, path: [];

2025-11-08 17:38:09 - root - INFO - Round 1, Timestep 11: The robot states are:
robot 0: node id: 794, goal id: 1, path: [762, 730];
robot 1: node id: 82, goal id: 1, path: [114, 146, 147, 179, 180, 212, 213, 245, 277, 309, 341, 373, 405, 437, 469, 501, 502];
robot 2: node id: 400, goal id: 1, path: [];
robot 3: node id: 796, goal id: 1, path: [];
robot 4: node id: 969, goal id: 1, path: [];
robot 5: node id: 338, goal id: 1, path: [];
robot 6: node id: 596, goal id: 1, path: [];
robot 7: node id: 362, goal id: 1, path: [394, 426, 458, 459, 460];
robot 8: node id: 652, goal id: 1, path: [653, 685, 717];
robot 9: node id: 121, goal id: 1, path: [];

2025-11-08 17:38:12 - root - INFO - Round 1, Timestep 12: The robot states are:
robot 0: node id: 762, goal id: 1, path: [730];
robot 1: node id: 114, goal id: 1, path: [146, 147, 179, 180, 212, 213, 245, 277, 309, 341, 373, 405, 437, 469, 501, 502];
robot 2: node id: 400, goal id: 1, path: [];
robot 3: node id: 796, goal id: 1, path: [];
robot 4: node id: 969, goal id: 1, path: [];
robot 5: node id: 338, goal id: 1, path: [];
robot 6: node id: 596, goal id: 1, path: [];
robot 7: node id: 394, goal id: 1, path: [426, 458, 459, 460];
robot 8: node id: 653, goal id: 1, path: [685, 717];
robot 9: node id: 121, goal id: 1, path: [];

2025-11-08 17:38:14 - root - INFO - Round 1, Timestep 13: The robot states are:
robot 0: node id: 730, goal id: 1, path: [];
robot 1: node id: 146, goal id: 1, path: [147, 179, 180, 212, 213, 245, 277, 309, 341, 373, 405, 437, 469, 501, 502];
robot 2: node id: 400, goal id: 1, path: [];
robot 3: node id: 796, goal id: 1, path: [];
robot 4: node id: 969, goal id: 1, path: [];
robot 5: node id: 338, goal id: 1, path: [];
robot 6: node id: 596, goal id: 1, path: [];
robot 7: node id: 426, goal id: 1, path: [458, 459, 460];
robot 8: node id: 685, goal id: 1, path: [717];
robot 9: node id: 121, goal id: 1, path: [];

2025-11-08 17:38:17 - root - INFO - Round 1, Timestep 14: The robot states are:
robot 0: node id: 730, goal id: 1, path: [];
robot 1: node id: 147, goal id: 1, path: [179, 180, 212, 213, 245, 277, 309, 341, 373, 405, 437, 469, 501, 502];
robot 2: node id: 400, goal id: 1, path: [];
robot 3: node id: 796, goal id: 1, path: [];
robot 4: node id: 969, goal id: 1, path: [];
robot 5: node id: 338, goal id: 1, path: [];
robot 6: node id: 596, goal id: 1, path: [];
robot 7: node id: 458, goal id: 1, path: [459, 460];
robot 8: node id: 717, goal id: 1, path: [];
robot 9: node id: 121, goal id: 1, path: [];

2025-11-08 17:38:19 - root - INFO - Round 1, Timestep 15: The robot states are:
robot 0: node id: 730, goal id: 1, path: [];
robot 1: node id: 179, goal id: 1, path: [180, 212, 213, 245, 277, 309, 341, 373, 405, 437, 469, 501, 502];
robot 2: node id: 400, goal id: 1, path: [];
robot 3: node id: 796, goal id: 1, path: [];
robot 4: node id: 969, goal id: 1, path: [];
robot 5: node id: 338, goal id: 1, path: [];
robot 6: node id: 596, goal id: 1, path: [];
robot 7: node id: 459, goal id: 1, path: [460];
robot 8: node id: 717, goal id: 1, path: [];
robot 9: node id: 121, goal id: 1, path: [];

2025-11-08 17:38:22 - root - INFO - Round 1, Timestep 16: The robot states are:
robot 0: node id: 730, goal id: 1, path: [];
robot 1: node id: 180, goal id: 1, path: [212, 213, 245, 277, 309, 341, 373, 405, 437, 469, 501, 502];
robot 2: node id: 400, goal id: 1, path: [];
robot 3: node id: 796, goal id: 1, path: [];
robot 4: node id: 969, goal id: 1, path: [];
robot 5: node id: 338, goal id: 1, path: [];
robot 6: node id: 596, goal id: 1, path: [];
robot 7: node id: 460, goal id: 1, path: [];
robot 8: node id: 717, goal id: 1, path: [];
robot 9: node id: 121, goal id: 1, path: [];

2025-11-08 17:38:24 - root - INFO - Round 1, Timestep 17: The robot states are:
robot 0: node id: 730, goal id: 1, path: [];
robot 1: node id: 212, goal id: 1, path: [213, 245, 277, 309, 341, 373, 405, 437, 469, 501, 502];
robot 2: node id: 400, goal id: 1, path: [];
robot 3: node id: 796, goal id: 1, path: [];
robot 4: node id: 969, goal id: 1, path: [];
robot 5: node id: 338, goal id: 1, path: [];
robot 6: node id: 596, goal id: 1, path: [];
robot 7: node id: 460, goal id: 1, path: [];
robot 8: node id: 717, goal id: 1, path: [];
robot 9: node id: 121, goal id: 1, path: [];

2025-11-08 17:38:27 - root - INFO - Round 1, Timestep 18: The robot states are:
robot 0: node id: 730, goal id: 1, path: [];
robot 1: node id: 213, goal id: 1, path: [245, 277, 309, 341, 373, 405, 437, 469, 501, 502];
robot 2: node id: 400, goal id: 1, path: [];
robot 3: node id: 796, goal id: 1, path: [];
robot 4: node id: 969, goal id: 1, path: [];
robot 5: node id: 338, goal id: 1, path: [];
robot 6: node id: 596, goal id: 1, path: [];
robot 7: node id: 460, goal id: 1, path: [];
robot 8: node id: 717, goal id: 1, path: [];
robot 9: node id: 121, goal id: 1, path: [];

2025-11-08 17:38:29 - root - INFO - Round 1, Timestep 19: The robot states are:
robot 0: node id: 730, goal id: 1, path: [];
robot 1: node id: 245, goal id: 1, path: [277, 309, 341, 373, 405, 437, 469, 501, 502];
robot 2: node id: 400, goal id: 1, path: [];
robot 3: node id: 796, goal id: 1, path: [];
robot 4: node id: 969, goal id: 1, path: [];
robot 5: node id: 338, goal id: 1, path: [];
robot 6: node id: 596, goal id: 1, path: [];
robot 7: node id: 460, goal id: 1, path: [];
robot 8: node id: 717, goal id: 1, path: [];
robot 9: node id: 121, goal id: 1, path: [];

2025-11-08 17:38:31 - root - INFO - Round 1, Timestep 20: The robot states are:
robot 0: node id: 730, goal id: 1, path: [];
robot 1: node id: 277, goal id: 1, path: [309, 341, 373, 405, 437, 469, 501, 502];
robot 2: node id: 400, goal id: 1, path: [];
robot 3: node id: 796, goal id: 1, path: [];
robot 4: node id: 969, goal id: 1, path: [];
robot 5: node id: 338, goal id: 1, path: [];
robot 6: node id: 596, goal id: 1, path: [];
robot 7: node id: 460, goal id: 1, path: [];
robot 8: node id: 717, goal id: 1, path: [];
robot 9: node id: 121, goal id: 1, path: [];

2025-11-08 17:38:34 - root - INFO - Round 1, Timestep 21: The robot states are:
robot 0: node id: 730, goal id: 1, path: [];
robot 1: node id: 309, goal id: 1, path: [341, 373, 405, 437, 469, 501, 502];
robot 2: node id: 400, goal id: 1, path: [];
robot 3: node id: 796, goal id: 1, path: [];
robot 4: node id: 969, goal id: 1, path: [];
robot 5: node id: 338, goal id: 1, path: [];
robot 6: node id: 596, goal id: 1, path: [];
robot 7: node id: 460, goal id: 1, path: [];
robot 8: node id: 717, goal id: 1, path: [];
robot 9: node id: 121, goal id: 1, path: [];

2025-11-08 17:38:36 - root - INFO - Round 1, Timestep 22: The robot states are:
robot 0: node id: 730, goal id: 1, path: [];
robot 1: node id: 341, goal id: 1, path: [373, 405, 437, 469, 501, 502];
robot 2: node id: 400, goal id: 1, path: [];
robot 3: node id: 796, goal id: 1, path: [];
robot 4: node id: 969, goal id: 1, path: [];
robot 5: node id: 338, goal id: 1, path: [];
robot 6: node id: 596, goal id: 1, path: [];
robot 7: node id: 460, goal id: 1, path: [];
robot 8: node id: 717, goal id: 1, path: [];
robot 9: node id: 121, goal id: 1, path: [];

2025-11-08 17:38:39 - root - INFO - Round 1, Timestep 23: The robot states are:
robot 0: node id: 730, goal id: 1, path: [];
robot 1: node id: 373, goal id: 1, path: [405, 437, 469, 501, 502];
robot 2: node id: 400, goal id: 1, path: [];
robot 3: node id: 796, goal id: 1, path: [];
robot 4: node id: 969, goal id: 1, path: [];
robot 5: node id: 338, goal id: 1, path: [];
robot 6: node id: 596, goal id: 1, path: [];
robot 7: node id: 460, goal id: 1, path: [];
robot 8: node id: 717, goal id: 1, path: [];
robot 9: node id: 121, goal id: 1, path: [];

2025-11-08 17:38:41 - root - INFO - Round 1, Timestep 24: The robot states are:
robot 0: node id: 730, goal id: 1, path: [];
robot 1: node id: 405, goal id: 1, path: [437, 469, 501, 502];
robot 2: node id: 400, goal id: 1, path: [];
robot 3: node id: 796, goal id: 1, path: [];
robot 4: node id: 969, goal id: 1, path: [];
robot 5: node id: 338, goal id: 1, path: [];
robot 6: node id: 596, goal id: 1, path: [];
robot 7: node id: 460, goal id: 1, path: [];
robot 8: node id: 717, goal id: 1, path: [];
robot 9: node id: 121, goal id: 1, path: [];

2025-11-08 17:38:44 - root - INFO - Round 1, Timestep 25: The robot states are:
robot 0: node id: 730, goal id: 1, path: [];
robot 1: node id: 437, goal id: 1, path: [469, 501, 502];
robot 2: node id: 400, goal id: 1, path: [];
robot 3: node id: 796, goal id: 1, path: [];
robot 4: node id: 969, goal id: 1, path: [];
robot 5: node id: 338, goal id: 1, path: [];
robot 6: node id: 596, goal id: 1, path: [];
robot 7: node id: 460, goal id: 1, path: [];
robot 8: node id: 717, goal id: 1, path: [];
robot 9: node id: 121, goal id: 1, path: [];

2025-11-08 17:38:46 - root - INFO - Round 1, Timestep 26: The robot states are:
robot 0: node id: 730, goal id: 1, path: [];
robot 1: node id: 469, goal id: 1, path: [501, 502];
robot 2: node id: 400, goal id: 1, path: [];
robot 3: node id: 796, goal id: 1, path: [];
robot 4: node id: 969, goal id: 1, path: [];
robot 5: node id: 338, goal id: 1, path: [];
robot 6: node id: 596, goal id: 1, path: [];
robot 7: node id: 460, goal id: 1, path: [];
robot 8: node id: 717, goal id: 1, path: [];
robot 9: node id: 121, goal id: 1, path: [];

2025-11-08 17:38:49 - root - INFO - Round 1, Timestep 27: The robot states are:
robot 0: node id: 730, goal id: 1, path: [];
robot 1: node id: 501, goal id: 1, path: [502];
robot 2: node id: 400, goal id: 1, path: [];
robot 3: node id: 796, goal id: 1, path: [];
robot 4: node id: 969, goal id: 1, path: [];
robot 5: node id: 338, goal id: 1, path: [];
robot 6: node id: 596, goal id: 1, path: [];
robot 7: node id: 460, goal id: 1, path: [];
robot 8: node id: 717, goal id: 1, path: [];
robot 9: node id: 121, goal id: 1, path: [];

2025-11-08 17:38:56 - root - INFO - Round 2, Timestep 0: The robot states are:
robot 0: node id: 730, goal id: 1, path: [730, 729, 697, 665, 633, 632];
robot 1: node id: 502, goal id: 1, path: [502, 503, 471, 439, 407, 375, 343, 311, 279, 247, 215, 183, 151, 119, 87, 88, 89, 90, 91, 92, 93, 61, 62, 63, 31];
robot 2: node id: 400, goal id: 1, path: [400, 401, 402, 403, 404, 405, 373, 374, 342, 343, 344, 312, 280, 248, 249, 217, 185, 186, 187, 155, 123, 91, 92, 93, 94, 62];
robot 3: node id: 796, goal id: 1, path: [796, 764, 765, 766, 734, 702, 703, 671, 639, 607, 575, 543, 511, 479, 447, 415];
robot 4: node id: 969, goal id: 1, path: [969, 937, 938, 939, 940, 941, 942, 910];
robot 5: node id: 338, goal id: 1, path: [];
robot 6: node id: 596, goal id: 1, path: [];
robot 7: node id: 460, goal id: 1, path: [];
robot 8: node id: 717, goal id: 1, path: [];
robot 9: node id: 121, goal id: 1, path: [];

2025-11-08 17:38:58 - root - INFO - Round 2, Timestep 1: The robot states are:
robot 0: node id: 730, goal id: 1, path: [729, 697, 665, 633, 632];
robot 1: node id: 502, goal id: 1, path: [503, 471, 439, 407, 375, 343, 311, 279, 247, 215, 183, 151, 119, 87, 88, 89, 90, 91, 92, 93, 61, 62, 63, 31];
robot 2: node id: 400, goal id: 1, path: [401, 402, 403, 404, 405, 373, 374, 342, 343, 344, 312, 280, 248, 249, 217, 185, 186, 187, 155, 123, 91, 92, 93, 94, 62];
robot 3: node id: 796, goal id: 1, path: [764, 765, 766, 734, 702, 703, 671, 639, 607, 575, 543, 511, 479, 447, 415];
robot 4: node id: 969, goal id: 1, path: [937, 938, 939, 940, 941, 942, 910];
robot 5: node id: 338, goal id: 1, path: [];
robot 6: node id: 596, goal id: 1, path: [];
robot 7: node id: 460, goal id: 1, path: [];
robot 8: node id: 717, goal id: 1, path: [];
robot 9: node id: 121, goal id: 1, path: [];

2025-11-08 17:39:01 - root - INFO - Round 2, Timestep 2: The robot states are:
robot 0: node id: 729, goal id: 1, path: [697, 665, 633, 632];
robot 1: node id: 503, goal id: 1, path: [471, 439, 407, 375, 343, 311, 279, 247, 215, 183, 151, 119, 87, 88, 89, 90, 91, 92, 93, 61, 62, 63, 31];
robot 2: node id: 401, goal id: 1, path: [402, 403, 404, 405, 373, 374, 342, 343, 344, 312, 280, 248, 249, 217, 185, 186, 187, 155, 123, 91, 92, 93, 94, 62];
robot 3: node id: 764, goal id: 1, path: [765, 766, 734, 702, 703, 671, 639, 607, 575, 543, 511, 479, 447, 415];
robot 4: node id: 937, goal id: 1, path: [938, 939, 940, 941, 942, 910];
robot 5: node id: 338, goal id: 1, path: [];
robot 6: node id: 596, goal id: 1, path: [];
robot 7: node id: 460, goal id: 1, path: [];
robot 8: node id: 717, goal id: 1, path: [];
robot 9: node id: 121, goal id: 1, path: [];

2025-11-08 17:39:03 - root - INFO - Round 2, Timestep 3: The robot states are:
robot 0: node id: 697, goal id: 1, path: [665, 633, 632];
robot 1: node id: 471, goal id: 1, path: [439, 407, 375, 343, 311, 279, 247, 215, 183, 151, 119, 87, 88, 89, 90, 91, 92, 93, 61, 62, 63, 31];
robot 2: node id: 402, goal id: 1, path: [403, 404, 405, 373, 374, 342, 343, 344, 312, 280, 248, 249, 217, 185, 186, 187, 155, 123, 91, 92, 93, 94, 62];
robot 3: node id: 765, goal id: 1, path: [766, 734, 702, 703, 671, 639, 607, 575, 543, 511, 479, 447, 415];
robot 4: node id: 938, goal id: 1, path: [939, 940, 941, 942, 910];
robot 5: node id: 338, goal id: 1, path: [];
robot 6: node id: 596, goal id: 1, path: [];
robot 7: node id: 460, goal id: 1, path: [];
robot 8: node id: 717, goal id: 1, path: [];
robot 9: node id: 121, goal id: 1, path: [];

2025-11-08 17:39:06 - root - INFO - Round 2, Timestep 4: The robot states are:
robot 0: node id: 665, goal id: 1, path: [633, 632];
robot 1: node id: 439, goal id: 1, path: [407, 375, 343, 311, 279, 247, 215, 183, 151, 119, 87, 88, 89, 90, 91, 92, 93, 61, 62, 63, 31];
robot 2: node id: 403, goal id: 1, path: [404, 405, 373, 374, 342, 343, 344, 312, 280, 248, 249, 217, 185, 186, 187, 155, 123, 91, 92, 93, 94, 62];
robot 3: node id: 766, goal id: 1, path: [734, 702, 703, 671, 639, 607, 575, 543, 511, 479, 447, 415];
robot 4: node id: 939, goal id: 1, path: [940, 941, 942, 910];
robot 5: node id: 338, goal id: 1, path: [];
robot 6: node id: 596, goal id: 1, path: [];
robot 7: node id: 460, goal id: 1, path: [];
robot 8: node id: 717, goal id: 1, path: [];
robot 9: node id: 121, goal id: 1, path: [];

2025-11-08 17:39:08 - root - INFO - Round 2, Timestep 5: The robot states are:
robot 0: node id: 633, goal id: 1, path: [632];
robot 1: node id: 407, goal id: 1, path: [375, 343, 311, 279, 247, 215, 183, 151, 119, 87, 88, 89, 90, 91, 92, 93, 61, 62, 63, 31];
robot 2: node id: 404, goal id: 1, path: [405, 373, 374, 342, 343, 344, 312, 280, 248, 249, 217, 185, 186, 187, 155, 123, 91, 92, 93, 94, 62];
robot 3: node id: 734, goal id: 1, path: [702, 703, 671, 639, 607, 575, 543, 511, 479, 447, 415];
robot 4: node id: 940, goal id: 1, path: [941, 942, 910];
robot 5: node id: 338, goal id: 1, path: [];
robot 6: node id: 596, goal id: 1, path: [];
robot 7: node id: 460, goal id: 1, path: [];
robot 8: node id: 717, goal id: 1, path: [];
robot 9: node id: 121, goal id: 1, path: [];

2025-11-08 17:39:11 - root - INFO - Round 2, Timestep 6: The robot states are:
robot 0: node id: 632, goal id: 1, path: [];
robot 1: node id: 375, goal id: 1, path: [343, 311, 279, 247, 215, 183, 151, 119, 87, 88, 89, 90, 91, 92, 93, 61, 62, 63, 31];
robot 2: node id: 405, goal id: 1, path: [373, 374, 342, 343, 344, 312, 280, 248, 249, 217, 185, 186, 187, 155, 123, 91, 92, 93, 94, 62];
robot 3: node id: 702, goal id: 1, path: [703, 671, 639, 607, 575, 543, 511, 479, 447, 415];
robot 4: node id: 941, goal id: 1, path: [942, 910];
robot 5: node id: 338, goal id: 1, path: [];
robot 6: node id: 596, goal id: 1, path: [];
robot 7: node id: 460, goal id: 1, path: [];
robot 8: node id: 717, goal id: 1, path: [];
robot 9: node id: 121, goal id: 1, path: [];

2025-11-08 17:39:13 - root - INFO - Round 2, Timestep 7: The robot states are:
robot 0: node id: 632, goal id: 1, path: [];
robot 1: node id: 343, goal id: 1, path: [311, 279, 247, 215, 183, 151, 119, 87, 88, 89, 90, 91, 92, 93, 61, 62, 63, 31];
robot 2: node id: 373, goal id: 1, path: [374, 342, 343, 344, 312, 280, 248, 249, 217, 185, 186, 187, 155, 123, 91, 92, 93, 94, 62];
robot 3: node id: 703, goal id: 1, path: [671, 639, 607, 575, 543, 511, 479, 447, 415];
robot 4: node id: 942, goal id: 1, path: [910];
robot 5: node id: 338, goal id: 1, path: [];
robot 6: node id: 596, goal id: 1, path: [];
robot 7: node id: 460, goal id: 1, path: [];
robot 8: node id: 717, goal id: 1, path: [];
robot 9: node id: 121, goal id: 1, path: [];

2025-11-08 17:39:15 - root - INFO - Round 2, Timestep 8: The robot states are:
robot 0: node id: 632, goal id: 1, path: [];
robot 1: node id: 311, goal id: 1, path: [279, 247, 215, 183, 151, 119, 87, 88, 89, 90, 91, 92, 93, 61, 62, 63, 31];
robot 2: node id: 374, goal id: 1, path: [342, 343, 344, 312, 280, 248, 249, 217, 185, 186, 187, 155, 123, 91, 92, 93, 94, 62];
robot 3: node id: 671, goal id: 1, path: [639, 607, 575, 543, 511, 479, 447, 415];
robot 4: node id: 910, goal id: 1, path: [];
robot 5: node id: 338, goal id: 1, path: [];
robot 6: node id: 596, goal id: 1, path: [];
robot 7: node id: 460, goal id: 1, path: [];
robot 8: node id: 717, goal id: 1, path: [];
robot 9: node id: 121, goal id: 1, path: [];

2025-11-08 17:39:18 - root - INFO - Round 2, Timestep 9: The robot states are:
robot 0: node id: 632, goal id: 1, path: [];
robot 1: node id: 279, goal id: 1, path: [247, 215, 183, 151, 119, 87, 88, 89, 90, 91, 92, 93, 61, 62, 63, 31];
robot 2: node id: 342, goal id: 1, path: [343, 344, 312, 280, 248, 249, 217, 185, 186, 187, 155, 123, 91, 92, 93, 94, 62];
robot 3: node id: 639, goal id: 1, path: [607, 575, 543, 511, 479, 447, 415];
robot 4: node id: 910, goal id: 1, path: [];
robot 5: node id: 338, goal id: 1, path: [];
robot 6: node id: 596, goal id: 1, path: [];
robot 7: node id: 460, goal id: 1, path: [];
robot 8: node id: 717, goal id: 1, path: [];
robot 9: node id: 121, goal id: 1, path: [];

2025-11-08 17:39:21 - root - INFO - Round 2, Timestep 10: The robot states are:
robot 0: node id: 632, goal id: 1, path: [];
robot 1: node id: 247, goal id: 1, path: [215, 183, 151, 119, 87, 88, 89, 90, 91, 92, 93, 61, 62, 63, 31];
robot 2: node id: 343, goal id: 1, path: [344, 312, 280, 248, 249, 217, 185, 186, 187, 155, 123, 91, 92, 93, 94, 62];
robot 3: node id: 607, goal id: 1, path: [575, 543, 511, 479, 447, 415];
robot 4: node id: 910, goal id: 1, path: [];
robot 5: node id: 338, goal id: 1, path: [];
robot 6: node id: 596, goal id: 1, path: [];
robot 7: node id: 460, goal id: 1, path: [];
robot 8: node id: 717, goal id: 1, path: [];
robot 9: node id: 121, goal id: 1, path: [];

2025-11-08 17:39:23 - root - INFO - Round 2, Timestep 11: The robot states are:
robot 0: node id: 632, goal id: 1, path: [];
robot 1: node id: 215, goal id: 1, path: [183, 151, 119, 87, 88, 89, 90, 91, 92, 93, 61, 62, 63, 31];
robot 2: node id: 344, goal id: 1, path: [312, 280, 248, 249, 217, 185, 186, 187, 155, 123, 91, 92, 93, 94, 62];
robot 3: node id: 575, goal id: 1, path: [543, 511, 479, 447, 415];
robot 4: node id: 910, goal id: 1, path: [];
robot 5: node id: 338, goal id: 1, path: [];
robot 6: node id: 596, goal id: 1, path: [];
robot 7: node id: 460, goal id: 1, path: [];
robot 8: node id: 717, goal id: 1, path: [];
robot 9: node id: 121, goal id: 1, path: [];

2025-11-08 17:39:25 - root - INFO - Round 2, Timestep 12: The robot states are:
robot 0: node id: 632, goal id: 1, path: [];
robot 1: node id: 183, goal id: 1, path: [151, 119, 87, 88, 89, 90, 91, 92, 93, 61, 62, 63, 31];
robot 2: node id: 312, goal id: 1, path: [280, 248, 249, 217, 185, 186, 187, 155, 123, 91, 92, 93, 94, 62];
robot 3: node id: 543, goal id: 1, path: [511, 479, 447, 415];
robot 4: node id: 910, goal id: 1, path: [];
robot 5: node id: 338, goal id: 1, path: [];
robot 6: node id: 596, goal id: 1, path: [];
robot 7: node id: 460, goal id: 1, path: [];
robot 8: node id: 717, goal id: 1, path: [];
robot 9: node id: 121, goal id: 1, path: [];

2025-11-08 17:39:28 - root - INFO - Round 2, Timestep 13: The robot states are:
robot 0: node id: 632, goal id: 1, path: [];
robot 1: node id: 151, goal id: 1, path: [119, 87, 88, 89, 90, 91, 92, 93, 61, 62, 63, 31];
robot 2: node id: 280, goal id: 1, path: [248, 249, 217, 185, 186, 187, 155, 123, 91, 92, 93, 94, 62];
robot 3: node id: 511, goal id: 1, path: [479, 447, 415];
robot 4: node id: 910, goal id: 1, path: [];
robot 5: node id: 338, goal id: 1, path: [];
robot 6: node id: 596, goal id: 1, path: [];
robot 7: node id: 460, goal id: 1, path: [];
robot 8: node id: 717, goal id: 1, path: [];
robot 9: node id: 121, goal id: 1, path: [];

2025-11-08 17:39:30 - root - INFO - Round 2, Timestep 14: The robot states are:
robot 0: node id: 632, goal id: 1, path: [];
robot 1: node id: 119, goal id: 1, path: [87, 88, 89, 90, 91, 92, 93, 61, 62, 63, 31];
robot 2: node id: 248, goal id: 1, path: [249, 217, 185, 186, 187, 155, 123, 91, 92, 93, 94, 62];
robot 3: node id: 479, goal id: 1, path: [447, 415];
robot 4: node id: 910, goal id: 1, path: [];
robot 5: node id: 338, goal id: 1, path: [];
robot 6: node id: 596, goal id: 1, path: [];
robot 7: node id: 460, goal id: 1, path: [];
robot 8: node id: 717, goal id: 1, path: [];
robot 9: node id: 121, goal id: 1, path: [];

2025-11-08 17:39:33 - root - INFO - Round 2, Timestep 15: The robot states are:
robot 0: node id: 632, goal id: 1, path: [];
robot 1: node id: 87, goal id: 1, path: [88, 89, 90, 91, 92, 93, 61, 62, 63, 31];
robot 2: node id: 249, goal id: 1, path: [217, 185, 186, 187, 155, 123, 91, 92, 93, 94, 62];
robot 3: node id: 447, goal id: 1, path: [415];
robot 4: node id: 910, goal id: 1, path: [];
robot 5: node id: 338, goal id: 1, path: [];
robot 6: node id: 596, goal id: 1, path: [];
robot 7: node id: 460, goal id: 1, path: [];
robot 8: node id: 717, goal id: 1, path: [];
robot 9: node id: 121, goal id: 1, path: [];

2025-11-08 17:39:36 - root - INFO - Round 2, Timestep 16: The robot states are:
robot 0: node id: 632, goal id: 1, path: [];
robot 1: node id: 88, goal id: 1, path: [89, 90, 91, 92, 93, 61, 62, 63, 31];
robot 2: node id: 217, goal id: 1, path: [185, 186, 187, 155, 123, 91, 92, 93, 94, 62];
robot 3: node id: 415, goal id: 1, path: [];
robot 4: node id: 910, goal id: 1, path: [];
robot 5: node id: 338, goal id: 1, path: [];
robot 6: node id: 596, goal id: 1, path: [];
robot 7: node id: 460, goal id: 1, path: [];
robot 8: node id: 717, goal id: 1, path: [];
robot 9: node id: 121, goal id: 1, path: [];

2025-11-08 17:39:38 - root - INFO - Round 2, Timestep 17: The robot states are:
robot 0: node id: 632, goal id: 1, path: [];
robot 1: node id: 89, goal id: 1, path: [90, 91, 92, 93, 61, 62, 63, 31];
robot 2: node id: 185, goal id: 1, path: [186, 187, 155, 123, 91, 92, 93, 94, 62];
robot 3: node id: 415, goal id: 1, path: [];
robot 4: node id: 910, goal id: 1, path: [];
robot 5: node id: 338, goal id: 1, path: [];
robot 6: node id: 596, goal id: 1, path: [];
robot 7: node id: 460, goal id: 1, path: [];
robot 8: node id: 717, goal id: 1, path: [];
robot 9: node id: 121, goal id: 1, path: [];

2025-11-08 17:39:41 - root - INFO - Round 2, Timestep 18: The robot states are:
robot 0: node id: 632, goal id: 1, path: [];
robot 1: node id: 90, goal id: 1, path: [91, 92, 93, 61, 62, 63, 31];
robot 2: node id: 186, goal id: 1, path: [187, 155, 123, 91, 92, 93, 94, 62];
robot 3: node id: 415, goal id: 1, path: [];
robot 4: node id: 910, goal id: 1, path: [];
robot 5: node id: 338, goal id: 1, path: [];
robot 6: node id: 596, goal id: 1, path: [];
robot 7: node id: 460, goal id: 1, path: [];
robot 8: node id: 717, goal id: 1, path: [];
robot 9: node id: 121, goal id: 1, path: [];

2025-11-08 17:39:44 - root - INFO - Round 2, Timestep 19: The robot states are:
robot 0: node id: 632, goal id: 1, path: [];
robot 1: node id: 91, goal id: 1, path: [92, 93, 61, 62, 63, 31];
robot 2: node id: 187, goal id: 1, path: [155, 123, 91, 92, 93, 94, 62];
robot 3: node id: 415, goal id: 1, path: [];
robot 4: node id: 910, goal id: 1, path: [];
robot 5: node id: 338, goal id: 1, path: [];
robot 6: node id: 596, goal id: 1, path: [];
robot 7: node id: 460, goal id: 1, path: [];
robot 8: node id: 717, goal id: 1, path: [];
robot 9: node id: 121, goal id: 1, path: [];

2025-11-08 17:39:47 - root - INFO - Round 2, Timestep 20: The robot states are:
robot 0: node id: 632, goal id: 1, path: [];
robot 1: node id: 92, goal id: 1, path: [93, 61, 62, 63, 31];
robot 2: node id: 155, goal id: 1, path: [123, 91, 92, 93, 94, 62];
robot 3: node id: 415, goal id: 1, path: [];
robot 4: node id: 910, goal id: 1, path: [];
robot 5: node id: 338, goal id: 1, path: [];
robot 6: node id: 596, goal id: 1, path: [];
robot 7: node id: 460, goal id: 1, path: [];
robot 8: node id: 717, goal id: 1, path: [];
robot 9: node id: 121, goal id: 1, path: [];

2025-11-08 17:39:49 - root - INFO - Round 2, Timestep 21: The robot states are:
robot 0: node id: 632, goal id: 1, path: [];
robot 1: node id: 93, goal id: 1, path: [61, 62, 63, 31];
robot 2: node id: 123, goal id: 1, path: [91, 92, 93, 94, 62];
robot 3: node id: 415, goal id: 1, path: [];
robot 4: node id: 910, goal id: 1, path: [];
robot 5: node id: 338, goal id: 1, path: [];
robot 6: node id: 596, goal id: 1, path: [];
robot 7: node id: 460, goal id: 1, path: [];
robot 8: node id: 717, goal id: 1, path: [];
robot 9: node id: 121, goal id: 1, path: [];

2025-11-08 17:39:52 - root - INFO - Round 2, Timestep 22: The robot states are:
robot 0: node id: 632, goal id: 1, path: [];
robot 1: node id: 61, goal id: 1, path: [62, 63, 31];
robot 2: node id: 91, goal id: 1, path: [92, 93, 94, 62];
robot 3: node id: 415, goal id: 1, path: [];
robot 4: node id: 910, goal id: 1, path: [];
robot 5: node id: 338, goal id: 1, path: [];
robot 6: node id: 596, goal id: 1, path: [];
robot 7: node id: 460, goal id: 1, path: [];
robot 8: node id: 717, goal id: 1, path: [];
robot 9: node id: 121, goal id: 1, path: [];

2025-11-08 17:39:55 - root - INFO - Round 2, Timestep 23: The robot states are:
robot 0: node id: 632, goal id: 1, path: [];
robot 1: node id: 62, goal id: 1, path: [63, 31];
robot 2: node id: 92, goal id: 1, path: [93, 94, 62];
robot 3: node id: 415, goal id: 1, path: [];
robot 4: node id: 910, goal id: 1, path: [];
robot 5: node id: 338, goal id: 1, path: [];
robot 6: node id: 596, goal id: 1, path: [];
robot 7: node id: 460, goal id: 1, path: [];
robot 8: node id: 717, goal id: 1, path: [];
robot 9: node id: 121, goal id: 1, path: [];

2025-11-08 17:39:57 - root - INFO - Round 2, Timestep 24: The robot states are:
robot 0: node id: 632, goal id: 1, path: [];
robot 1: node id: 63, goal id: 1, path: [31];
robot 2: node id: 93, goal id: 1, path: [94, 62];
robot 3: node id: 415, goal id: 1, path: [];
robot 4: node id: 910, goal id: 1, path: [];
robot 5: node id: 338, goal id: 1, path: [];
robot 6: node id: 596, goal id: 1, path: [];
robot 7: node id: 460, goal id: 1, path: [];
robot 8: node id: 717, goal id: 1, path: [];
robot 9: node id: 121, goal id: 1, path: [];

2025-11-08 17:40:00 - root - INFO - Round 2, Timestep 25: The robot states are:
robot 0: node id: 632, goal id: 1, path: [];
robot 1: node id: 31, goal id: 1, path: [];
robot 2: node id: 94, goal id: 1, path: [62];
robot 3: node id: 415, goal id: 1, path: [];
robot 4: node id: 910, goal id: 1, path: [];
robot 5: node id: 338, goal id: 1, path: [];
robot 6: node id: 596, goal id: 1, path: [];
robot 7: node id: 460, goal id: 1, path: [];
robot 8: node id: 717, goal id: 1, path: [];
robot 9: node id: 121, goal id: 1, path: [];

