2025-11-10 11:20:41 - root - INFO - Round 0, Timestep 0: The robot states are:
robot 0: node id: 390, goal id: 422, path: [390, 422];
robot 1: node id: 186, goal id: 87, path: [186, 154, 153, 152, 120, 119, 87];
robot 2: node id: 568, goal id: 502, path: [568, 536, 535, 534, 502];
robot 3: node id: 574, goal id: 766, path: [574, 606, 638, 670, 702, 734, 766];
robot 4: node id: 969, goal id: 873, path: [969, 937, 905, 873];
robot 5: node id: 78, goal id: 308, path: [78, 79, 80, 112, 113, 145, 177, 209, 241, 242, 274, 275, 276, 308];
robot 6: node id: 86, goal id: 118, path: [86, 118];
robot 7: node id: 170, goal id: 298, path: [170, 202, 234, 266, 298];
robot 8: node id: 402, goal id: 369, path: [402, 370, 369];
robot 9: node id: 320, goal id: 388, path: [320, 321, 322, 354, 355, 387, 388];

2025-11-10 11:20:44 - root - INFO - Round 0, Timestep 1: The robot states are:
robot 0: node id: 390, goal id: 422, path: [422];
robot 1: node id: 186, goal id: 87, path: [154, 153, 152, 120, 119, 87];
robot 2: node id: 568, goal id: 502, path: [536, 535, 534, 502];
robot 3: node id: 574, goal id: 766, path: [606, 638, 670, 702, 734, 766];
robot 4: node id: 969, goal id: 873, path: [937, 905, 873];
robot 5: node id: 78, goal id: 308, path: [79, 80, 112, 113, 145, 177, 209, 241, 242, 274, 275, 276, 308];
robot 6: node id: 86, goal id: 118, path: [118];
robot 7: node id: 170, goal id: 298, path: [202, 234, 266, 298];
robot 8: node id: 402, goal id: 369, path: [370, 369];
robot 9: node id: 320, goal id: 388, path: [321, 322, 354, 355, 387, 388];

2025-11-10 11:20:46 - root - INFO - Round 0, Timestep 2: The robot states are:
robot 0: node id: 422, goal id: 422, path: [];
robot 1: node id: 154, goal id: 87, path: [153, 152, 120, 119, 87];
robot 2: node id: 536, goal id: 502, path: [535, 534, 502];
robot 3: node id: 606, goal id: 766, path: [638, 670, 702, 734, 766];
robot 4: node id: 937, goal id: 873, path: [905, 873];
robot 5: node id: 79, goal id: 308, path: [80, 112, 113, 145, 177, 209, 241, 242, 274, 275, 276, 308];
robot 6: node id: 118, goal id: 118, path: [];
robot 7: node id: 202, goal id: 298, path: [234, 266, 298];
robot 8: node id: 370, goal id: 369, path: [369];
robot 9: node id: 321, goal id: 388, path: [322, 354, 355, 387, 388];

2025-11-10 11:20:49 - root - INFO - Round 0, Timestep 3: The robot states are:
robot 0: node id: 422, goal id: 422, path: [];
robot 1: node id: 153, goal id: 87, path: [152, 120, 119, 87];
robot 2: node id: 535, goal id: 502, path: [534, 502];
robot 3: node id: 638, goal id: 766, path: [670, 702, 734, 766];
robot 4: node id: 905, goal id: 873, path: [873];
robot 5: node id: 80, goal id: 308, path: [112, 113, 145, 177, 209, 241, 242, 274, 275, 276, 308];
robot 6: node id: 118, goal id: 118, path: [];
robot 7: node id: 234, goal id: 298, path: [266, 298];
robot 8: node id: 369, goal id: 369, path: [];
robot 9: node id: 322, goal id: 388, path: [354, 355, 387, 388];

2025-11-10 11:20:51 - root - INFO - Round 0, Timestep 4: The robot states are:
robot 0: node id: 422, goal id: 422, path: [];
robot 1: node id: 152, goal id: 87, path: [120, 119, 87];
robot 2: node id: 534, goal id: 502, path: [502];
robot 3: node id: 670, goal id: 766, path: [702, 734, 766];
robot 4: node id: 873, goal id: 873, path: [];
robot 5: node id: 112, goal id: 308, path: [113, 145, 177, 209, 241, 242, 274, 275, 276, 308];
robot 6: node id: 118, goal id: 118, path: [];
robot 7: node id: 266, goal id: 298, path: [298];
robot 8: node id: 369, goal id: 369, path: [];
robot 9: node id: 354, goal id: 388, path: [355, 387, 388];

2025-11-10 11:20:54 - root - INFO - Round 0, Timestep 5: The robot states are:
robot 0: node id: 422, goal id: 422, path: [];
robot 1: node id: 120, goal id: 87, path: [119, 87];
robot 2: node id: 502, goal id: 502, path: [];
robot 3: node id: 702, goal id: 766, path: [734, 766];
robot 4: node id: 873, goal id: 873, path: [];
robot 5: node id: 113, goal id: 308, path: [145, 177, 209, 241, 242, 274, 275, 276, 308];
robot 6: node id: 118, goal id: 118, path: [];
robot 7: node id: 298, goal id: 298, path: [];
robot 8: node id: 369, goal id: 369, path: [];
robot 9: node id: 355, goal id: 388, path: [387, 388];

2025-11-10 11:20:56 - root - INFO - Round 0, Timestep 6: The robot states are:
robot 0: node id: 422, goal id: 422, path: [];
robot 1: node id: 119, goal id: 87, path: [87];
robot 2: node id: 502, goal id: 502, path: [];
robot 3: node id: 734, goal id: 766, path: [766];
robot 4: node id: 873, goal id: 873, path: [];
robot 5: node id: 145, goal id: 308, path: [177, 209, 241, 242, 274, 275, 276, 308];
robot 6: node id: 118, goal id: 118, path: [];
robot 7: node id: 298, goal id: 298, path: [];
robot 8: node id: 369, goal id: 369, path: [];
robot 9: node id: 387, goal id: 388, path: [388];

2025-11-10 11:20:59 - root - INFO - Round 0, Timestep 7: The robot states are:
robot 0: node id: 422, goal id: 422, path: [];
robot 1: node id: 87, goal id: 87, path: [];
robot 2: node id: 502, goal id: 502, path: [];
robot 3: node id: 766, goal id: 766, path: [];
robot 4: node id: 873, goal id: 873, path: [];
robot 5: node id: 177, goal id: 308, path: [209, 241, 242, 274, 275, 276, 308];
robot 6: node id: 118, goal id: 118, path: [];
robot 7: node id: 298, goal id: 298, path: [];
robot 8: node id: 369, goal id: 369, path: [];
robot 9: node id: 388, goal id: 388, path: [];

2025-11-10 11:21:01 - root - INFO - Round 0, Timestep 8: The robot states are:
robot 0: node id: 422, goal id: 422, path: [];
robot 1: node id: 87, goal id: 87, path: [];
robot 2: node id: 502, goal id: 502, path: [];
robot 3: node id: 766, goal id: 766, path: [];
robot 4: node id: 873, goal id: 873, path: [];
robot 5: node id: 209, goal id: 308, path: [241, 242, 274, 275, 276, 308];
robot 6: node id: 118, goal id: 118, path: [];
robot 7: node id: 298, goal id: 298, path: [];
robot 8: node id: 369, goal id: 369, path: [];
robot 9: node id: 388, goal id: 388, path: [];

2025-11-10 11:21:04 - root - INFO - Round 0, Timestep 9: The robot states are:
robot 0: node id: 422, goal id: 422, path: [];
robot 1: node id: 87, goal id: 87, path: [];
robot 2: node id: 502, goal id: 502, path: [];
robot 3: node id: 766, goal id: 766, path: [];
robot 4: node id: 873, goal id: 873, path: [];
robot 5: node id: 241, goal id: 308, path: [242, 274, 275, 276, 308];
robot 6: node id: 118, goal id: 118, path: [];
robot 7: node id: 298, goal id: 298, path: [];
robot 8: node id: 369, goal id: 369, path: [];
robot 9: node id: 388, goal id: 388, path: [];

2025-11-10 11:21:06 - root - INFO - Round 0, Timestep 10: The robot states are:
robot 0: node id: 422, goal id: 422, path: [];
robot 1: node id: 87, goal id: 87, path: [];
robot 2: node id: 502, goal id: 502, path: [];
robot 3: node id: 766, goal id: 766, path: [];
robot 4: node id: 873, goal id: 873, path: [];
robot 5: node id: 242, goal id: 308, path: [274, 275, 276, 308];
robot 6: node id: 118, goal id: 118, path: [];
robot 7: node id: 298, goal id: 298, path: [];
robot 8: node id: 369, goal id: 369, path: [];
robot 9: node id: 388, goal id: 388, path: [];

2025-11-10 11:21:09 - root - INFO - Round 0, Timestep 11: The robot states are:
robot 0: node id: 422, goal id: 422, path: [];
robot 1: node id: 87, goal id: 87, path: [];
robot 2: node id: 502, goal id: 502, path: [];
robot 3: node id: 766, goal id: 766, path: [];
robot 4: node id: 873, goal id: 873, path: [];
robot 5: node id: 274, goal id: 308, path: [275, 276, 308];
robot 6: node id: 118, goal id: 118, path: [];
robot 7: node id: 298, goal id: 298, path: [];
robot 8: node id: 369, goal id: 369, path: [];
robot 9: node id: 388, goal id: 388, path: [];

2025-11-10 11:21:11 - root - INFO - Round 0, Timestep 12: The robot states are:
robot 0: node id: 422, goal id: 422, path: [];
robot 1: node id: 87, goal id: 87, path: [];
robot 2: node id: 502, goal id: 502, path: [];
robot 3: node id: 766, goal id: 766, path: [];
robot 4: node id: 873, goal id: 873, path: [];
robot 5: node id: 275, goal id: 308, path: [276, 308];
robot 6: node id: 118, goal id: 118, path: [];
robot 7: node id: 298, goal id: 298, path: [];
robot 8: node id: 369, goal id: 369, path: [];
robot 9: node id: 388, goal id: 388, path: [];

2025-11-10 11:21:14 - root - INFO - Round 0, Timestep 13: The robot states are:
robot 0: node id: 422, goal id: 422, path: [];
robot 1: node id: 87, goal id: 87, path: [];
robot 2: node id: 502, goal id: 502, path: [];
robot 3: node id: 766, goal id: 766, path: [];
robot 4: node id: 873, goal id: 873, path: [];
robot 5: node id: 276, goal id: 308, path: [308];
robot 6: node id: 118, goal id: 118, path: [];
robot 7: node id: 298, goal id: 298, path: [];
robot 8: node id: 369, goal id: 369, path: [];
robot 9: node id: 388, goal id: 388, path: [];

2025-11-10 11:21:21 - root - INFO - Round 1, Timestep 0: The robot states are:
robot 0: node id: 422, goal id: 548, path: [422, 454, 486, 518, 517, 516, 548];
robot 1: node id: 87, goal id: 381, path: [87, 88, 120, 121, 153, 185, 217, 249, 281, 282, 283, 315, 347, 379, 380, 381];
robot 2: node id: 502, goal id: 728, path: [502, 534, 566, 598, 630, 662, 694, 695, 727, 728];
robot 3: node id: 766, goal id: 988, path: [766, 765, 797, 829, 861, 860, 892, 924, 956, 988];
robot 4: node id: 873, goal id: 838, path: [873, 872, 871, 839, 838];
robot 5: node id: 308, goal id: 690, path: [308, 340, 372, 404, 403, 435, 467, 499, 531, 563, 595, 594, 626, 658, 690];
robot 6: node id: 118, goal id: 723, path: [118, 150, 182, 181, 213, 245, 277, 309, 341, 373, 405, 437, 469, 501, 533, 565, 564, 563, 595, 627, 659, 691, 723];
robot 7: node id: 298, goal id: 161, path: [298, 297, 296, 295, 294, 262, 230, 229, 228, 227, 195, 163, 162, 161];
robot 8: node id: 369, goal id: 559, path: [369, 401, 433, 465, 464, 496, 528, 560, 559];
robot 9: node id: 388, goal id: 611, path: [388, 389, 421, 453, 485, 517, 516, 548, 547, 579, 611];

2025-11-10 11:21:23 - root - INFO - Round 1, Timestep 1: The robot states are:
robot 0: node id: 422, goal id: 548, path: [454, 486, 518, 517, 516, 548];
robot 1: node id: 87, goal id: 381, path: [88, 120, 121, 153, 185, 217, 249, 281, 282, 283, 315, 347, 379, 380, 381];
robot 2: node id: 502, goal id: 728, path: [534, 566, 598, 630, 662, 694, 695, 727, 728];
robot 3: node id: 766, goal id: 988, path: [765, 797, 829, 861, 860, 892, 924, 956, 988];
robot 4: node id: 873, goal id: 838, path: [872, 871, 839, 838];
robot 5: node id: 308, goal id: 690, path: [340, 372, 404, 403, 435, 467, 499, 531, 563, 595, 594, 626, 658, 690];
robot 6: node id: 118, goal id: 723, path: [150, 182, 181, 213, 245, 277, 309, 341, 373, 405, 437, 469, 501, 533, 565, 564, 563, 595, 627, 659, 691, 723];
robot 7: node id: 298, goal id: 161, path: [297, 296, 295, 294, 262, 230, 229, 228, 227, 195, 163, 162, 161];
robot 8: node id: 369, goal id: 559, path: [401, 433, 465, 464, 496, 528, 560, 559];
robot 9: node id: 388, goal id: 611, path: [389, 421, 453, 485, 517, 516, 548, 547, 579, 611];

2025-11-10 11:21:26 - root - INFO - Round 1, Timestep 2: The robot states are:
robot 0: node id: 454, goal id: 548, path: [486, 518, 517, 516, 548];
robot 1: node id: 88, goal id: 381, path: [120, 121, 153, 185, 217, 249, 281, 282, 283, 315, 347, 379, 380, 381];
robot 2: node id: 534, goal id: 728, path: [566, 598, 630, 662, 694, 695, 727, 728];
robot 3: node id: 765, goal id: 988, path: [797, 829, 861, 860, 892, 924, 956, 988];
robot 4: node id: 872, goal id: 838, path: [871, 839, 838];
robot 5: node id: 340, goal id: 690, path: [372, 404, 403, 435, 467, 499, 531, 563, 595, 594, 626, 658, 690];
robot 6: node id: 150, goal id: 723, path: [182, 181, 213, 245, 277, 309, 341, 373, 405, 437, 469, 501, 533, 565, 564, 563, 595, 627, 659, 691, 723];
robot 7: node id: 297, goal id: 161, path: [296, 295, 294, 262, 230, 229, 228, 227, 195, 163, 162, 161];
robot 8: node id: 401, goal id: 559, path: [433, 465, 464, 496, 528, 560, 559];
robot 9: node id: 389, goal id: 611, path: [421, 453, 485, 517, 516, 548, 547, 579, 611];

2025-11-10 11:21:29 - root - INFO - Round 1, Timestep 3: The robot states are:
robot 0: node id: 486, goal id: 548, path: [518, 517, 516, 548];
robot 1: node id: 120, goal id: 381, path: [121, 153, 185, 217, 249, 281, 282, 283, 315, 347, 379, 380, 381];
robot 2: node id: 566, goal id: 728, path: [598, 630, 662, 694, 695, 727, 728];
robot 3: node id: 797, goal id: 988, path: [829, 861, 860, 892, 924, 956, 988];
robot 4: node id: 871, goal id: 838, path: [839, 838];
robot 5: node id: 372, goal id: 690, path: [404, 403, 435, 467, 499, 531, 563, 595, 594, 626, 658, 690];
robot 6: node id: 182, goal id: 723, path: [181, 213, 245, 277, 309, 341, 373, 405, 437, 469, 501, 533, 565, 564, 563, 595, 627, 659, 691, 723];
robot 7: node id: 296, goal id: 161, path: [295, 294, 262, 230, 229, 228, 227, 195, 163, 162, 161];
robot 8: node id: 433, goal id: 559, path: [465, 464, 496, 528, 560, 559];
robot 9: node id: 421, goal id: 611, path: [453, 485, 517, 516, 548, 547, 579, 611];

2025-11-10 11:21:31 - root - INFO - Round 1, Timestep 4: The robot states are:
robot 0: node id: 518, goal id: 548, path: [517, 516, 548];
robot 1: node id: 121, goal id: 381, path: [153, 185, 217, 249, 281, 282, 283, 315, 347, 379, 380, 381];
robot 2: node id: 598, goal id: 728, path: [630, 662, 694, 695, 727, 728];
robot 3: node id: 829, goal id: 988, path: [861, 860, 892, 924, 956, 988];
robot 4: node id: 839, goal id: 838, path: [838];
robot 5: node id: 404, goal id: 690, path: [403, 435, 467, 499, 531, 563, 595, 594, 626, 658, 690];
robot 6: node id: 181, goal id: 723, path: [213, 245, 277, 309, 341, 373, 405, 437, 469, 501, 533, 565, 564, 563, 595, 627, 659, 691, 723];
robot 7: node id: 295, goal id: 161, path: [294, 262, 230, 229, 228, 227, 195, 163, 162, 161];
robot 8: node id: 465, goal id: 559, path: [464, 496, 528, 560, 559];
robot 9: node id: 453, goal id: 611, path: [485, 517, 516, 548, 547, 579, 611];

2025-11-10 11:21:34 - root - INFO - Round 1, Timestep 5: The robot states are:
robot 0: node id: 517, goal id: 548, path: [516, 548];
robot 1: node id: 153, goal id: 381, path: [185, 217, 249, 281, 282, 283, 315, 347, 379, 380, 381];
robot 2: node id: 630, goal id: 728, path: [662, 694, 695, 727, 728];
robot 3: node id: 861, goal id: 988, path: [860, 892, 924, 956, 988];
robot 4: node id: 838, goal id: 838, path: [];
robot 5: node id: 403, goal id: 690, path: [435, 467, 499, 531, 563, 595, 594, 626, 658, 690];
robot 6: node id: 213, goal id: 723, path: [245, 277, 309, 341, 373, 405, 437, 469, 501, 533, 565, 564, 563, 595, 627, 659, 691, 723];
robot 7: node id: 294, goal id: 161, path: [262, 230, 229, 228, 227, 195, 163, 162, 161];
robot 8: node id: 464, goal id: 559, path: [496, 528, 560, 559];
robot 9: node id: 485, goal id: 611, path: [517, 516, 548, 547, 579, 611];

2025-11-10 11:21:36 - root - INFO - Round 1, Timestep 6: The robot states are:
robot 0: node id: 516, goal id: 548, path: [548];
robot 1: node id: 185, goal id: 381, path: [217, 249, 281, 282, 283, 315, 347, 379, 380, 381];
robot 2: node id: 662, goal id: 728, path: [694, 695, 727, 728];
robot 3: node id: 860, goal id: 988, path: [892, 924, 956, 988];
robot 4: node id: 838, goal id: 838, path: [];
robot 5: node id: 435, goal id: 690, path: [467, 499, 531, 563, 595, 594, 626, 658, 690];
robot 6: node id: 245, goal id: 723, path: [277, 309, 341, 373, 405, 437, 469, 501, 533, 565, 564, 563, 595, 627, 659, 691, 723];
robot 7: node id: 262, goal id: 161, path: [230, 229, 228, 227, 195, 163, 162, 161];
robot 8: node id: 496, goal id: 559, path: [528, 560, 559];
robot 9: node id: 517, goal id: 611, path: [516, 548, 547, 579, 611];

2025-11-10 11:21:39 - root - INFO - Round 1, Timestep 7: The robot states are:
robot 0: node id: 548, goal id: 548, path: [];
robot 1: node id: 217, goal id: 381, path: [249, 281, 282, 283, 315, 347, 379, 380, 381];
robot 2: node id: 694, goal id: 728, path: [695, 727, 728];
robot 3: node id: 892, goal id: 988, path: [924, 956, 988];
robot 4: node id: 838, goal id: 838, path: [];
robot 5: node id: 467, goal id: 690, path: [499, 531, 563, 595, 594, 626, 658, 690];
robot 6: node id: 277, goal id: 723, path: [309, 341, 373, 405, 437, 469, 501, 533, 565, 564, 563, 595, 627, 659, 691, 723];
robot 7: node id: 230, goal id: 161, path: [229, 228, 227, 195, 163, 162, 161];
robot 8: node id: 528, goal id: 559, path: [560, 559];
robot 9: node id: 516, goal id: 611, path: [548, 547, 579, 611];

2025-11-10 11:21:41 - root - INFO - Round 1, Timestep 8: The robot states are:
robot 0: node id: 548, goal id: 548, path: [];
robot 1: node id: 249, goal id: 381, path: [281, 282, 283, 315, 347, 379, 380, 381];
robot 2: node id: 695, goal id: 728, path: [727, 728];
robot 3: node id: 924, goal id: 988, path: [956, 988];
robot 4: node id: 838, goal id: 838, path: [];
robot 5: node id: 499, goal id: 690, path: [531, 563, 595, 594, 626, 658, 690];
robot 6: node id: 309, goal id: 723, path: [341, 373, 405, 437, 469, 501, 533, 565, 564, 563, 595, 627, 659, 691, 723];
robot 7: node id: 229, goal id: 161, path: [228, 227, 195, 163, 162, 161];
robot 8: node id: 560, goal id: 559, path: [559];
robot 9: node id: 548, goal id: 611, path: [547, 579, 611];

2025-11-10 11:21:44 - root - INFO - Round 1, Timestep 9: The robot states are:
robot 0: node id: 548, goal id: 548, path: [];
robot 1: node id: 281, goal id: 381, path: [282, 283, 315, 347, 379, 380, 381];
robot 2: node id: 727, goal id: 728, path: [728];
robot 3: node id: 956, goal id: 988, path: [988];
robot 4: node id: 838, goal id: 838, path: [];
robot 5: node id: 531, goal id: 690, path: [563, 595, 594, 626, 658, 690];
robot 6: node id: 341, goal id: 723, path: [373, 405, 437, 469, 501, 533, 565, 564, 563, 595, 627, 659, 691, 723];
robot 7: node id: 228, goal id: 161, path: [227, 195, 163, 162, 161];
robot 8: node id: 559, goal id: 559, path: [];
robot 9: node id: 547, goal id: 611, path: [579, 611];

2025-11-10 11:21:46 - root - INFO - Round 1, Timestep 10: The robot states are:
robot 0: node id: 548, goal id: 548, path: [];
robot 1: node id: 282, goal id: 381, path: [283, 315, 347, 379, 380, 381];
robot 2: node id: 728, goal id: 728, path: [];
robot 3: node id: 988, goal id: 988, path: [];
robot 4: node id: 838, goal id: 838, path: [];
robot 5: node id: 563, goal id: 690, path: [595, 594, 626, 658, 690];
robot 6: node id: 373, goal id: 723, path: [405, 437, 469, 501, 533, 565, 564, 563, 595, 627, 659, 691, 723];
robot 7: node id: 227, goal id: 161, path: [195, 163, 162, 161];
robot 8: node id: 559, goal id: 559, path: [];
robot 9: node id: 579, goal id: 611, path: [611];

2025-11-10 11:21:49 - root - INFO - Round 1, Timestep 11: The robot states are:
robot 0: node id: 548, goal id: 548, path: [];
robot 1: node id: 283, goal id: 381, path: [315, 347, 379, 380, 381];
robot 2: node id: 728, goal id: 728, path: [];
robot 3: node id: 988, goal id: 988, path: [];
robot 4: node id: 838, goal id: 838, path: [];
robot 5: node id: 595, goal id: 690, path: [594, 626, 658, 690];
robot 6: node id: 405, goal id: 723, path: [437, 469, 501, 533, 565, 564, 563, 595, 627, 659, 691, 723];
robot 7: node id: 195, goal id: 161, path: [163, 162, 161];
robot 8: node id: 559, goal id: 559, path: [];
robot 9: node id: 611, goal id: 611, path: [];

2025-11-10 11:21:51 - root - INFO - Round 1, Timestep 12: The robot states are:
robot 0: node id: 548, goal id: 548, path: [];
robot 1: node id: 315, goal id: 381, path: [347, 379, 380, 381];
robot 2: node id: 728, goal id: 728, path: [];
robot 3: node id: 988, goal id: 988, path: [];
robot 4: node id: 838, goal id: 838, path: [];
robot 5: node id: 594, goal id: 690, path: [626, 658, 690];
robot 6: node id: 437, goal id: 723, path: [469, 501, 533, 565, 564, 563, 595, 627, 659, 691, 723];
robot 7: node id: 163, goal id: 161, path: [162, 161];
robot 8: node id: 559, goal id: 559, path: [];
robot 9: node id: 611, goal id: 611, path: [];

2025-11-10 11:21:53 - root - INFO - Round 1, Timestep 13: The robot states are:
robot 0: node id: 548, goal id: 548, path: [];
robot 1: node id: 347, goal id: 381, path: [379, 380, 381];
robot 2: node id: 728, goal id: 728, path: [];
robot 3: node id: 988, goal id: 988, path: [];
robot 4: node id: 838, goal id: 838, path: [];
robot 5: node id: 626, goal id: 690, path: [658, 690];
robot 6: node id: 469, goal id: 723, path: [501, 533, 565, 564, 563, 595, 627, 659, 691, 723];
robot 7: node id: 162, goal id: 161, path: [161];
robot 8: node id: 559, goal id: 559, path: [];
robot 9: node id: 611, goal id: 611, path: [];

2025-11-10 11:21:56 - root - INFO - Round 1, Timestep 14: The robot states are:
robot 0: node id: 548, goal id: 548, path: [];
robot 1: node id: 379, goal id: 381, path: [380, 381];
robot 2: node id: 728, goal id: 728, path: [];
robot 3: node id: 988, goal id: 988, path: [];
robot 4: node id: 838, goal id: 838, path: [];
robot 5: node id: 658, goal id: 690, path: [690];
robot 6: node id: 501, goal id: 723, path: [533, 565, 564, 563, 595, 627, 659, 691, 723];
robot 7: node id: 161, goal id: 161, path: [];
robot 8: node id: 559, goal id: 559, path: [];
robot 9: node id: 611, goal id: 611, path: [];

2025-11-10 11:21:58 - root - INFO - Round 1, Timestep 15: The robot states are:
robot 0: node id: 548, goal id: 548, path: [];
robot 1: node id: 380, goal id: 381, path: [381];
robot 2: node id: 728, goal id: 728, path: [];
robot 3: node id: 988, goal id: 988, path: [];
robot 4: node id: 838, goal id: 838, path: [];
robot 5: node id: 690, goal id: 690, path: [];
robot 6: node id: 533, goal id: 723, path: [565, 564, 563, 595, 627, 659, 691, 723];
robot 7: node id: 161, goal id: 161, path: [];
robot 8: node id: 559, goal id: 559, path: [];
robot 9: node id: 611, goal id: 611, path: [];

2025-11-10 11:22:01 - root - INFO - Round 1, Timestep 16: The robot states are:
robot 0: node id: 548, goal id: 548, path: [];
robot 1: node id: 381, goal id: 381, path: [];
robot 2: node id: 728, goal id: 728, path: [];
robot 3: node id: 988, goal id: 988, path: [];
robot 4: node id: 838, goal id: 838, path: [];
robot 5: node id: 690, goal id: 690, path: [];
robot 6: node id: 565, goal id: 723, path: [564, 563, 595, 627, 659, 691, 723];
robot 7: node id: 161, goal id: 161, path: [];
robot 8: node id: 559, goal id: 559, path: [];
robot 9: node id: 611, goal id: 611, path: [];

2025-11-10 11:22:03 - root - INFO - Round 1, Timestep 17: The robot states are:
robot 0: node id: 548, goal id: 548, path: [];
robot 1: node id: 381, goal id: 381, path: [];
robot 2: node id: 728, goal id: 728, path: [];
robot 3: node id: 988, goal id: 988, path: [];
robot 4: node id: 838, goal id: 838, path: [];
robot 5: node id: 690, goal id: 690, path: [];
robot 6: node id: 564, goal id: 723, path: [563, 595, 627, 659, 691, 723];
robot 7: node id: 161, goal id: 161, path: [];
robot 8: node id: 559, goal id: 559, path: [];
robot 9: node id: 611, goal id: 611, path: [];

2025-11-10 11:22:06 - root - INFO - Round 1, Timestep 18: The robot states are:
robot 0: node id: 548, goal id: 548, path: [];
robot 1: node id: 381, goal id: 381, path: [];
robot 2: node id: 728, goal id: 728, path: [];
robot 3: node id: 988, goal id: 988, path: [];
robot 4: node id: 838, goal id: 838, path: [];
robot 5: node id: 690, goal id: 690, path: [];
robot 6: node id: 563, goal id: 723, path: [595, 627, 659, 691, 723];
robot 7: node id: 161, goal id: 161, path: [];
robot 8: node id: 559, goal id: 559, path: [];
robot 9: node id: 611, goal id: 611, path: [];

2025-11-10 11:22:08 - root - INFO - Round 1, Timestep 19: The robot states are:
robot 0: node id: 548, goal id: 548, path: [];
robot 1: node id: 381, goal id: 381, path: [];
robot 2: node id: 728, goal id: 728, path: [];
robot 3: node id: 988, goal id: 988, path: [];
robot 4: node id: 838, goal id: 838, path: [];
robot 5: node id: 690, goal id: 690, path: [];
robot 6: node id: 595, goal id: 723, path: [627, 659, 691, 723];
robot 7: node id: 161, goal id: 161, path: [];
robot 8: node id: 559, goal id: 559, path: [];
robot 9: node id: 611, goal id: 611, path: [];

2025-11-10 11:22:10 - root - INFO - Round 1, Timestep 20: The robot states are:
robot 0: node id: 548, goal id: 548, path: [];
robot 1: node id: 381, goal id: 381, path: [];
robot 2: node id: 728, goal id: 728, path: [];
robot 3: node id: 988, goal id: 988, path: [];
robot 4: node id: 838, goal id: 838, path: [];
robot 5: node id: 690, goal id: 690, path: [];
robot 6: node id: 627, goal id: 723, path: [659, 691, 723];
robot 7: node id: 161, goal id: 161, path: [];
robot 8: node id: 559, goal id: 559, path: [];
robot 9: node id: 611, goal id: 611, path: [];

2025-11-10 11:22:13 - root - INFO - Round 1, Timestep 21: The robot states are:
robot 0: node id: 548, goal id: 548, path: [];
robot 1: node id: 381, goal id: 381, path: [];
robot 2: node id: 728, goal id: 728, path: [];
robot 3: node id: 988, goal id: 988, path: [];
robot 4: node id: 838, goal id: 838, path: [];
robot 5: node id: 690, goal id: 690, path: [];
robot 6: node id: 659, goal id: 723, path: [691, 723];
robot 7: node id: 161, goal id: 161, path: [];
robot 8: node id: 559, goal id: 559, path: [];
robot 9: node id: 611, goal id: 611, path: [];

2025-11-10 11:22:15 - root - INFO - Round 1, Timestep 22: The robot states are:
robot 0: node id: 548, goal id: 548, path: [];
robot 1: node id: 381, goal id: 381, path: [];
robot 2: node id: 728, goal id: 728, path: [];
robot 3: node id: 988, goal id: 988, path: [];
robot 4: node id: 838, goal id: 838, path: [];
robot 5: node id: 690, goal id: 690, path: [];
robot 6: node id: 691, goal id: 723, path: [723];
robot 7: node id: 161, goal id: 161, path: [];
robot 8: node id: 559, goal id: 559, path: [];
robot 9: node id: 611, goal id: 611, path: [];

2025-11-10 11:22:22 - root - INFO - Round 2, Timestep 0: The robot states are:
robot 0: node id: 548, goal id: 706, path: [548, 547, 579, 611, 643, 675, 674, 706];
robot 1: node id: 381, goal id: 678, path: [381, 380, 379, 378, 410, 409, 441, 440, 439, 438, 437, 436, 435, 434, 433, 432, 431, 430, 429, 461, 493, 492, 491, 523, 555, 587, 586, 585, 617, 649, 648, 647, 679, 678];
robot 2: node id: 728, goal id: 751, path: [728, 727, 695, 694, 693, 692, 691, 690, 689, 688, 687, 719, 751];
robot 3: node id: 988, goal id: 1007, path: [988, 956, 955, 954, 953, 952, 951, 950, 949, 948, 947, 946, 945, 944, 943, 975, 1007];
robot 4: node id: 838, goal id: 738, path: [838, 806, 805, 773, 741, 740, 739, 738];
robot 5: node id: 690, goal id: 690, path: [];
robot 6: node id: 723, goal id: 723, path: [];
robot 7: node id: 161, goal id: 161, path: [];
robot 8: node id: 559, goal id: 559, path: [];
robot 9: node id: 611, goal id: 611, path: [];

2025-11-10 11:22:25 - root - INFO - Round 2, Timestep 1: The robot states are:
robot 0: node id: 548, goal id: 706, path: [547, 579, 611, 643, 675, 674, 706];
robot 1: node id: 381, goal id: 678, path: [380, 379, 378, 410, 409, 441, 440, 439, 438, 437, 436, 435, 434, 433, 432, 431, 430, 429, 461, 493, 492, 491, 523, 555, 587, 586, 585, 617, 649, 648, 647, 679, 678];
robot 2: node id: 728, goal id: 751, path: [727, 695, 694, 693, 692, 691, 690, 689, 688, 687, 719, 751];
robot 3: node id: 988, goal id: 1007, path: [956, 955, 954, 953, 952, 951, 950, 949, 948, 947, 946, 945, 944, 943, 975, 1007];
robot 4: node id: 838, goal id: 738, path: [806, 805, 773, 741, 740, 739, 738];
robot 5: node id: 690, goal id: 690, path: [];
robot 6: node id: 723, goal id: 723, path: [];
robot 7: node id: 161, goal id: 161, path: [];
robot 8: node id: 559, goal id: 559, path: [];
robot 9: node id: 611, goal id: 611, path: [];

2025-11-10 11:22:27 - root - INFO - Round 2, Timestep 2: The robot states are:
robot 0: node id: 547, goal id: 706, path: [579, 611, 643, 675, 674, 706];
robot 1: node id: 380, goal id: 678, path: [379, 378, 410, 409, 441, 440, 439, 438, 437, 436, 435, 434, 433, 432, 431, 430, 429, 461, 493, 492, 491, 523, 555, 587, 586, 585, 617, 649, 648, 647, 679, 678];
robot 2: node id: 727, goal id: 751, path: [695, 694, 693, 692, 691, 690, 689, 688, 687, 719, 751];
robot 3: node id: 956, goal id: 1007, path: [955, 954, 953, 952, 951, 950, 949, 948, 947, 946, 945, 944, 943, 975, 1007];
robot 4: node id: 806, goal id: 738, path: [805, 773, 741, 740, 739, 738];
robot 5: node id: 690, goal id: 690, path: [];
robot 6: node id: 723, goal id: 723, path: [];
robot 7: node id: 161, goal id: 161, path: [];
robot 8: node id: 559, goal id: 559, path: [];
robot 9: node id: 611, goal id: 611, path: [];

2025-11-10 11:22:30 - root - INFO - Round 2, Timestep 3: The robot states are:
robot 0: node id: 579, goal id: 706, path: [611, 643, 675, 674, 706];
robot 1: node id: 379, goal id: 678, path: [378, 410, 409, 441, 440, 439, 438, 437, 436, 435, 434, 433, 432, 431, 430, 429, 461, 493, 492, 491, 523, 555, 587, 586, 585, 617, 649, 648, 647, 679, 678];
robot 2: node id: 695, goal id: 751, path: [694, 693, 692, 691, 690, 689, 688, 687, 719, 751];
robot 3: node id: 955, goal id: 1007, path: [954, 953, 952, 951, 950, 949, 948, 947, 946, 945, 944, 943, 975, 1007];
robot 4: node id: 805, goal id: 738, path: [773, 741, 740, 739, 738];
robot 5: node id: 690, goal id: 690, path: [];
robot 6: node id: 723, goal id: 723, path: [];
robot 7: node id: 161, goal id: 161, path: [];
robot 8: node id: 559, goal id: 559, path: [];
robot 9: node id: 611, goal id: 611, path: [];

2025-11-10 11:22:32 - root - INFO - Round 2, Timestep 4: The robot states are:
robot 0: node id: 611, goal id: 706, path: [643, 675, 674, 706];
robot 1: node id: 378, goal id: 678, path: [410, 409, 441, 440, 439, 438, 437, 436, 435, 434, 433, 432, 431, 430, 429, 461, 493, 492, 491, 523, 555, 587, 586, 585, 617, 649, 648, 647, 679, 678];
robot 2: node id: 694, goal id: 751, path: [693, 692, 691, 690, 689, 688, 687, 719, 751];
robot 3: node id: 954, goal id: 1007, path: [953, 952, 951, 950, 949, 948, 947, 946, 945, 944, 943, 975, 1007];
robot 4: node id: 773, goal id: 738, path: [741, 740, 739, 738];
robot 5: node id: 690, goal id: 690, path: [];
robot 6: node id: 723, goal id: 723, path: [];
robot 7: node id: 161, goal id: 161, path: [];
robot 8: node id: 559, goal id: 559, path: [];
robot 9: node id: 611, goal id: 611, path: [];

2025-11-10 11:22:34 - root - INFO - Round 2, Timestep 5: The robot states are:
robot 0: node id: 643, goal id: 706, path: [675, 674, 706];
robot 1: node id: 410, goal id: 678, path: [409, 441, 440, 439, 438, 437, 436, 435, 434, 433, 432, 431, 430, 429, 461, 493, 492, 491, 523, 555, 587, 586, 585, 617, 649, 648, 647, 679, 678];
robot 2: node id: 693, goal id: 751, path: [692, 691, 690, 689, 688, 687, 719, 751];
robot 3: node id: 953, goal id: 1007, path: [952, 951, 950, 949, 948, 947, 946, 945, 944, 943, 975, 1007];
robot 4: node id: 741, goal id: 738, path: [740, 739, 738];
robot 5: node id: 690, goal id: 690, path: [];
robot 6: node id: 723, goal id: 723, path: [];
robot 7: node id: 161, goal id: 161, path: [];
robot 8: node id: 559, goal id: 559, path: [];
robot 9: node id: 611, goal id: 611, path: [];

2025-11-10 11:22:37 - root - INFO - Round 2, Timestep 6: The robot states are:
robot 0: node id: 675, goal id: 706, path: [674, 706];
robot 1: node id: 409, goal id: 678, path: [441, 440, 439, 438, 437, 436, 435, 434, 433, 432, 431, 430, 429, 461, 493, 492, 491, 523, 555, 587, 586, 585, 617, 649, 648, 647, 679, 678];
robot 2: node id: 692, goal id: 751, path: [691, 690, 689, 688, 687, 719, 751];
robot 3: node id: 952, goal id: 1007, path: [951, 950, 949, 948, 947, 946, 945, 944, 943, 975, 1007];
robot 4: node id: 740, goal id: 738, path: [739, 738];
robot 5: node id: 690, goal id: 690, path: [];
robot 6: node id: 723, goal id: 723, path: [];
robot 7: node id: 161, goal id: 161, path: [];
robot 8: node id: 559, goal id: 559, path: [];
robot 9: node id: 611, goal id: 611, path: [];

2025-11-10 11:22:39 - root - INFO - Round 2, Timestep 7: The robot states are:
robot 0: node id: 674, goal id: 706, path: [706];
robot 1: node id: 441, goal id: 678, path: [440, 439, 438, 437, 436, 435, 434, 433, 432, 431, 430, 429, 461, 493, 492, 491, 523, 555, 587, 586, 585, 617, 649, 648, 647, 679, 678];
robot 2: node id: 691, goal id: 751, path: [690, 689, 688, 687, 719, 751];
robot 3: node id: 951, goal id: 1007, path: [950, 949, 948, 947, 946, 945, 944, 943, 975, 1007];
robot 4: node id: 739, goal id: 738, path: [738];
robot 5: node id: 690, goal id: 690, path: [];
robot 6: node id: 723, goal id: 723, path: [];
robot 7: node id: 161, goal id: 161, path: [];
robot 8: node id: 559, goal id: 559, path: [];
robot 9: node id: 611, goal id: 611, path: [];

2025-11-10 11:22:42 - root - INFO - Round 2, Timestep 8: The robot states are:
robot 0: node id: 706, goal id: 706, path: [];
robot 1: node id: 440, goal id: 678, path: [439, 438, 437, 436, 435, 434, 433, 432, 431, 430, 429, 461, 493, 492, 491, 523, 555, 587, 586, 585, 617, 649, 648, 647, 679, 678];
robot 2: node id: 690, goal id: 751, path: [689, 688, 687, 719, 751];
robot 3: node id: 950, goal id: 1007, path: [949, 948, 947, 946, 945, 944, 943, 975, 1007];
robot 4: node id: 738, goal id: 738, path: [];
robot 5: node id: 690, goal id: 690, path: [];
robot 6: node id: 723, goal id: 723, path: [];
robot 7: node id: 161, goal id: 161, path: [];
robot 8: node id: 559, goal id: 559, path: [];
robot 9: node id: 611, goal id: 611, path: [];

2025-11-10 11:22:44 - root - INFO - Round 2, Timestep 9: The robot states are:
robot 0: node id: 706, goal id: 706, path: [];
robot 1: node id: 439, goal id: 678, path: [438, 437, 436, 435, 434, 433, 432, 431, 430, 429, 461, 493, 492, 491, 523, 555, 587, 586, 585, 617, 649, 648, 647, 679, 678];
robot 2: node id: 689, goal id: 751, path: [688, 687, 719, 751];
robot 3: node id: 949, goal id: 1007, path: [948, 947, 946, 945, 944, 943, 975, 1007];
robot 4: node id: 738, goal id: 738, path: [];
robot 5: node id: 690, goal id: 690, path: [];
robot 6: node id: 723, goal id: 723, path: [];
robot 7: node id: 161, goal id: 161, path: [];
robot 8: node id: 559, goal id: 559, path: [];
robot 9: node id: 611, goal id: 611, path: [];

2025-11-10 11:22:47 - root - INFO - Round 2, Timestep 10: The robot states are:
robot 0: node id: 706, goal id: 706, path: [];
robot 1: node id: 438, goal id: 678, path: [437, 436, 435, 434, 433, 432, 431, 430, 429, 461, 493, 492, 491, 523, 555, 587, 586, 585, 617, 649, 648, 647, 679, 678];
robot 2: node id: 688, goal id: 751, path: [687, 719, 751];
robot 3: node id: 948, goal id: 1007, path: [947, 946, 945, 944, 943, 975, 1007];
robot 4: node id: 738, goal id: 738, path: [];
robot 5: node id: 690, goal id: 690, path: [];
robot 6: node id: 723, goal id: 723, path: [];
robot 7: node id: 161, goal id: 161, path: [];
robot 8: node id: 559, goal id: 559, path: [];
robot 9: node id: 611, goal id: 611, path: [];

2025-11-10 11:22:49 - root - INFO - Round 2, Timestep 11: The robot states are:
robot 0: node id: 706, goal id: 706, path: [];
robot 1: node id: 437, goal id: 678, path: [436, 435, 434, 433, 432, 431, 430, 429, 461, 493, 492, 491, 523, 555, 587, 586, 585, 617, 649, 648, 647, 679, 678];
robot 2: node id: 687, goal id: 751, path: [719, 751];
robot 3: node id: 947, goal id: 1007, path: [946, 945, 944, 943, 975, 1007];
robot 4: node id: 738, goal id: 738, path: [];
robot 5: node id: 690, goal id: 690, path: [];
robot 6: node id: 723, goal id: 723, path: [];
robot 7: node id: 161, goal id: 161, path: [];
robot 8: node id: 559, goal id: 559, path: [];
robot 9: node id: 611, goal id: 611, path: [];

2025-11-10 11:22:52 - root - INFO - Round 2, Timestep 12: The robot states are:
robot 0: node id: 706, goal id: 706, path: [];
robot 1: node id: 436, goal id: 678, path: [435, 434, 433, 432, 431, 430, 429, 461, 493, 492, 491, 523, 555, 587, 586, 585, 617, 649, 648, 647, 679, 678];
robot 2: node id: 719, goal id: 751, path: [751];
robot 3: node id: 946, goal id: 1007, path: [945, 944, 943, 975, 1007];
robot 4: node id: 738, goal id: 738, path: [];
robot 5: node id: 690, goal id: 690, path: [];
robot 6: node id: 723, goal id: 723, path: [];
robot 7: node id: 161, goal id: 161, path: [];
robot 8: node id: 559, goal id: 559, path: [];
robot 9: node id: 611, goal id: 611, path: [];

2025-11-10 11:22:54 - root - INFO - Round 2, Timestep 13: The robot states are:
robot 0: node id: 706, goal id: 706, path: [];
robot 1: node id: 435, goal id: 678, path: [434, 433, 432, 431, 430, 429, 461, 493, 492, 491, 523, 555, 587, 586, 585, 617, 649, 648, 647, 679, 678];
robot 2: node id: 751, goal id: 751, path: [];
robot 3: node id: 945, goal id: 1007, path: [944, 943, 975, 1007];
robot 4: node id: 738, goal id: 738, path: [];
robot 5: node id: 690, goal id: 690, path: [];
robot 6: node id: 723, goal id: 723, path: [];
robot 7: node id: 161, goal id: 161, path: [];
robot 8: node id: 559, goal id: 559, path: [];
robot 9: node id: 611, goal id: 611, path: [];

2025-11-10 11:22:56 - root - INFO - Round 2, Timestep 14: The robot states are:
robot 0: node id: 706, goal id: 706, path: [];
robot 1: node id: 434, goal id: 678, path: [433, 432, 431, 430, 429, 461, 493, 492, 491, 523, 555, 587, 586, 585, 617, 649, 648, 647, 679, 678];
robot 2: node id: 751, goal id: 751, path: [];
robot 3: node id: 944, goal id: 1007, path: [943, 975, 1007];
robot 4: node id: 738, goal id: 738, path: [];
robot 5: node id: 690, goal id: 690, path: [];
robot 6: node id: 723, goal id: 723, path: [];
robot 7: node id: 161, goal id: 161, path: [];
robot 8: node id: 559, goal id: 559, path: [];
robot 9: node id: 611, goal id: 611, path: [];

2025-11-10 11:22:59 - root - INFO - Round 2, Timestep 15: The robot states are:
robot 0: node id: 706, goal id: 706, path: [];
robot 1: node id: 433, goal id: 678, path: [432, 431, 430, 429, 461, 493, 492, 491, 523, 555, 587, 586, 585, 617, 649, 648, 647, 679, 678];
robot 2: node id: 751, goal id: 751, path: [];
robot 3: node id: 943, goal id: 1007, path: [975, 1007];
robot 4: node id: 738, goal id: 738, path: [];
robot 5: node id: 690, goal id: 690, path: [];
robot 6: node id: 723, goal id: 723, path: [];
robot 7: node id: 161, goal id: 161, path: [];
robot 8: node id: 559, goal id: 559, path: [];
robot 9: node id: 611, goal id: 611, path: [];

2025-11-10 11:23:01 - root - INFO - Round 2, Timestep 16: The robot states are:
robot 0: node id: 706, goal id: 706, path: [];
robot 1: node id: 432, goal id: 678, path: [431, 430, 429, 461, 493, 492, 491, 523, 555, 587, 586, 585, 617, 649, 648, 647, 679, 678];
robot 2: node id: 751, goal id: 751, path: [];
robot 3: node id: 975, goal id: 1007, path: [1007];
robot 4: node id: 738, goal id: 738, path: [];
robot 5: node id: 690, goal id: 690, path: [];
robot 6: node id: 723, goal id: 723, path: [];
robot 7: node id: 161, goal id: 161, path: [];
robot 8: node id: 559, goal id: 559, path: [];
robot 9: node id: 611, goal id: 611, path: [];

2025-11-10 11:23:04 - root - INFO - Round 2, Timestep 17: The robot states are:
robot 0: node id: 706, goal id: 706, path: [];
robot 1: node id: 431, goal id: 678, path: [430, 429, 461, 493, 492, 491, 523, 555, 587, 586, 585, 617, 649, 648, 647, 679, 678];
robot 2: node id: 751, goal id: 751, path: [];
robot 3: node id: 1007, goal id: 1007, path: [];
robot 4: node id: 738, goal id: 738, path: [];
robot 5: node id: 690, goal id: 690, path: [];
robot 6: node id: 723, goal id: 723, path: [];
robot 7: node id: 161, goal id: 161, path: [];
robot 8: node id: 559, goal id: 559, path: [];
robot 9: node id: 611, goal id: 611, path: [];

2025-11-10 11:23:06 - root - INFO - Round 2, Timestep 18: The robot states are:
robot 0: node id: 706, goal id: 706, path: [];
robot 1: node id: 430, goal id: 678, path: [429, 461, 493, 492, 491, 523, 555, 587, 586, 585, 617, 649, 648, 647, 679, 678];
robot 2: node id: 751, goal id: 751, path: [];
robot 3: node id: 1007, goal id: 1007, path: [];
robot 4: node id: 738, goal id: 738, path: [];
robot 5: node id: 690, goal id: 690, path: [];
robot 6: node id: 723, goal id: 723, path: [];
robot 7: node id: 161, goal id: 161, path: [];
robot 8: node id: 559, goal id: 559, path: [];
robot 9: node id: 611, goal id: 611, path: [];

2025-11-10 11:23:09 - root - INFO - Round 2, Timestep 19: The robot states are:
robot 0: node id: 706, goal id: 706, path: [];
robot 1: node id: 429, goal id: 678, path: [461, 493, 492, 491, 523, 555, 587, 586, 585, 617, 649, 648, 647, 679, 678];
robot 2: node id: 751, goal id: 751, path: [];
robot 3: node id: 1007, goal id: 1007, path: [];
robot 4: node id: 738, goal id: 738, path: [];
robot 5: node id: 690, goal id: 690, path: [];
robot 6: node id: 723, goal id: 723, path: [];
robot 7: node id: 161, goal id: 161, path: [];
robot 8: node id: 559, goal id: 559, path: [];
robot 9: node id: 611, goal id: 611, path: [];

2025-11-10 11:23:11 - root - INFO - Round 2, Timestep 20: The robot states are:
robot 0: node id: 706, goal id: 706, path: [];
robot 1: node id: 461, goal id: 678, path: [493, 492, 491, 523, 555, 587, 586, 585, 617, 649, 648, 647, 679, 678];
robot 2: node id: 751, goal id: 751, path: [];
robot 3: node id: 1007, goal id: 1007, path: [];
robot 4: node id: 738, goal id: 738, path: [];
robot 5: node id: 690, goal id: 690, path: [];
robot 6: node id: 723, goal id: 723, path: [];
robot 7: node id: 161, goal id: 161, path: [];
robot 8: node id: 559, goal id: 559, path: [];
robot 9: node id: 611, goal id: 611, path: [];

2025-11-10 11:23:14 - root - INFO - Round 2, Timestep 21: The robot states are:
robot 0: node id: 706, goal id: 706, path: [];
robot 1: node id: 493, goal id: 678, path: [492, 491, 523, 555, 587, 586, 585, 617, 649, 648, 647, 679, 678];
robot 2: node id: 751, goal id: 751, path: [];
robot 3: node id: 1007, goal id: 1007, path: [];
robot 4: node id: 738, goal id: 738, path: [];
robot 5: node id: 690, goal id: 690, path: [];
robot 6: node id: 723, goal id: 723, path: [];
robot 7: node id: 161, goal id: 161, path: [];
robot 8: node id: 559, goal id: 559, path: [];
robot 9: node id: 611, goal id: 611, path: [];

2025-11-10 11:23:16 - root - INFO - Round 2, Timestep 22: The robot states are:
robot 0: node id: 706, goal id: 706, path: [];
robot 1: node id: 492, goal id: 678, path: [491, 523, 555, 587, 586, 585, 617, 649, 648, 647, 679, 678];
robot 2: node id: 751, goal id: 751, path: [];
robot 3: node id: 1007, goal id: 1007, path: [];
robot 4: node id: 738, goal id: 738, path: [];
robot 5: node id: 690, goal id: 690, path: [];
robot 6: node id: 723, goal id: 723, path: [];
robot 7: node id: 161, goal id: 161, path: [];
robot 8: node id: 559, goal id: 559, path: [];
robot 9: node id: 611, goal id: 611, path: [];

2025-11-10 11:23:18 - root - INFO - Round 2, Timestep 23: The robot states are:
robot 0: node id: 706, goal id: 706, path: [];
robot 1: node id: 491, goal id: 678, path: [523, 555, 587, 586, 585, 617, 649, 648, 647, 679, 678];
robot 2: node id: 751, goal id: 751, path: [];
robot 3: node id: 1007, goal id: 1007, path: [];
robot 4: node id: 738, goal id: 738, path: [];
robot 5: node id: 690, goal id: 690, path: [];
robot 6: node id: 723, goal id: 723, path: [];
robot 7: node id: 161, goal id: 161, path: [];
robot 8: node id: 559, goal id: 559, path: [];
robot 9: node id: 611, goal id: 611, path: [];

2025-11-10 11:23:21 - root - INFO - Round 2, Timestep 24: The robot states are:
robot 0: node id: 706, goal id: 706, path: [];
robot 1: node id: 523, goal id: 678, path: [555, 587, 586, 585, 617, 649, 648, 647, 679, 678];
robot 2: node id: 751, goal id: 751, path: [];
robot 3: node id: 1007, goal id: 1007, path: [];
robot 4: node id: 738, goal id: 738, path: [];
robot 5: node id: 690, goal id: 690, path: [];
robot 6: node id: 723, goal id: 723, path: [];
robot 7: node id: 161, goal id: 161, path: [];
robot 8: node id: 559, goal id: 559, path: [];
robot 9: node id: 611, goal id: 611, path: [];

2025-11-10 11:23:23 - root - INFO - Round 2, Timestep 25: The robot states are:
robot 0: node id: 706, goal id: 706, path: [];
robot 1: node id: 555, goal id: 678, path: [587, 586, 585, 617, 649, 648, 647, 679, 678];
robot 2: node id: 751, goal id: 751, path: [];
robot 3: node id: 1007, goal id: 1007, path: [];
robot 4: node id: 738, goal id: 738, path: [];
robot 5: node id: 690, goal id: 690, path: [];
robot 6: node id: 723, goal id: 723, path: [];
robot 7: node id: 161, goal id: 161, path: [];
robot 8: node id: 559, goal id: 559, path: [];
robot 9: node id: 611, goal id: 611, path: [];

2025-11-10 11:23:26 - root - INFO - Round 2, Timestep 26: The robot states are:
robot 0: node id: 706, goal id: 706, path: [];
robot 1: node id: 587, goal id: 678, path: [586, 585, 617, 649, 648, 647, 679, 678];
robot 2: node id: 751, goal id: 751, path: [];
robot 3: node id: 1007, goal id: 1007, path: [];
robot 4: node id: 738, goal id: 738, path: [];
robot 5: node id: 690, goal id: 690, path: [];
robot 6: node id: 723, goal id: 723, path: [];
robot 7: node id: 161, goal id: 161, path: [];
robot 8: node id: 559, goal id: 559, path: [];
robot 9: node id: 611, goal id: 611, path: [];

2025-11-10 11:23:28 - root - INFO - Round 2, Timestep 27: The robot states are:
robot 0: node id: 706, goal id: 706, path: [];
robot 1: node id: 586, goal id: 678, path: [585, 617, 649, 648, 647, 679, 678];
robot 2: node id: 751, goal id: 751, path: [];
robot 3: node id: 1007, goal id: 1007, path: [];
robot 4: node id: 738, goal id: 738, path: [];
robot 5: node id: 690, goal id: 690, path: [];
robot 6: node id: 723, goal id: 723, path: [];
robot 7: node id: 161, goal id: 161, path: [];
robot 8: node id: 559, goal id: 559, path: [];
robot 9: node id: 611, goal id: 611, path: [];

2025-11-10 11:23:31 - root - INFO - Round 2, Timestep 28: The robot states are:
robot 0: node id: 706, goal id: 706, path: [];
robot 1: node id: 585, goal id: 678, path: [617, 649, 648, 647, 679, 678];
robot 2: node id: 751, goal id: 751, path: [];
robot 3: node id: 1007, goal id: 1007, path: [];
robot 4: node id: 738, goal id: 738, path: [];
robot 5: node id: 690, goal id: 690, path: [];
robot 6: node id: 723, goal id: 723, path: [];
robot 7: node id: 161, goal id: 161, path: [];
robot 8: node id: 559, goal id: 559, path: [];
robot 9: node id: 611, goal id: 611, path: [];

2025-11-10 11:23:33 - root - INFO - Round 2, Timestep 29: The robot states are:
robot 0: node id: 706, goal id: 706, path: [];
robot 1: node id: 617, goal id: 678, path: [649, 648, 647, 679, 678];
robot 2: node id: 751, goal id: 751, path: [];
robot 3: node id: 1007, goal id: 1007, path: [];
robot 4: node id: 738, goal id: 738, path: [];
robot 5: node id: 690, goal id: 690, path: [];
robot 6: node id: 723, goal id: 723, path: [];
robot 7: node id: 161, goal id: 161, path: [];
robot 8: node id: 559, goal id: 559, path: [];
robot 9: node id: 611, goal id: 611, path: [];

2025-11-10 11:23:35 - root - INFO - Round 2, Timestep 30: The robot states are:
robot 0: node id: 706, goal id: 706, path: [];
robot 1: node id: 649, goal id: 678, path: [648, 647, 679, 678];
robot 2: node id: 751, goal id: 751, path: [];
robot 3: node id: 1007, goal id: 1007, path: [];
robot 4: node id: 738, goal id: 738, path: [];
robot 5: node id: 690, goal id: 690, path: [];
robot 6: node id: 723, goal id: 723, path: [];
robot 7: node id: 161, goal id: 161, path: [];
robot 8: node id: 559, goal id: 559, path: [];
robot 9: node id: 611, goal id: 611, path: [];

2025-11-10 11:23:38 - root - INFO - Round 2, Timestep 31: The robot states are:
robot 0: node id: 706, goal id: 706, path: [];
robot 1: node id: 648, goal id: 678, path: [647, 679, 678];
robot 2: node id: 751, goal id: 751, path: [];
robot 3: node id: 1007, goal id: 1007, path: [];
robot 4: node id: 738, goal id: 738, path: [];
robot 5: node id: 690, goal id: 690, path: [];
robot 6: node id: 723, goal id: 723, path: [];
robot 7: node id: 161, goal id: 161, path: [];
robot 8: node id: 559, goal id: 559, path: [];
robot 9: node id: 611, goal id: 611, path: [];

2025-11-10 11:23:40 - root - INFO - Round 2, Timestep 32: The robot states are:
robot 0: node id: 706, goal id: 706, path: [];
robot 1: node id: 647, goal id: 678, path: [679, 678];
robot 2: node id: 751, goal id: 751, path: [];
robot 3: node id: 1007, goal id: 1007, path: [];
robot 4: node id: 738, goal id: 738, path: [];
robot 5: node id: 690, goal id: 690, path: [];
robot 6: node id: 723, goal id: 723, path: [];
robot 7: node id: 161, goal id: 161, path: [];
robot 8: node id: 559, goal id: 559, path: [];
robot 9: node id: 611, goal id: 611, path: [];

2025-11-10 11:23:43 - root - INFO - Round 2, Timestep 33: The robot states are:
robot 0: node id: 706, goal id: 706, path: [];
robot 1: node id: 679, goal id: 678, path: [678];
robot 2: node id: 751, goal id: 751, path: [];
robot 3: node id: 1007, goal id: 1007, path: [];
robot 4: node id: 738, goal id: 738, path: [];
robot 5: node id: 690, goal id: 690, path: [];
robot 6: node id: 723, goal id: 723, path: [];
robot 7: node id: 161, goal id: 161, path: [];
robot 8: node id: 559, goal id: 559, path: [];
robot 9: node id: 611, goal id: 611, path: [];

