2025-11-10 11:07:01 - root - INFO - Round 0, Timestep 0: The robot states are:
robot 0: node id: 302, goal id: 310, path: [302, 303, 304, 305, 306, 307, 308, 309, 310];
robot 1: node id: 53, goal id: 254, path: [53, 54, 55, 87, 88, 120, 121, 122, 154, 186, 187, 188, 189, 190, 222, 254];
robot 2: node id: 1022, goal id: 824, path: [1022, 990, 958, 957, 956, 955, 954, 953, 921, 889, 857, 825, 824];
robot 3: node id: 107, goal id: 166, path: [107, 106, 105, 104, 103, 135, 167, 166];
robot 4: node id: 707, goal id: 676, path: [707, 675, 676];
robot 5: node id: 988, goal id: 725, path: [988, 956, 955, 923, 891, 859, 827, 826, 825, 793, 792, 791, 790, 789, 757, 725];
robot 6: node id: 949, goal id: 853, path: [949, 917, 885, 853];
robot 7: node id: 908, goal id: 938, path: [908, 907, 939, 938];
robot 8: node id: 925, goal id: 699, path: [925, 893, 892, 891, 859, 827, 795, 763, 731, 699];
robot 9: node id: 11, goal id: 44, path: [11, 43, 44];

2025-11-10 11:07:03 - root - INFO - Round 0, Timestep 1: The robot states are:
robot 0: node id: 302, goal id: 310, path: [303, 304, 305, 306, 307, 308, 309, 310];
robot 1: node id: 53, goal id: 254, path: [54, 55, 87, 88, 120, 121, 122, 154, 186, 187, 188, 189, 190, 222, 254];
robot 2: node id: 1022, goal id: 824, path: [990, 958, 957, 956, 955, 954, 953, 921, 889, 857, 825, 824];
robot 3: node id: 107, goal id: 166, path: [106, 105, 104, 103, 135, 167, 166];
robot 4: node id: 707, goal id: 676, path: [675, 676];
robot 5: node id: 988, goal id: 725, path: [956, 955, 923, 891, 859, 827, 826, 825, 793, 792, 791, 790, 789, 757, 725];
robot 6: node id: 949, goal id: 853, path: [917, 885, 853];
robot 7: node id: 908, goal id: 938, path: [907, 939, 938];
robot 8: node id: 925, goal id: 699, path: [893, 892, 891, 859, 827, 795, 763, 731, 699];
robot 9: node id: 11, goal id: 44, path: [43, 44];

2025-11-10 11:07:06 - root - INFO - Round 0, Timestep 2: The robot states are:
robot 0: node id: 303, goal id: 310, path: [304, 305, 306, 307, 308, 309, 310];
robot 1: node id: 54, goal id: 254, path: [55, 87, 88, 120, 121, 122, 154, 186, 187, 188, 189, 190, 222, 254];
robot 2: node id: 990, goal id: 824, path: [958, 957, 956, 955, 954, 953, 921, 889, 857, 825, 824];
robot 3: node id: 106, goal id: 166, path: [105, 104, 103, 135, 167, 166];
robot 4: node id: 675, goal id: 676, path: [676];
robot 5: node id: 956, goal id: 725, path: [955, 923, 891, 859, 827, 826, 825, 793, 792, 791, 790, 789, 757, 725];
robot 6: node id: 917, goal id: 853, path: [885, 853];
robot 7: node id: 907, goal id: 938, path: [939, 938];
robot 8: node id: 893, goal id: 699, path: [892, 891, 859, 827, 795, 763, 731, 699];
robot 9: node id: 43, goal id: 44, path: [44];

2025-11-10 11:07:08 - root - INFO - Round 0, Timestep 3: The robot states are:
robot 0: node id: 304, goal id: 310, path: [305, 306, 307, 308, 309, 310];
robot 1: node id: 55, goal id: 254, path: [87, 88, 120, 121, 122, 154, 186, 187, 188, 189, 190, 222, 254];
robot 2: node id: 958, goal id: 824, path: [957, 956, 955, 954, 953, 921, 889, 857, 825, 824];
robot 3: node id: 105, goal id: 166, path: [104, 103, 135, 167, 166];
robot 4: node id: 676, goal id: 676, path: [];
robot 5: node id: 955, goal id: 725, path: [923, 891, 859, 827, 826, 825, 793, 792, 791, 790, 789, 757, 725];
robot 6: node id: 885, goal id: 853, path: [853];
robot 7: node id: 939, goal id: 938, path: [938];
robot 8: node id: 892, goal id: 699, path: [891, 859, 827, 795, 763, 731, 699];
robot 9: node id: 44, goal id: 44, path: [];

2025-11-10 11:07:11 - root - INFO - Round 0, Timestep 4: The robot states are:
robot 0: node id: 305, goal id: 310, path: [306, 307, 308, 309, 310];
robot 1: node id: 87, goal id: 254, path: [88, 120, 121, 122, 154, 186, 187, 188, 189, 190, 222, 254];
robot 2: node id: 957, goal id: 824, path: [956, 955, 954, 953, 921, 889, 857, 825, 824];
robot 3: node id: 104, goal id: 166, path: [103, 135, 167, 166];
robot 4: node id: 676, goal id: 676, path: [];
robot 5: node id: 923, goal id: 725, path: [891, 859, 827, 826, 825, 793, 792, 791, 790, 789, 757, 725];
robot 6: node id: 853, goal id: 853, path: [];
robot 7: node id: 938, goal id: 938, path: [];
robot 8: node id: 891, goal id: 699, path: [859, 827, 795, 763, 731, 699];
robot 9: node id: 44, goal id: 44, path: [];

2025-11-10 11:07:13 - root - INFO - Round 0, Timestep 5: The robot states are:
robot 0: node id: 306, goal id: 310, path: [307, 308, 309, 310];
robot 1: node id: 88, goal id: 254, path: [120, 121, 122, 154, 186, 187, 188, 189, 190, 222, 254];
robot 2: node id: 956, goal id: 824, path: [955, 954, 953, 921, 889, 857, 825, 824];
robot 3: node id: 103, goal id: 166, path: [135, 167, 166];
robot 4: node id: 676, goal id: 676, path: [];
robot 5: node id: 891, goal id: 725, path: [859, 827, 826, 825, 793, 792, 791, 790, 789, 757, 725];
robot 6: node id: 853, goal id: 853, path: [];
robot 7: node id: 938, goal id: 938, path: [];
robot 8: node id: 859, goal id: 699, path: [827, 795, 763, 731, 699];
robot 9: node id: 44, goal id: 44, path: [];

2025-11-10 11:07:16 - root - INFO - Round 0, Timestep 6: The robot states are:
robot 0: node id: 307, goal id: 310, path: [308, 309, 310];
robot 1: node id: 120, goal id: 254, path: [121, 122, 154, 186, 187, 188, 189, 190, 222, 254];
robot 2: node id: 955, goal id: 824, path: [954, 953, 921, 889, 857, 825, 824];
robot 3: node id: 135, goal id: 166, path: [167, 166];
robot 4: node id: 676, goal id: 676, path: [];
robot 5: node id: 859, goal id: 725, path: [827, 826, 825, 793, 792, 791, 790, 789, 757, 725];
robot 6: node id: 853, goal id: 853, path: [];
robot 7: node id: 938, goal id: 938, path: [];
robot 8: node id: 827, goal id: 699, path: [795, 763, 731, 699];
robot 9: node id: 44, goal id: 44, path: [];

2025-11-10 11:07:18 - root - INFO - Round 0, Timestep 7: The robot states are:
robot 0: node id: 308, goal id: 310, path: [309, 310];
robot 1: node id: 121, goal id: 254, path: [122, 154, 186, 187, 188, 189, 190, 222, 254];
robot 2: node id: 954, goal id: 824, path: [953, 921, 889, 857, 825, 824];
robot 3: node id: 167, goal id: 166, path: [166];
robot 4: node id: 676, goal id: 676, path: [];
robot 5: node id: 827, goal id: 725, path: [826, 825, 793, 792, 791, 790, 789, 757, 725];
robot 6: node id: 853, goal id: 853, path: [];
robot 7: node id: 938, goal id: 938, path: [];
robot 8: node id: 795, goal id: 699, path: [763, 731, 699];
robot 9: node id: 44, goal id: 44, path: [];

2025-11-10 11:07:21 - root - INFO - Round 0, Timestep 8: The robot states are:
robot 0: node id: 309, goal id: 310, path: [310];
robot 1: node id: 122, goal id: 254, path: [154, 186, 187, 188, 189, 190, 222, 254];
robot 2: node id: 953, goal id: 824, path: [921, 889, 857, 825, 824];
robot 3: node id: 166, goal id: 166, path: [];
robot 4: node id: 676, goal id: 676, path: [];
robot 5: node id: 826, goal id: 725, path: [825, 793, 792, 791, 790, 789, 757, 725];
robot 6: node id: 853, goal id: 853, path: [];
robot 7: node id: 938, goal id: 938, path: [];
robot 8: node id: 763, goal id: 699, path: [731, 699];
robot 9: node id: 44, goal id: 44, path: [];

2025-11-10 11:07:23 - root - INFO - Round 0, Timestep 9: The robot states are:
robot 0: node id: 310, goal id: 310, path: [];
robot 1: node id: 154, goal id: 254, path: [186, 187, 188, 189, 190, 222, 254];
robot 2: node id: 921, goal id: 824, path: [889, 857, 825, 824];
robot 3: node id: 166, goal id: 166, path: [];
robot 4: node id: 676, goal id: 676, path: [];
robot 5: node id: 825, goal id: 725, path: [793, 792, 791, 790, 789, 757, 725];
robot 6: node id: 853, goal id: 853, path: [];
robot 7: node id: 938, goal id: 938, path: [];
robot 8: node id: 731, goal id: 699, path: [699];
robot 9: node id: 44, goal id: 44, path: [];

2025-11-10 11:07:26 - root - INFO - Round 0, Timestep 10: The robot states are:
robot 0: node id: 310, goal id: 310, path: [];
robot 1: node id: 186, goal id: 254, path: [187, 188, 189, 190, 222, 254];
robot 2: node id: 889, goal id: 824, path: [857, 825, 824];
robot 3: node id: 166, goal id: 166, path: [];
robot 4: node id: 676, goal id: 676, path: [];
robot 5: node id: 793, goal id: 725, path: [792, 791, 790, 789, 757, 725];
robot 6: node id: 853, goal id: 853, path: [];
robot 7: node id: 938, goal id: 938, path: [];
robot 8: node id: 699, goal id: 699, path: [];
robot 9: node id: 44, goal id: 44, path: [];

2025-11-10 11:07:28 - root - INFO - Round 0, Timestep 11: The robot states are:
robot 0: node id: 310, goal id: 310, path: [];
robot 1: node id: 187, goal id: 254, path: [188, 189, 190, 222, 254];
robot 2: node id: 857, goal id: 824, path: [825, 824];
robot 3: node id: 166, goal id: 166, path: [];
robot 4: node id: 676, goal id: 676, path: [];
robot 5: node id: 792, goal id: 725, path: [791, 790, 789, 757, 725];
robot 6: node id: 853, goal id: 853, path: [];
robot 7: node id: 938, goal id: 938, path: [];
robot 8: node id: 699, goal id: 699, path: [];
robot 9: node id: 44, goal id: 44, path: [];

2025-11-10 11:07:31 - root - INFO - Round 0, Timestep 12: The robot states are:
robot 0: node id: 310, goal id: 310, path: [];
robot 1: node id: 188, goal id: 254, path: [189, 190, 222, 254];
robot 2: node id: 825, goal id: 824, path: [824];
robot 3: node id: 166, goal id: 166, path: [];
robot 4: node id: 676, goal id: 676, path: [];
robot 5: node id: 791, goal id: 725, path: [790, 789, 757, 725];
robot 6: node id: 853, goal id: 853, path: [];
robot 7: node id: 938, goal id: 938, path: [];
robot 8: node id: 699, goal id: 699, path: [];
robot 9: node id: 44, goal id: 44, path: [];

2025-11-10 11:07:33 - root - INFO - Round 0, Timestep 13: The robot states are:
robot 0: node id: 310, goal id: 310, path: [];
robot 1: node id: 189, goal id: 254, path: [190, 222, 254];
robot 2: node id: 824, goal id: 824, path: [];
robot 3: node id: 166, goal id: 166, path: [];
robot 4: node id: 676, goal id: 676, path: [];
robot 5: node id: 790, goal id: 725, path: [789, 757, 725];
robot 6: node id: 853, goal id: 853, path: [];
robot 7: node id: 938, goal id: 938, path: [];
robot 8: node id: 699, goal id: 699, path: [];
robot 9: node id: 44, goal id: 44, path: [];

2025-11-10 11:07:36 - root - INFO - Round 0, Timestep 14: The robot states are:
robot 0: node id: 310, goal id: 310, path: [];
robot 1: node id: 190, goal id: 254, path: [222, 254];
robot 2: node id: 824, goal id: 824, path: [];
robot 3: node id: 166, goal id: 166, path: [];
robot 4: node id: 676, goal id: 676, path: [];
robot 5: node id: 789, goal id: 725, path: [757, 725];
robot 6: node id: 853, goal id: 853, path: [];
robot 7: node id: 938, goal id: 938, path: [];
robot 8: node id: 699, goal id: 699, path: [];
robot 9: node id: 44, goal id: 44, path: [];

2025-11-10 11:07:38 - root - INFO - Round 0, Timestep 15: The robot states are:
robot 0: node id: 310, goal id: 310, path: [];
robot 1: node id: 222, goal id: 254, path: [254];
robot 2: node id: 824, goal id: 824, path: [];
robot 3: node id: 166, goal id: 166, path: [];
robot 4: node id: 676, goal id: 676, path: [];
robot 5: node id: 757, goal id: 725, path: [725];
robot 6: node id: 853, goal id: 853, path: [];
robot 7: node id: 938, goal id: 938, path: [];
robot 8: node id: 699, goal id: 699, path: [];
robot 9: node id: 44, goal id: 44, path: [];

2025-11-10 11:07:46 - root - INFO - Round 1, Timestep 0: The robot states are:
robot 0: node id: 310, goal id: 411, path: [310, 311, 312, 313, 345, 346, 378, 379, 411];
robot 1: node id: 254, goal id: 447, path: [254, 255, 287, 319, 351, 383, 415, 447];
robot 2: node id: 824, goal id: 652, path: [824, 792, 791, 790, 789, 788, 787, 755, 723, 691, 690, 689, 688, 687, 686, 654, 653, 652];
robot 3: node id: 166, goal id: 257, path: [166, 165, 164, 163, 162, 194, 193, 225, 257];
robot 4: node id: 676, goal id: 614, path: [676, 644, 612, 613, 614];
robot 5: node id: 725, goal id: 660, path: [725, 693, 661, 660];
robot 6: node id: 853, goal id: 751, path: [853, 821, 789, 757, 756, 755, 754, 753, 752, 751];
robot 7: node id: 938, goal id: 1000, path: [938, 937, 936, 968, 1000];
robot 8: node id: 699, goal id: 537, path: [699, 667, 635, 603, 571, 539, 538, 537];
robot 9: node id: 44, goal id: 97, path: [44, 43, 42, 41, 40, 39, 38, 37, 36, 68, 67, 66, 98, 97];

2025-11-10 11:07:49 - root - INFO - Round 1, Timestep 1: The robot states are:
robot 0: node id: 310, goal id: 411, path: [311, 312, 313, 345, 346, 378, 379, 411];
robot 1: node id: 254, goal id: 447, path: [255, 287, 319, 351, 383, 415, 447];
robot 2: node id: 824, goal id: 652, path: [792, 791, 790, 789, 788, 787, 755, 723, 691, 690, 689, 688, 687, 686, 654, 653, 652];
robot 3: node id: 166, goal id: 257, path: [165, 164, 163, 162, 194, 193, 225, 257];
robot 4: node id: 676, goal id: 614, path: [644, 612, 613, 614];
robot 5: node id: 725, goal id: 660, path: [693, 661, 660];
robot 6: node id: 853, goal id: 751, path: [821, 789, 757, 756, 755, 754, 753, 752, 751];
robot 7: node id: 938, goal id: 1000, path: [937, 936, 968, 1000];
robot 8: node id: 699, goal id: 537, path: [667, 635, 603, 571, 539, 538, 537];
robot 9: node id: 44, goal id: 97, path: [43, 42, 41, 40, 39, 38, 37, 36, 68, 67, 66, 98, 97];

2025-11-10 11:07:52 - root - INFO - Round 1, Timestep 2: The robot states are:
robot 0: node id: 311, goal id: 411, path: [312, 313, 345, 346, 378, 379, 411];
robot 1: node id: 255, goal id: 447, path: [287, 319, 351, 383, 415, 447];
robot 2: node id: 792, goal id: 652, path: [791, 790, 789, 788, 787, 755, 723, 691, 690, 689, 688, 687, 686, 654, 653, 652];
robot 3: node id: 165, goal id: 257, path: [164, 163, 162, 194, 193, 225, 257];
robot 4: node id: 644, goal id: 614, path: [612, 613, 614];
robot 5: node id: 693, goal id: 660, path: [661, 660];
robot 6: node id: 821, goal id: 751, path: [789, 757, 756, 755, 754, 753, 752, 751];
robot 7: node id: 937, goal id: 1000, path: [936, 968, 1000];
robot 8: node id: 667, goal id: 537, path: [635, 603, 571, 539, 538, 537];
robot 9: node id: 43, goal id: 97, path: [42, 41, 40, 39, 38, 37, 36, 68, 67, 66, 98, 97];

2025-11-10 11:07:55 - root - INFO - Round 1, Timestep 3: The robot states are:
robot 0: node id: 312, goal id: 411, path: [313, 345, 346, 378, 379, 411];
robot 1: node id: 287, goal id: 447, path: [319, 351, 383, 415, 447];
robot 2: node id: 791, goal id: 652, path: [790, 789, 788, 787, 755, 723, 691, 690, 689, 688, 687, 686, 654, 653, 652];
robot 3: node id: 164, goal id: 257, path: [163, 162, 194, 193, 225, 257];
robot 4: node id: 612, goal id: 614, path: [613, 614];
robot 5: node id: 661, goal id: 660, path: [660];
robot 6: node id: 789, goal id: 751, path: [757, 756, 755, 754, 753, 752, 751];
robot 7: node id: 936, goal id: 1000, path: [968, 1000];
robot 8: node id: 635, goal id: 537, path: [603, 571, 539, 538, 537];
robot 9: node id: 42, goal id: 97, path: [41, 40, 39, 38, 37, 36, 68, 67, 66, 98, 97];

2025-11-10 11:07:57 - root - INFO - Round 1, Timestep 4: The robot states are:
robot 0: node id: 313, goal id: 411, path: [345, 346, 378, 379, 411];
robot 1: node id: 319, goal id: 447, path: [351, 383, 415, 447];
robot 2: node id: 790, goal id: 652, path: [789, 788, 787, 755, 723, 691, 690, 689, 688, 687, 686, 654, 653, 652];
robot 3: node id: 163, goal id: 257, path: [162, 194, 193, 225, 257];
robot 4: node id: 613, goal id: 614, path: [614];
robot 5: node id: 660, goal id: 660, path: [];
robot 6: node id: 757, goal id: 751, path: [756, 755, 754, 753, 752, 751];
robot 7: node id: 968, goal id: 1000, path: [1000];
robot 8: node id: 603, goal id: 537, path: [571, 539, 538, 537];
robot 9: node id: 41, goal id: 97, path: [40, 39, 38, 37, 36, 68, 67, 66, 98, 97];

2025-11-10 11:08:00 - root - INFO - Round 1, Timestep 5: The robot states are:
robot 0: node id: 345, goal id: 411, path: [346, 378, 379, 411];
robot 1: node id: 351, goal id: 447, path: [383, 415, 447];
robot 2: node id: 789, goal id: 652, path: [788, 787, 755, 723, 691, 690, 689, 688, 687, 686, 654, 653, 652];
robot 3: node id: 162, goal id: 257, path: [194, 193, 225, 257];
robot 4: node id: 614, goal id: 614, path: [];
robot 5: node id: 660, goal id: 660, path: [];
robot 6: node id: 756, goal id: 751, path: [755, 754, 753, 752, 751];
robot 7: node id: 1000, goal id: 1000, path: [];
robot 8: node id: 571, goal id: 537, path: [539, 538, 537];
robot 9: node id: 40, goal id: 97, path: [39, 38, 37, 36, 68, 67, 66, 98, 97];

2025-11-10 11:08:02 - root - INFO - Round 1, Timestep 6: The robot states are:
robot 0: node id: 346, goal id: 411, path: [378, 379, 411];
robot 1: node id: 383, goal id: 447, path: [415, 447];
robot 2: node id: 788, goal id: 652, path: [787, 755, 723, 691, 690, 689, 688, 687, 686, 654, 653, 652];
robot 3: node id: 194, goal id: 257, path: [193, 225, 257];
robot 4: node id: 614, goal id: 614, path: [];
robot 5: node id: 660, goal id: 660, path: [];
robot 6: node id: 755, goal id: 751, path: [754, 753, 752, 751];
robot 7: node id: 1000, goal id: 1000, path: [];
robot 8: node id: 539, goal id: 537, path: [538, 537];
robot 9: node id: 39, goal id: 97, path: [38, 37, 36, 68, 67, 66, 98, 97];

2025-11-10 11:08:05 - root - INFO - Round 1, Timestep 7: The robot states are:
robot 0: node id: 378, goal id: 411, path: [379, 411];
robot 1: node id: 415, goal id: 447, path: [447];
robot 2: node id: 787, goal id: 652, path: [755, 723, 691, 690, 689, 688, 687, 686, 654, 653, 652];
robot 3: node id: 193, goal id: 257, path: [225, 257];
robot 4: node id: 614, goal id: 614, path: [];
robot 5: node id: 660, goal id: 660, path: [];
robot 6: node id: 754, goal id: 751, path: [753, 752, 751];
robot 7: node id: 1000, goal id: 1000, path: [];
robot 8: node id: 538, goal id: 537, path: [537];
robot 9: node id: 38, goal id: 97, path: [37, 36, 68, 67, 66, 98, 97];

2025-11-10 11:08:07 - root - INFO - Round 1, Timestep 8: The robot states are:
robot 0: node id: 379, goal id: 411, path: [411];
robot 1: node id: 447, goal id: 447, path: [];
robot 2: node id: 755, goal id: 652, path: [723, 691, 690, 689, 688, 687, 686, 654, 653, 652];
robot 3: node id: 225, goal id: 257, path: [257];
robot 4: node id: 614, goal id: 614, path: [];
robot 5: node id: 660, goal id: 660, path: [];
robot 6: node id: 753, goal id: 751, path: [752, 751];
robot 7: node id: 1000, goal id: 1000, path: [];
robot 8: node id: 537, goal id: 537, path: [];
robot 9: node id: 37, goal id: 97, path: [36, 68, 67, 66, 98, 97];

2025-11-10 11:08:10 - root - INFO - Round 1, Timestep 9: The robot states are:
robot 0: node id: 411, goal id: 411, path: [];
robot 1: node id: 447, goal id: 447, path: [];
robot 2: node id: 723, goal id: 652, path: [691, 690, 689, 688, 687, 686, 654, 653, 652];
robot 3: node id: 257, goal id: 257, path: [];
robot 4: node id: 614, goal id: 614, path: [];
robot 5: node id: 660, goal id: 660, path: [];
robot 6: node id: 752, goal id: 751, path: [751];
robot 7: node id: 1000, goal id: 1000, path: [];
robot 8: node id: 537, goal id: 537, path: [];
robot 9: node id: 36, goal id: 97, path: [68, 67, 66, 98, 97];

2025-11-10 11:08:12 - root - INFO - Round 1, Timestep 10: The robot states are:
robot 0: node id: 411, goal id: 411, path: [];
robot 1: node id: 447, goal id: 447, path: [];
robot 2: node id: 691, goal id: 652, path: [690, 689, 688, 687, 686, 654, 653, 652];
robot 3: node id: 257, goal id: 257, path: [];
robot 4: node id: 614, goal id: 614, path: [];
robot 5: node id: 660, goal id: 660, path: [];
robot 6: node id: 751, goal id: 751, path: [];
robot 7: node id: 1000, goal id: 1000, path: [];
robot 8: node id: 537, goal id: 537, path: [];
robot 9: node id: 68, goal id: 97, path: [67, 66, 98, 97];

2025-11-10 11:08:15 - root - INFO - Round 1, Timestep 11: The robot states are:
robot 0: node id: 411, goal id: 411, path: [];
robot 1: node id: 447, goal id: 447, path: [];
robot 2: node id: 690, goal id: 652, path: [689, 688, 687, 686, 654, 653, 652];
robot 3: node id: 257, goal id: 257, path: [];
robot 4: node id: 614, goal id: 614, path: [];
robot 5: node id: 660, goal id: 660, path: [];
robot 6: node id: 751, goal id: 751, path: [];
robot 7: node id: 1000, goal id: 1000, path: [];
robot 8: node id: 537, goal id: 537, path: [];
robot 9: node id: 67, goal id: 97, path: [66, 98, 97];

2025-11-10 11:08:17 - root - INFO - Round 1, Timestep 12: The robot states are:
robot 0: node id: 411, goal id: 411, path: [];
robot 1: node id: 447, goal id: 447, path: [];
robot 2: node id: 689, goal id: 652, path: [688, 687, 686, 654, 653, 652];
robot 3: node id: 257, goal id: 257, path: [];
robot 4: node id: 614, goal id: 614, path: [];
robot 5: node id: 660, goal id: 660, path: [];
robot 6: node id: 751, goal id: 751, path: [];
robot 7: node id: 1000, goal id: 1000, path: [];
robot 8: node id: 537, goal id: 537, path: [];
robot 9: node id: 66, goal id: 97, path: [98, 97];

2025-11-10 11:08:20 - root - INFO - Round 1, Timestep 13: The robot states are:
robot 0: node id: 411, goal id: 411, path: [];
robot 1: node id: 447, goal id: 447, path: [];
robot 2: node id: 688, goal id: 652, path: [687, 686, 654, 653, 652];
robot 3: node id: 257, goal id: 257, path: [];
robot 4: node id: 614, goal id: 614, path: [];
robot 5: node id: 660, goal id: 660, path: [];
robot 6: node id: 751, goal id: 751, path: [];
robot 7: node id: 1000, goal id: 1000, path: [];
robot 8: node id: 537, goal id: 537, path: [];
robot 9: node id: 98, goal id: 97, path: [97];

2025-11-10 11:08:22 - root - INFO - Round 1, Timestep 14: The robot states are:
robot 0: node id: 411, goal id: 411, path: [];
robot 1: node id: 447, goal id: 447, path: [];
robot 2: node id: 687, goal id: 652, path: [686, 654, 653, 652];
robot 3: node id: 257, goal id: 257, path: [];
robot 4: node id: 614, goal id: 614, path: [];
robot 5: node id: 660, goal id: 660, path: [];
robot 6: node id: 751, goal id: 751, path: [];
robot 7: node id: 1000, goal id: 1000, path: [];
robot 8: node id: 537, goal id: 537, path: [];
robot 9: node id: 97, goal id: 97, path: [];

2025-11-10 11:08:25 - root - INFO - Round 1, Timestep 15: The robot states are:
robot 0: node id: 411, goal id: 411, path: [];
robot 1: node id: 447, goal id: 447, path: [];
robot 2: node id: 686, goal id: 652, path: [654, 653, 652];
robot 3: node id: 257, goal id: 257, path: [];
robot 4: node id: 614, goal id: 614, path: [];
robot 5: node id: 660, goal id: 660, path: [];
robot 6: node id: 751, goal id: 751, path: [];
robot 7: node id: 1000, goal id: 1000, path: [];
robot 8: node id: 537, goal id: 537, path: [];
robot 9: node id: 97, goal id: 97, path: [];

2025-11-10 11:08:28 - root - INFO - Round 1, Timestep 16: The robot states are:
robot 0: node id: 411, goal id: 411, path: [];
robot 1: node id: 447, goal id: 447, path: [];
robot 2: node id: 654, goal id: 652, path: [653, 652];
robot 3: node id: 257, goal id: 257, path: [];
robot 4: node id: 614, goal id: 614, path: [];
robot 5: node id: 660, goal id: 660, path: [];
robot 6: node id: 751, goal id: 751, path: [];
robot 7: node id: 1000, goal id: 1000, path: [];
robot 8: node id: 537, goal id: 537, path: [];
robot 9: node id: 97, goal id: 97, path: [];

2025-11-10 11:08:30 - root - INFO - Round 1, Timestep 17: The robot states are:
robot 0: node id: 411, goal id: 411, path: [];
robot 1: node id: 447, goal id: 447, path: [];
robot 2: node id: 653, goal id: 652, path: [652];
robot 3: node id: 257, goal id: 257, path: [];
robot 4: node id: 614, goal id: 614, path: [];
robot 5: node id: 660, goal id: 660, path: [];
robot 6: node id: 751, goal id: 751, path: [];
robot 7: node id: 1000, goal id: 1000, path: [];
robot 8: node id: 537, goal id: 537, path: [];
robot 9: node id: 97, goal id: 97, path: [];

2025-11-10 11:08:37 - root - INFO - Round 2, Timestep 0: The robot states are:
robot 0: node id: 411, goal id: 517, path: [411, 410, 409, 408, 407, 406, 405, 404, 403, 402, 401, 433, 432, 431, 430, 429, 461, 460, 459, 458, 457, 489, 521, 520, 519, 518, 517];
robot 1: node id: 447, goal id: 746, path: [447, 446, 445, 444, 476, 508, 540, 539, 538, 570, 602, 601, 600, 599, 598, 597, 596, 595, 594, 593, 625, 624, 623, 622, 621, 620, 652, 684, 683, 715, 747, 746];
robot 2: node id: 652, goal id: 806, path: [652, 684, 716, 748, 747, 779, 811, 810, 809, 808, 807, 806];
robot 3: node id: 257, goal id: 609, path: [257, 289, 321, 353, 385, 417, 449, 481, 513, 545, 577, 609];
robot 4: node id: 614, goal id: 550, path: [614, 582, 550];
robot 5: node id: 660, goal id: 660, path: [];
robot 6: node id: 751, goal id: 751, path: [];
robot 7: node id: 1000, goal id: 1000, path: [];
robot 8: node id: 537, goal id: 537, path: [];
robot 9: node id: 97, goal id: 97, path: [];

2025-11-10 11:08:39 - root - INFO - Round 2, Timestep 1: The robot states are:
robot 0: node id: 411, goal id: 517, path: [410, 409, 408, 407, 406, 405, 404, 403, 402, 401, 433, 432, 431, 430, 429, 461, 460, 459, 458, 457, 489, 521, 520, 519, 518, 517];
robot 1: node id: 447, goal id: 746, path: [446, 445, 444, 476, 508, 540, 539, 538, 570, 602, 601, 600, 599, 598, 597, 596, 595, 594, 593, 625, 624, 623, 622, 621, 620, 652, 684, 683, 715, 747, 746];
robot 2: node id: 652, goal id: 806, path: [684, 716, 748, 747, 779, 811, 810, 809, 808, 807, 806];
robot 3: node id: 257, goal id: 609, path: [289, 321, 353, 385, 417, 449, 481, 513, 545, 577, 609];
robot 4: node id: 614, goal id: 550, path: [582, 550];
robot 5: node id: 660, goal id: 660, path: [];
robot 6: node id: 751, goal id: 751, path: [];
robot 7: node id: 1000, goal id: 1000, path: [];
robot 8: node id: 537, goal id: 537, path: [];
robot 9: node id: 97, goal id: 97, path: [];

2025-11-10 11:08:42 - root - INFO - Round 2, Timestep 2: The robot states are:
robot 0: node id: 410, goal id: 517, path: [409, 408, 407, 406, 405, 404, 403, 402, 401, 433, 432, 431, 430, 429, 461, 460, 459, 458, 457, 489, 521, 520, 519, 518, 517];
robot 1: node id: 446, goal id: 746, path: [445, 444, 476, 508, 540, 539, 538, 570, 602, 601, 600, 599, 598, 597, 596, 595, 594, 593, 625, 624, 623, 622, 621, 620, 652, 684, 683, 715, 747, 746];
robot 2: node id: 684, goal id: 806, path: [716, 748, 747, 779, 811, 810, 809, 808, 807, 806];
robot 3: node id: 289, goal id: 609, path: [321, 353, 385, 417, 449, 481, 513, 545, 577, 609];
robot 4: node id: 582, goal id: 550, path: [550];
robot 5: node id: 660, goal id: 660, path: [];
robot 6: node id: 751, goal id: 751, path: [];
robot 7: node id: 1000, goal id: 1000, path: [];
robot 8: node id: 537, goal id: 537, path: [];
robot 9: node id: 97, goal id: 97, path: [];

2025-11-10 11:08:44 - root - INFO - Round 2, Timestep 3: The robot states are:
robot 0: node id: 409, goal id: 517, path: [408, 407, 406, 405, 404, 403, 402, 401, 433, 432, 431, 430, 429, 461, 460, 459, 458, 457, 489, 521, 520, 519, 518, 517];
robot 1: node id: 445, goal id: 746, path: [444, 476, 508, 540, 539, 538, 570, 602, 601, 600, 599, 598, 597, 596, 595, 594, 593, 625, 624, 623, 622, 621, 620, 652, 684, 683, 715, 747, 746];
robot 2: node id: 716, goal id: 806, path: [748, 747, 779, 811, 810, 809, 808, 807, 806];
robot 3: node id: 321, goal id: 609, path: [353, 385, 417, 449, 481, 513, 545, 577, 609];
robot 4: node id: 550, goal id: 550, path: [];
robot 5: node id: 660, goal id: 660, path: [];
robot 6: node id: 751, goal id: 751, path: [];
robot 7: node id: 1000, goal id: 1000, path: [];
robot 8: node id: 537, goal id: 537, path: [];
robot 9: node id: 97, goal id: 97, path: [];

2025-11-10 11:08:47 - root - INFO - Round 2, Timestep 4: The robot states are:
robot 0: node id: 408, goal id: 517, path: [407, 406, 405, 404, 403, 402, 401, 433, 432, 431, 430, 429, 461, 460, 459, 458, 457, 489, 521, 520, 519, 518, 517];
robot 1: node id: 444, goal id: 746, path: [476, 508, 540, 539, 538, 570, 602, 601, 600, 599, 598, 597, 596, 595, 594, 593, 625, 624, 623, 622, 621, 620, 652, 684, 683, 715, 747, 746];
robot 2: node id: 748, goal id: 806, path: [747, 779, 811, 810, 809, 808, 807, 806];
robot 3: node id: 353, goal id: 609, path: [385, 417, 449, 481, 513, 545, 577, 609];
robot 4: node id: 550, goal id: 550, path: [];
robot 5: node id: 660, goal id: 660, path: [];
robot 6: node id: 751, goal id: 751, path: [];
robot 7: node id: 1000, goal id: 1000, path: [];
robot 8: node id: 537, goal id: 537, path: [];
robot 9: node id: 97, goal id: 97, path: [];

2025-11-10 11:08:49 - root - INFO - Round 2, Timestep 5: The robot states are:
robot 0: node id: 407, goal id: 517, path: [406, 405, 404, 403, 402, 401, 433, 432, 431, 430, 429, 461, 460, 459, 458, 457, 489, 521, 520, 519, 518, 517];
robot 1: node id: 476, goal id: 746, path: [508, 540, 539, 538, 570, 602, 601, 600, 599, 598, 597, 596, 595, 594, 593, 625, 624, 623, 622, 621, 620, 652, 684, 683, 715, 747, 746];
robot 2: node id: 747, goal id: 806, path: [779, 811, 810, 809, 808, 807, 806];
robot 3: node id: 385, goal id: 609, path: [417, 449, 481, 513, 545, 577, 609];
robot 4: node id: 550, goal id: 550, path: [];
robot 5: node id: 660, goal id: 660, path: [];
robot 6: node id: 751, goal id: 751, path: [];
robot 7: node id: 1000, goal id: 1000, path: [];
robot 8: node id: 537, goal id: 537, path: [];
robot 9: node id: 97, goal id: 97, path: [];

2025-11-10 11:08:52 - root - INFO - Round 2, Timestep 6: The robot states are:
robot 0: node id: 406, goal id: 517, path: [405, 404, 403, 402, 401, 433, 432, 431, 430, 429, 461, 460, 459, 458, 457, 489, 521, 520, 519, 518, 517];
robot 1: node id: 508, goal id: 746, path: [540, 539, 538, 570, 602, 601, 600, 599, 598, 597, 596, 595, 594, 593, 625, 624, 623, 622, 621, 620, 652, 684, 683, 715, 747, 746];
robot 2: node id: 779, goal id: 806, path: [811, 810, 809, 808, 807, 806];
robot 3: node id: 417, goal id: 609, path: [449, 481, 513, 545, 577, 609];
robot 4: node id: 550, goal id: 550, path: [];
robot 5: node id: 660, goal id: 660, path: [];
robot 6: node id: 751, goal id: 751, path: [];
robot 7: node id: 1000, goal id: 1000, path: [];
robot 8: node id: 537, goal id: 537, path: [];
robot 9: node id: 97, goal id: 97, path: [];

2025-11-10 11:08:54 - root - INFO - Round 2, Timestep 7: The robot states are:
robot 0: node id: 405, goal id: 517, path: [404, 403, 402, 401, 433, 432, 431, 430, 429, 461, 460, 459, 458, 457, 489, 521, 520, 519, 518, 517];
robot 1: node id: 540, goal id: 746, path: [539, 538, 570, 602, 601, 600, 599, 598, 597, 596, 595, 594, 593, 625, 624, 623, 622, 621, 620, 652, 684, 683, 715, 747, 746];
robot 2: node id: 811, goal id: 806, path: [810, 809, 808, 807, 806];
robot 3: node id: 449, goal id: 609, path: [481, 513, 545, 577, 609];
robot 4: node id: 550, goal id: 550, path: [];
robot 5: node id: 660, goal id: 660, path: [];
robot 6: node id: 751, goal id: 751, path: [];
robot 7: node id: 1000, goal id: 1000, path: [];
robot 8: node id: 537, goal id: 537, path: [];
robot 9: node id: 97, goal id: 97, path: [];

2025-11-10 11:08:57 - root - INFO - Round 2, Timestep 8: The robot states are:
robot 0: node id: 404, goal id: 517, path: [403, 402, 401, 433, 432, 431, 430, 429, 461, 460, 459, 458, 457, 489, 521, 520, 519, 518, 517];
robot 1: node id: 539, goal id: 746, path: [538, 570, 602, 601, 600, 599, 598, 597, 596, 595, 594, 593, 625, 624, 623, 622, 621, 620, 652, 684, 683, 715, 747, 746];
robot 2: node id: 810, goal id: 806, path: [809, 808, 807, 806];
robot 3: node id: 481, goal id: 609, path: [513, 545, 577, 609];
robot 4: node id: 550, goal id: 550, path: [];
robot 5: node id: 660, goal id: 660, path: [];
robot 6: node id: 751, goal id: 751, path: [];
robot 7: node id: 1000, goal id: 1000, path: [];
robot 8: node id: 537, goal id: 537, path: [];
robot 9: node id: 97, goal id: 97, path: [];

2025-11-10 11:08:59 - root - INFO - Round 2, Timestep 9: The robot states are:
robot 0: node id: 403, goal id: 517, path: [402, 401, 433, 432, 431, 430, 429, 461, 460, 459, 458, 457, 489, 521, 520, 519, 518, 517];
robot 1: node id: 538, goal id: 746, path: [570, 602, 601, 600, 599, 598, 597, 596, 595, 594, 593, 625, 624, 623, 622, 621, 620, 652, 684, 683, 715, 747, 746];
robot 2: node id: 809, goal id: 806, path: [808, 807, 806];
robot 3: node id: 513, goal id: 609, path: [545, 577, 609];
robot 4: node id: 550, goal id: 550, path: [];
robot 5: node id: 660, goal id: 660, path: [];
robot 6: node id: 751, goal id: 751, path: [];
robot 7: node id: 1000, goal id: 1000, path: [];
robot 8: node id: 537, goal id: 537, path: [];
robot 9: node id: 97, goal id: 97, path: [];

2025-11-10 11:09:02 - root - INFO - Round 2, Timestep 10: The robot states are:
robot 0: node id: 402, goal id: 517, path: [401, 433, 432, 431, 430, 429, 461, 460, 459, 458, 457, 489, 521, 520, 519, 518, 517];
robot 1: node id: 570, goal id: 746, path: [602, 601, 600, 599, 598, 597, 596, 595, 594, 593, 625, 624, 623, 622, 621, 620, 652, 684, 683, 715, 747, 746];
robot 2: node id: 808, goal id: 806, path: [807, 806];
robot 3: node id: 545, goal id: 609, path: [577, 609];
robot 4: node id: 550, goal id: 550, path: [];
robot 5: node id: 660, goal id: 660, path: [];
robot 6: node id: 751, goal id: 751, path: [];
robot 7: node id: 1000, goal id: 1000, path: [];
robot 8: node id: 537, goal id: 537, path: [];
robot 9: node id: 97, goal id: 97, path: [];

2025-11-10 11:09:04 - root - INFO - Round 2, Timestep 11: The robot states are:
robot 0: node id: 401, goal id: 517, path: [433, 432, 431, 430, 429, 461, 460, 459, 458, 457, 489, 521, 520, 519, 518, 517];
robot 1: node id: 602, goal id: 746, path: [601, 600, 599, 598, 597, 596, 595, 594, 593, 625, 624, 623, 622, 621, 620, 652, 684, 683, 715, 747, 746];
robot 2: node id: 807, goal id: 806, path: [806];
robot 3: node id: 577, goal id: 609, path: [609];
robot 4: node id: 550, goal id: 550, path: [];
robot 5: node id: 660, goal id: 660, path: [];
robot 6: node id: 751, goal id: 751, path: [];
robot 7: node id: 1000, goal id: 1000, path: [];
robot 8: node id: 537, goal id: 537, path: [];
robot 9: node id: 97, goal id: 97, path: [];

2025-11-10 11:09:06 - root - INFO - Round 2, Timestep 12: The robot states are:
robot 0: node id: 433, goal id: 517, path: [432, 431, 430, 429, 461, 460, 459, 458, 457, 489, 521, 520, 519, 518, 517];
robot 1: node id: 601, goal id: 746, path: [600, 599, 598, 597, 596, 595, 594, 593, 625, 624, 623, 622, 621, 620, 652, 684, 683, 715, 747, 746];
robot 2: node id: 806, goal id: 806, path: [];
robot 3: node id: 609, goal id: 609, path: [];
robot 4: node id: 550, goal id: 550, path: [];
robot 5: node id: 660, goal id: 660, path: [];
robot 6: node id: 751, goal id: 751, path: [];
robot 7: node id: 1000, goal id: 1000, path: [];
robot 8: node id: 537, goal id: 537, path: [];
robot 9: node id: 97, goal id: 97, path: [];

2025-11-10 11:09:09 - root - INFO - Round 2, Timestep 13: The robot states are:
robot 0: node id: 432, goal id: 517, path: [431, 430, 429, 461, 460, 459, 458, 457, 489, 521, 520, 519, 518, 517];
robot 1: node id: 600, goal id: 746, path: [599, 598, 597, 596, 595, 594, 593, 625, 624, 623, 622, 621, 620, 652, 684, 683, 715, 747, 746];
robot 2: node id: 806, goal id: 806, path: [];
robot 3: node id: 609, goal id: 609, path: [];
robot 4: node id: 550, goal id: 550, path: [];
robot 5: node id: 660, goal id: 660, path: [];
robot 6: node id: 751, goal id: 751, path: [];
robot 7: node id: 1000, goal id: 1000, path: [];
robot 8: node id: 537, goal id: 537, path: [];
robot 9: node id: 97, goal id: 97, path: [];

2025-11-10 11:09:11 - root - INFO - Round 2, Timestep 14: The robot states are:
robot 0: node id: 431, goal id: 517, path: [430, 429, 461, 460, 459, 458, 457, 489, 521, 520, 519, 518, 517];
robot 1: node id: 599, goal id: 746, path: [598, 597, 596, 595, 594, 593, 625, 624, 623, 622, 621, 620, 652, 684, 683, 715, 747, 746];
robot 2: node id: 806, goal id: 806, path: [];
robot 3: node id: 609, goal id: 609, path: [];
robot 4: node id: 550, goal id: 550, path: [];
robot 5: node id: 660, goal id: 660, path: [];
robot 6: node id: 751, goal id: 751, path: [];
robot 7: node id: 1000, goal id: 1000, path: [];
robot 8: node id: 537, goal id: 537, path: [];
robot 9: node id: 97, goal id: 97, path: [];

2025-11-10 11:09:14 - root - INFO - Round 2, Timestep 15: The robot states are:
robot 0: node id: 430, goal id: 517, path: [429, 461, 460, 459, 458, 457, 489, 521, 520, 519, 518, 517];
robot 1: node id: 598, goal id: 746, path: [597, 596, 595, 594, 593, 625, 624, 623, 622, 621, 620, 652, 684, 683, 715, 747, 746];
robot 2: node id: 806, goal id: 806, path: [];
robot 3: node id: 609, goal id: 609, path: [];
robot 4: node id: 550, goal id: 550, path: [];
robot 5: node id: 660, goal id: 660, path: [];
robot 6: node id: 751, goal id: 751, path: [];
robot 7: node id: 1000, goal id: 1000, path: [];
robot 8: node id: 537, goal id: 537, path: [];
robot 9: node id: 97, goal id: 97, path: [];

2025-11-10 11:09:16 - root - INFO - Round 2, Timestep 16: The robot states are:
robot 0: node id: 429, goal id: 517, path: [461, 460, 459, 458, 457, 489, 521, 520, 519, 518, 517];
robot 1: node id: 597, goal id: 746, path: [596, 595, 594, 593, 625, 624, 623, 622, 621, 620, 652, 684, 683, 715, 747, 746];
robot 2: node id: 806, goal id: 806, path: [];
robot 3: node id: 609, goal id: 609, path: [];
robot 4: node id: 550, goal id: 550, path: [];
robot 5: node id: 660, goal id: 660, path: [];
robot 6: node id: 751, goal id: 751, path: [];
robot 7: node id: 1000, goal id: 1000, path: [];
robot 8: node id: 537, goal id: 537, path: [];
robot 9: node id: 97, goal id: 97, path: [];

2025-11-10 11:09:18 - root - INFO - Round 2, Timestep 17: The robot states are:
robot 0: node id: 461, goal id: 517, path: [460, 459, 458, 457, 489, 521, 520, 519, 518, 517];
robot 1: node id: 596, goal id: 746, path: [595, 594, 593, 625, 624, 623, 622, 621, 620, 652, 684, 683, 715, 747, 746];
robot 2: node id: 806, goal id: 806, path: [];
robot 3: node id: 609, goal id: 609, path: [];
robot 4: node id: 550, goal id: 550, path: [];
robot 5: node id: 660, goal id: 660, path: [];
robot 6: node id: 751, goal id: 751, path: [];
robot 7: node id: 1000, goal id: 1000, path: [];
robot 8: node id: 537, goal id: 537, path: [];
robot 9: node id: 97, goal id: 97, path: [];

2025-11-10 11:09:21 - root - INFO - Round 2, Timestep 18: The robot states are:
robot 0: node id: 460, goal id: 517, path: [459, 458, 457, 489, 521, 520, 519, 518, 517];
robot 1: node id: 595, goal id: 746, path: [594, 593, 625, 624, 623, 622, 621, 620, 652, 684, 683, 715, 747, 746];
robot 2: node id: 806, goal id: 806, path: [];
robot 3: node id: 609, goal id: 609, path: [];
robot 4: node id: 550, goal id: 550, path: [];
robot 5: node id: 660, goal id: 660, path: [];
robot 6: node id: 751, goal id: 751, path: [];
robot 7: node id: 1000, goal id: 1000, path: [];
robot 8: node id: 537, goal id: 537, path: [];
robot 9: node id: 97, goal id: 97, path: [];

2025-11-10 11:09:23 - root - INFO - Round 2, Timestep 19: The robot states are:
robot 0: node id: 459, goal id: 517, path: [458, 457, 489, 521, 520, 519, 518, 517];
robot 1: node id: 594, goal id: 746, path: [593, 625, 624, 623, 622, 621, 620, 652, 684, 683, 715, 747, 746];
robot 2: node id: 806, goal id: 806, path: [];
robot 3: node id: 609, goal id: 609, path: [];
robot 4: node id: 550, goal id: 550, path: [];
robot 5: node id: 660, goal id: 660, path: [];
robot 6: node id: 751, goal id: 751, path: [];
robot 7: node id: 1000, goal id: 1000, path: [];
robot 8: node id: 537, goal id: 537, path: [];
robot 9: node id: 97, goal id: 97, path: [];

2025-11-10 11:09:26 - root - INFO - Round 2, Timestep 20: The robot states are:
robot 0: node id: 458, goal id: 517, path: [457, 489, 521, 520, 519, 518, 517];
robot 1: node id: 593, goal id: 746, path: [625, 624, 623, 622, 621, 620, 652, 684, 683, 715, 747, 746];
robot 2: node id: 806, goal id: 806, path: [];
robot 3: node id: 609, goal id: 609, path: [];
robot 4: node id: 550, goal id: 550, path: [];
robot 5: node id: 660, goal id: 660, path: [];
robot 6: node id: 751, goal id: 751, path: [];
robot 7: node id: 1000, goal id: 1000, path: [];
robot 8: node id: 537, goal id: 537, path: [];
robot 9: node id: 97, goal id: 97, path: [];

2025-11-10 11:09:28 - root - INFO - Round 2, Timestep 21: The robot states are:
robot 0: node id: 457, goal id: 517, path: [489, 521, 520, 519, 518, 517];
robot 1: node id: 625, goal id: 746, path: [624, 623, 622, 621, 620, 652, 684, 683, 715, 747, 746];
robot 2: node id: 806, goal id: 806, path: [];
robot 3: node id: 609, goal id: 609, path: [];
robot 4: node id: 550, goal id: 550, path: [];
robot 5: node id: 660, goal id: 660, path: [];
robot 6: node id: 751, goal id: 751, path: [];
robot 7: node id: 1000, goal id: 1000, path: [];
robot 8: node id: 537, goal id: 537, path: [];
robot 9: node id: 97, goal id: 97, path: [];

2025-11-10 11:09:30 - root - INFO - Round 2, Timestep 22: The robot states are:
robot 0: node id: 489, goal id: 517, path: [521, 520, 519, 518, 517];
robot 1: node id: 624, goal id: 746, path: [623, 622, 621, 620, 652, 684, 683, 715, 747, 746];
robot 2: node id: 806, goal id: 806, path: [];
robot 3: node id: 609, goal id: 609, path: [];
robot 4: node id: 550, goal id: 550, path: [];
robot 5: node id: 660, goal id: 660, path: [];
robot 6: node id: 751, goal id: 751, path: [];
robot 7: node id: 1000, goal id: 1000, path: [];
robot 8: node id: 537, goal id: 537, path: [];
robot 9: node id: 97, goal id: 97, path: [];

2025-11-10 11:09:33 - root - INFO - Round 2, Timestep 23: The robot states are:
robot 0: node id: 521, goal id: 517, path: [520, 519, 518, 517];
robot 1: node id: 623, goal id: 746, path: [622, 621, 620, 652, 684, 683, 715, 747, 746];
robot 2: node id: 806, goal id: 806, path: [];
robot 3: node id: 609, goal id: 609, path: [];
robot 4: node id: 550, goal id: 550, path: [];
robot 5: node id: 660, goal id: 660, path: [];
robot 6: node id: 751, goal id: 751, path: [];
robot 7: node id: 1000, goal id: 1000, path: [];
robot 8: node id: 537, goal id: 537, path: [];
robot 9: node id: 97, goal id: 97, path: [];

2025-11-10 11:09:35 - root - INFO - Round 2, Timestep 24: The robot states are:
robot 0: node id: 520, goal id: 517, path: [519, 518, 517];
robot 1: node id: 622, goal id: 746, path: [621, 620, 652, 684, 683, 715, 747, 746];
robot 2: node id: 806, goal id: 806, path: [];
robot 3: node id: 609, goal id: 609, path: [];
robot 4: node id: 550, goal id: 550, path: [];
robot 5: node id: 660, goal id: 660, path: [];
robot 6: node id: 751, goal id: 751, path: [];
robot 7: node id: 1000, goal id: 1000, path: [];
robot 8: node id: 537, goal id: 537, path: [];
robot 9: node id: 97, goal id: 97, path: [];

2025-11-10 11:09:37 - root - INFO - Round 2, Timestep 25: The robot states are:
robot 0: node id: 519, goal id: 517, path: [518, 517];
robot 1: node id: 621, goal id: 746, path: [620, 652, 684, 683, 715, 747, 746];
robot 2: node id: 806, goal id: 806, path: [];
robot 3: node id: 609, goal id: 609, path: [];
robot 4: node id: 550, goal id: 550, path: [];
robot 5: node id: 660, goal id: 660, path: [];
robot 6: node id: 751, goal id: 751, path: [];
robot 7: node id: 1000, goal id: 1000, path: [];
robot 8: node id: 537, goal id: 537, path: [];
robot 9: node id: 97, goal id: 97, path: [];

2025-11-10 11:09:40 - root - INFO - Round 2, Timestep 26: The robot states are:
robot 0: node id: 518, goal id: 517, path: [517];
robot 1: node id: 620, goal id: 746, path: [652, 684, 683, 715, 747, 746];
robot 2: node id: 806, goal id: 806, path: [];
robot 3: node id: 609, goal id: 609, path: [];
robot 4: node id: 550, goal id: 550, path: [];
robot 5: node id: 660, goal id: 660, path: [];
robot 6: node id: 751, goal id: 751, path: [];
robot 7: node id: 1000, goal id: 1000, path: [];
robot 8: node id: 537, goal id: 537, path: [];
robot 9: node id: 97, goal id: 97, path: [];

2025-11-10 11:09:42 - root - INFO - Round 2, Timestep 27: The robot states are:
robot 0: node id: 517, goal id: 517, path: [];
robot 1: node id: 652, goal id: 746, path: [684, 683, 715, 747, 746];
robot 2: node id: 806, goal id: 806, path: [];
robot 3: node id: 609, goal id: 609, path: [];
robot 4: node id: 550, goal id: 550, path: [];
robot 5: node id: 660, goal id: 660, path: [];
robot 6: node id: 751, goal id: 751, path: [];
robot 7: node id: 1000, goal id: 1000, path: [];
robot 8: node id: 537, goal id: 537, path: [];
robot 9: node id: 97, goal id: 97, path: [];

2025-11-10 11:09:45 - root - INFO - Round 2, Timestep 28: The robot states are:
robot 0: node id: 517, goal id: 517, path: [];
robot 1: node id: 684, goal id: 746, path: [683, 715, 747, 746];
robot 2: node id: 806, goal id: 806, path: [];
robot 3: node id: 609, goal id: 609, path: [];
robot 4: node id: 550, goal id: 550, path: [];
robot 5: node id: 660, goal id: 660, path: [];
robot 6: node id: 751, goal id: 751, path: [];
robot 7: node id: 1000, goal id: 1000, path: [];
robot 8: node id: 537, goal id: 537, path: [];
robot 9: node id: 97, goal id: 97, path: [];

2025-11-10 11:09:47 - root - INFO - Round 2, Timestep 29: The robot states are:
robot 0: node id: 517, goal id: 517, path: [];
robot 1: node id: 683, goal id: 746, path: [715, 747, 746];
robot 2: node id: 806, goal id: 806, path: [];
robot 3: node id: 609, goal id: 609, path: [];
robot 4: node id: 550, goal id: 550, path: [];
robot 5: node id: 660, goal id: 660, path: [];
robot 6: node id: 751, goal id: 751, path: [];
robot 7: node id: 1000, goal id: 1000, path: [];
robot 8: node id: 537, goal id: 537, path: [];
robot 9: node id: 97, goal id: 97, path: [];

2025-11-10 11:09:50 - root - INFO - Round 2, Timestep 30: The robot states are:
robot 0: node id: 517, goal id: 517, path: [];
robot 1: node id: 715, goal id: 746, path: [747, 746];
robot 2: node id: 806, goal id: 806, path: [];
robot 3: node id: 609, goal id: 609, path: [];
robot 4: node id: 550, goal id: 550, path: [];
robot 5: node id: 660, goal id: 660, path: [];
robot 6: node id: 751, goal id: 751, path: [];
robot 7: node id: 1000, goal id: 1000, path: [];
robot 8: node id: 537, goal id: 537, path: [];
robot 9: node id: 97, goal id: 97, path: [];

2025-11-10 11:09:52 - root - INFO - Round 2, Timestep 31: The robot states are:
robot 0: node id: 517, goal id: 517, path: [];
robot 1: node id: 747, goal id: 746, path: [746];
robot 2: node id: 806, goal id: 806, path: [];
robot 3: node id: 609, goal id: 609, path: [];
robot 4: node id: 550, goal id: 550, path: [];
robot 5: node id: 660, goal id: 660, path: [];
robot 6: node id: 751, goal id: 751, path: [];
robot 7: node id: 1000, goal id: 1000, path: [];
robot 8: node id: 537, goal id: 537, path: [];
robot 9: node id: 97, goal id: 97, path: [];

