2025-11-11 17:16:45 - root - INFO - Round 0, Timestep 0: The robot states are:
robot 0: node id: 396, goal id: 433, path: [396, 397, 398, 399, 400, 432, 433];
robot 1: node id: 874, goal id: 938, path: [874, 906, 938];
robot 2: node id: 290, goal id: 451, path: [290, 291, 323, 355, 387, 419, 451];
robot 3: node id: 960, goal id: 966, path: [960, 961, 962, 963, 964, 965, 966];
robot 4: node id: 800, goal id: 583, path: [800, 768, 769, 770, 771, 739, 707, 708, 676, 677, 678, 646, 614, 582, 583];
robot 5: node id: 174, goal id: 237, path: [174, 173, 205, 237];
robot 6: node id: 108, goal id: 44, path: [108, 76, 44];
robot 7: node id: 38, goal id: 98, path: [38, 37, 69, 101, 100, 99, 98];
robot 8: node id: 457, goal id: 391, path: [457, 425, 424, 423, 391];
robot 9: node id: 656, goal id: 683, path: [656, 688, 687, 686, 685, 684, 683];

2025-11-11 17:16:48 - root - INFO - Round 0, Timestep 1: The robot states are:
robot 0: node id: 396, goal id: 433, path: [397, 398, 399, 400, 432, 433];
robot 1: node id: 874, goal id: 938, path: [906, 938];
robot 2: node id: 290, goal id: 451, path: [291, 323, 355, 387, 419, 451];
robot 3: node id: 960, goal id: 966, path: [961, 962, 963, 964, 965, 966];
robot 4: node id: 800, goal id: 583, path: [768, 769, 770, 771, 739, 707, 708, 676, 677, 678, 646, 614, 582, 583];
robot 5: node id: 174, goal id: 237, path: [173, 205, 237];
robot 6: node id: 108, goal id: 44, path: [76, 44];
robot 7: node id: 38, goal id: 98, path: [37, 69, 101, 100, 99, 98];
robot 8: node id: 457, goal id: 391, path: [425, 424, 423, 391];
robot 9: node id: 656, goal id: 683, path: [688, 687, 686, 685, 684, 683];

2025-11-11 17:16:50 - root - INFO - Round 0, Timestep 2: The robot states are:
robot 0: node id: 397, goal id: 433, path: [398, 399, 400, 432, 433];
robot 1: node id: 906, goal id: 938, path: [938];
robot 2: node id: 291, goal id: 451, path: [323, 355, 387, 419, 451];
robot 3: node id: 961, goal id: 966, path: [962, 963, 964, 965, 966];
robot 4: node id: 768, goal id: 583, path: [769, 770, 771, 739, 707, 708, 676, 677, 678, 646, 614, 582, 583];
robot 5: node id: 173, goal id: 237, path: [205, 237];
robot 6: node id: 76, goal id: 44, path: [44];
robot 7: node id: 37, goal id: 98, path: [69, 101, 100, 99, 98];
robot 8: node id: 425, goal id: 391, path: [424, 423, 391];
robot 9: node id: 688, goal id: 683, path: [687, 686, 685, 684, 683];

2025-11-11 17:16:53 - root - INFO - Round 0, Timestep 3: The robot states are:
robot 0: node id: 398, goal id: 433, path: [399, 400, 432, 433];
robot 1: node id: 938, goal id: 938, path: [];
robot 2: node id: 323, goal id: 451, path: [355, 387, 419, 451];
robot 3: node id: 962, goal id: 966, path: [963, 964, 965, 966];
robot 4: node id: 769, goal id: 583, path: [770, 771, 739, 707, 708, 676, 677, 678, 646, 614, 582, 583];
robot 5: node id: 205, goal id: 237, path: [237];
robot 6: node id: 44, goal id: 44, path: [];
robot 7: node id: 69, goal id: 98, path: [101, 100, 99, 98];
robot 8: node id: 424, goal id: 391, path: [423, 391];
robot 9: node id: 687, goal id: 683, path: [686, 685, 684, 683];

2025-11-11 17:16:55 - root - INFO - Round 0, Timestep 4: The robot states are:
robot 0: node id: 399, goal id: 433, path: [400, 432, 433];
robot 1: node id: 938, goal id: 938, path: [];
robot 2: node id: 355, goal id: 451, path: [387, 419, 451];
robot 3: node id: 963, goal id: 966, path: [964, 965, 966];
robot 4: node id: 770, goal id: 583, path: [771, 739, 707, 708, 676, 677, 678, 646, 614, 582, 583];
robot 5: node id: 237, goal id: 237, path: [];
robot 6: node id: 44, goal id: 44, path: [];
robot 7: node id: 101, goal id: 98, path: [100, 99, 98];
robot 8: node id: 423, goal id: 391, path: [391];
robot 9: node id: 686, goal id: 683, path: [685, 684, 683];

2025-11-11 17:16:58 - root - INFO - Round 0, Timestep 5: The robot states are:
robot 0: node id: 400, goal id: 433, path: [432, 433];
robot 1: node id: 938, goal id: 938, path: [];
robot 2: node id: 387, goal id: 451, path: [419, 451];
robot 3: node id: 964, goal id: 966, path: [965, 966];
robot 4: node id: 771, goal id: 583, path: [739, 707, 708, 676, 677, 678, 646, 614, 582, 583];
robot 5: node id: 237, goal id: 237, path: [];
robot 6: node id: 44, goal id: 44, path: [];
robot 7: node id: 100, goal id: 98, path: [99, 98];
robot 8: node id: 391, goal id: 391, path: [];
robot 9: node id: 685, goal id: 683, path: [684, 683];

2025-11-11 17:17:00 - root - INFO - Round 0, Timestep 6: The robot states are:
robot 0: node id: 432, goal id: 433, path: [433];
robot 1: node id: 938, goal id: 938, path: [];
robot 2: node id: 419, goal id: 451, path: [451];
robot 3: node id: 965, goal id: 966, path: [966];
robot 4: node id: 739, goal id: 583, path: [707, 708, 676, 677, 678, 646, 614, 582, 583];
robot 5: node id: 237, goal id: 237, path: [];
robot 6: node id: 44, goal id: 44, path: [];
robot 7: node id: 99, goal id: 98, path: [98];
robot 8: node id: 391, goal id: 391, path: [];
robot 9: node id: 684, goal id: 683, path: [683];

2025-11-11 17:17:03 - root - INFO - Round 0, Timestep 7: The robot states are:
robot 0: node id: 433, goal id: 433, path: [];
robot 1: node id: 938, goal id: 938, path: [];
robot 2: node id: 451, goal id: 451, path: [];
robot 3: node id: 966, goal id: 966, path: [];
robot 4: node id: 707, goal id: 583, path: [708, 676, 677, 678, 646, 614, 582, 583];
robot 5: node id: 237, goal id: 237, path: [];
robot 6: node id: 44, goal id: 44, path: [];
robot 7: node id: 98, goal id: 98, path: [];
robot 8: node id: 391, goal id: 391, path: [];
robot 9: node id: 683, goal id: 683, path: [];

2025-11-11 17:17:05 - root - INFO - Round 0, Timestep 8: The robot states are:
robot 0: node id: 433, goal id: 433, path: [];
robot 1: node id: 938, goal id: 938, path: [];
robot 2: node id: 451, goal id: 451, path: [];
robot 3: node id: 966, goal id: 966, path: [];
robot 4: node id: 708, goal id: 583, path: [676, 677, 678, 646, 614, 582, 583];
robot 5: node id: 237, goal id: 237, path: [];
robot 6: node id: 44, goal id: 44, path: [];
robot 7: node id: 98, goal id: 98, path: [];
robot 8: node id: 391, goal id: 391, path: [];
robot 9: node id: 683, goal id: 683, path: [];

2025-11-11 17:17:08 - root - INFO - Round 0, Timestep 9: The robot states are:
robot 0: node id: 433, goal id: 433, path: [];
robot 1: node id: 938, goal id: 938, path: [];
robot 2: node id: 451, goal id: 451, path: [];
robot 3: node id: 966, goal id: 966, path: [];
robot 4: node id: 676, goal id: 583, path: [677, 678, 646, 614, 582, 583];
robot 5: node id: 237, goal id: 237, path: [];
robot 6: node id: 44, goal id: 44, path: [];
robot 7: node id: 98, goal id: 98, path: [];
robot 8: node id: 391, goal id: 391, path: [];
robot 9: node id: 683, goal id: 683, path: [];

2025-11-11 17:17:10 - root - INFO - Round 0, Timestep 10: The robot states are:
robot 0: node id: 433, goal id: 433, path: [];
robot 1: node id: 938, goal id: 938, path: [];
robot 2: node id: 451, goal id: 451, path: [];
robot 3: node id: 966, goal id: 966, path: [];
robot 4: node id: 677, goal id: 583, path: [678, 646, 614, 582, 583];
robot 5: node id: 237, goal id: 237, path: [];
robot 6: node id: 44, goal id: 44, path: [];
robot 7: node id: 98, goal id: 98, path: [];
robot 8: node id: 391, goal id: 391, path: [];
robot 9: node id: 683, goal id: 683, path: [];

2025-11-11 17:17:13 - root - INFO - Round 0, Timestep 11: The robot states are:
robot 0: node id: 433, goal id: 433, path: [];
robot 1: node id: 938, goal id: 938, path: [];
robot 2: node id: 451, goal id: 451, path: [];
robot 3: node id: 966, goal id: 966, path: [];
robot 4: node id: 678, goal id: 583, path: [646, 614, 582, 583];
robot 5: node id: 237, goal id: 237, path: [];
robot 6: node id: 44, goal id: 44, path: [];
robot 7: node id: 98, goal id: 98, path: [];
robot 8: node id: 391, goal id: 391, path: [];
robot 9: node id: 683, goal id: 683, path: [];

2025-11-11 17:17:15 - root - INFO - Round 0, Timestep 12: The robot states are:
robot 0: node id: 433, goal id: 433, path: [];
robot 1: node id: 938, goal id: 938, path: [];
robot 2: node id: 451, goal id: 451, path: [];
robot 3: node id: 966, goal id: 966, path: [];
robot 4: node id: 646, goal id: 583, path: [614, 582, 583];
robot 5: node id: 237, goal id: 237, path: [];
robot 6: node id: 44, goal id: 44, path: [];
robot 7: node id: 98, goal id: 98, path: [];
robot 8: node id: 391, goal id: 391, path: [];
robot 9: node id: 683, goal id: 683, path: [];

2025-11-11 17:17:17 - root - INFO - Round 0, Timestep 13: The robot states are:
robot 0: node id: 433, goal id: 433, path: [];
robot 1: node id: 938, goal id: 938, path: [];
robot 2: node id: 451, goal id: 451, path: [];
robot 3: node id: 966, goal id: 966, path: [];
robot 4: node id: 614, goal id: 583, path: [582, 583];
robot 5: node id: 237, goal id: 237, path: [];
robot 6: node id: 44, goal id: 44, path: [];
robot 7: node id: 98, goal id: 98, path: [];
robot 8: node id: 391, goal id: 391, path: [];
robot 9: node id: 683, goal id: 683, path: [];

2025-11-11 17:17:20 - root - INFO - Round 0, Timestep 14: The robot states are:
robot 0: node id: 433, goal id: 433, path: [];
robot 1: node id: 938, goal id: 938, path: [];
robot 2: node id: 451, goal id: 451, path: [];
robot 3: node id: 966, goal id: 966, path: [];
robot 4: node id: 582, goal id: 583, path: [583];
robot 5: node id: 237, goal id: 237, path: [];
robot 6: node id: 44, goal id: 44, path: [];
robot 7: node id: 98, goal id: 98, path: [];
robot 8: node id: 391, goal id: 391, path: [];
robot 9: node id: 683, goal id: 683, path: [];

