2025-11-11 17:42:33 - root - INFO - Round 0, Timestep 0: The robot states are:
robot 0: node id: 182, goal id: 309, path: [182, 181, 213, 245, 277, 309];
robot 1: node id: 561, goal id: 497, path: [561, 529, 497];
robot 2: node id: 253, goal id: 157, path: [253, 221, 189, 157];
robot 3: node id: 615, goal id: 586, path: [615, 583, 584, 585, 586];
robot 4: node id: 183, goal id: 119, path: [183, 151, 119];
robot 5: node id: 240, goal id: 176, path: [240, 208, 176];
robot 6: node id: 349, goal id: 407, path: [349, 348, 380, 379, 378, 410, 409, 408, 407];
robot 7: node id: 564, goal id: 662, path: [564, 565, 597, 629, 661, 662];
robot 8: node id: 229, goal id: 230, path: [229, 230];
robot 9: node id: 128, goal id: 34, path: [128, 96, 64, 65, 66, 34];

2025-11-11 17:42:35 - root - INFO - Round 0, Timestep 1: The robot states are:
robot 0: node id: 182, goal id: 309, path: [181, 213, 245, 277, 309];
robot 1: node id: 561, goal id: 497, path: [529, 497];
robot 2: node id: 253, goal id: 157, path: [221, 189, 157];
robot 3: node id: 615, goal id: 586, path: [583, 584, 585, 586];
robot 4: node id: 183, goal id: 119, path: [151, 119];
robot 5: node id: 240, goal id: 176, path: [208, 176];
robot 6: node id: 349, goal id: 407, path: [348, 380, 379, 378, 410, 409, 408, 407];
robot 7: node id: 564, goal id: 662, path: [565, 597, 629, 661, 662];
robot 8: node id: 229, goal id: 230, path: [230];
robot 9: node id: 128, goal id: 34, path: [96, 64, 65, 66, 34];

2025-11-11 17:42:38 - root - INFO - Round 0, Timestep 2: The robot states are:
robot 0: node id: 181, goal id: 309, path: [213, 245, 277, 309];
robot 1: node id: 529, goal id: 497, path: [497];
robot 2: node id: 221, goal id: 157, path: [189, 157];
robot 3: node id: 583, goal id: 586, path: [584, 585, 586];
robot 4: node id: 151, goal id: 119, path: [119];
robot 5: node id: 208, goal id: 176, path: [176];
robot 6: node id: 348, goal id: 407, path: [380, 379, 378, 410, 409, 408, 407];
robot 7: node id: 565, goal id: 662, path: [597, 629, 661, 662];
robot 8: node id: 230, goal id: 230, path: [];
robot 9: node id: 96, goal id: 34, path: [64, 65, 66, 34];

2025-11-11 17:42:40 - root - INFO - Round 0, Timestep 3: The robot states are:
robot 0: node id: 213, goal id: 309, path: [245, 277, 309];
robot 1: node id: 497, goal id: 497, path: [];
robot 2: node id: 189, goal id: 157, path: [157];
robot 3: node id: 584, goal id: 586, path: [585, 586];
robot 4: node id: 119, goal id: 119, path: [];
robot 5: node id: 176, goal id: 176, path: [];
robot 6: node id: 380, goal id: 407, path: [379, 378, 410, 409, 408, 407];
robot 7: node id: 597, goal id: 662, path: [629, 661, 662];
robot 8: node id: 230, goal id: 230, path: [];
robot 9: node id: 64, goal id: 34, path: [65, 66, 34];

2025-11-11 17:42:43 - root - INFO - Round 0, Timestep 4: The robot states are:
robot 0: node id: 245, goal id: 309, path: [277, 309];
robot 1: node id: 497, goal id: 497, path: [];
robot 2: node id: 157, goal id: 157, path: [];
robot 3: node id: 585, goal id: 586, path: [586];
robot 4: node id: 119, goal id: 119, path: [];
robot 5: node id: 176, goal id: 176, path: [];
robot 6: node id: 379, goal id: 407, path: [378, 410, 409, 408, 407];
robot 7: node id: 629, goal id: 662, path: [661, 662];
robot 8: node id: 230, goal id: 230, path: [];
robot 9: node id: 65, goal id: 34, path: [66, 34];

2025-11-11 17:42:45 - root - INFO - Round 0, Timestep 5: The robot states are:
robot 0: node id: 277, goal id: 309, path: [309];
robot 1: node id: 497, goal id: 497, path: [];
robot 2: node id: 157, goal id: 157, path: [];
robot 3: node id: 586, goal id: 586, path: [];
robot 4: node id: 119, goal id: 119, path: [];
robot 5: node id: 176, goal id: 176, path: [];
robot 6: node id: 378, goal id: 407, path: [410, 409, 408, 407];
robot 7: node id: 661, goal id: 662, path: [662];
robot 8: node id: 230, goal id: 230, path: [];
robot 9: node id: 66, goal id: 34, path: [34];

2025-11-11 17:42:47 - root - INFO - Round 0, Timestep 6: The robot states are:
robot 0: node id: 309, goal id: 309, path: [];
robot 1: node id: 497, goal id: 497, path: [];
robot 2: node id: 157, goal id: 157, path: [];
robot 3: node id: 586, goal id: 586, path: [];
robot 4: node id: 119, goal id: 119, path: [];
robot 5: node id: 176, goal id: 176, path: [];
robot 6: node id: 410, goal id: 407, path: [409, 408, 407];
robot 7: node id: 662, goal id: 662, path: [];
robot 8: node id: 230, goal id: 230, path: [];
robot 9: node id: 34, goal id: 34, path: [];

2025-11-11 17:42:50 - root - INFO - Round 0, Timestep 7: The robot states are:
robot 0: node id: 309, goal id: 309, path: [];
robot 1: node id: 497, goal id: 497, path: [];
robot 2: node id: 157, goal id: 157, path: [];
robot 3: node id: 586, goal id: 586, path: [];
robot 4: node id: 119, goal id: 119, path: [];
robot 5: node id: 176, goal id: 176, path: [];
robot 6: node id: 409, goal id: 407, path: [408, 407];
robot 7: node id: 662, goal id: 662, path: [];
robot 8: node id: 230, goal id: 230, path: [];
robot 9: node id: 34, goal id: 34, path: [];

2025-11-11 17:42:52 - root - INFO - Round 0, Timestep 8: The robot states are:
robot 0: node id: 309, goal id: 309, path: [];
robot 1: node id: 497, goal id: 497, path: [];
robot 2: node id: 157, goal id: 157, path: [];
robot 3: node id: 586, goal id: 586, path: [];
robot 4: node id: 119, goal id: 119, path: [];
robot 5: node id: 176, goal id: 176, path: [];
robot 6: node id: 408, goal id: 407, path: [407];
robot 7: node id: 662, goal id: 662, path: [];
robot 8: node id: 230, goal id: 230, path: [];
robot 9: node id: 34, goal id: 34, path: [];

2025-11-11 17:42:59 - root - INFO - Round 1, Timestep 0: The robot states are:
robot 0: node id: 309, goal id: 437, path: [309, 341, 373, 405, 437];
robot 1: node id: 497, goal id: 688, path: [497, 529, 561, 593, 625, 624, 656, 688];
robot 2: node id: 157, goal id: 602, path: [157, 156, 188, 220, 252, 284, 283, 315, 347, 379, 411, 443, 475, 507, 539, 571, 570, 602];
robot 3: node id: 586, goal id: 749, path: [586, 587, 588, 620, 621, 653, 685, 717, 749];
robot 4: node id: 119, goal id: 78, path: [119, 87, 86, 85, 84, 83, 82, 81, 80, 79, 78];
robot 5: node id: 176, goal id: 168, path: [176, 175, 174, 206, 205, 204, 203, 171, 170, 169, 168];
robot 6: node id: 407, goal id: 634, path: [407, 408, 409, 441, 473, 505, 537, 538, 570, 602, 634];
robot 7: node id: 662, goal id: 886, path: [662, 661, 693, 725, 757, 789, 821, 853, 854, 886];
robot 8: node id: 230, goal id: 199, path: [230, 231, 199];
robot 9: node id: 34, goal id: 289, path: [34, 66, 98, 130, 129, 161, 193, 225, 257, 289];

2025-11-11 17:43:02 - root - INFO - Round 1, Timestep 1: The robot states are:
robot 0: node id: 309, goal id: 437, path: [341, 373, 405, 437];
robot 1: node id: 497, goal id: 688, path: [529, 561, 593, 625, 624, 656, 688];
robot 2: node id: 157, goal id: 602, path: [156, 188, 220, 252, 284, 283, 315, 347, 379, 411, 443, 475, 507, 539, 571, 570, 602];
robot 3: node id: 586, goal id: 749, path: [587, 588, 620, 621, 653, 685, 717, 749];
robot 4: node id: 119, goal id: 78, path: [87, 86, 85, 84, 83, 82, 81, 80, 79, 78];
robot 5: node id: 176, goal id: 168, path: [175, 174, 206, 205, 204, 203, 171, 170, 169, 168];
robot 6: node id: 407, goal id: 634, path: [408, 409, 441, 473, 505, 537, 538, 570, 602, 634];
robot 7: node id: 662, goal id: 886, path: [661, 693, 725, 757, 789, 821, 853, 854, 886];
robot 8: node id: 230, goal id: 199, path: [231, 199];
robot 9: node id: 34, goal id: 289, path: [66, 98, 130, 129, 161, 193, 225, 257, 289];

2025-11-11 17:43:04 - root - INFO - Round 1, Timestep 2: The robot states are:
robot 0: node id: 341, goal id: 437, path: [373, 405, 437];
robot 1: node id: 529, goal id: 688, path: [561, 593, 625, 624, 656, 688];
robot 2: node id: 156, goal id: 602, path: [188, 220, 252, 284, 283, 315, 347, 379, 411, 443, 475, 507, 539, 571, 570, 602];
robot 3: node id: 587, goal id: 749, path: [588, 620, 621, 653, 685, 717, 749];
robot 4: node id: 87, goal id: 78, path: [86, 85, 84, 83, 82, 81, 80, 79, 78];
robot 5: node id: 175, goal id: 168, path: [174, 206, 205, 204, 203, 171, 170, 169, 168];
robot 6: node id: 408, goal id: 634, path: [409, 441, 473, 505, 537, 538, 570, 602, 634];
robot 7: node id: 661, goal id: 886, path: [693, 725, 757, 789, 821, 853, 854, 886];
robot 8: node id: 231, goal id: 199, path: [199];
robot 9: node id: 66, goal id: 289, path: [98, 130, 129, 161, 193, 225, 257, 289];

2025-11-11 17:43:07 - root - INFO - Round 1, Timestep 3: The robot states are:
robot 0: node id: 373, goal id: 437, path: [405, 437];
robot 1: node id: 561, goal id: 688, path: [593, 625, 624, 656, 688];
robot 2: node id: 188, goal id: 602, path: [220, 252, 284, 283, 315, 347, 379, 411, 443, 475, 507, 539, 571, 570, 602];
robot 3: node id: 588, goal id: 749, path: [620, 621, 653, 685, 717, 749];
robot 4: node id: 86, goal id: 78, path: [85, 84, 83, 82, 81, 80, 79, 78];
robot 5: node id: 174, goal id: 168, path: [206, 205, 204, 203, 171, 170, 169, 168];
robot 6: node id: 409, goal id: 634, path: [441, 473, 505, 537, 538, 570, 602, 634];
robot 7: node id: 693, goal id: 886, path: [725, 757, 789, 821, 853, 854, 886];
robot 8: node id: 199, goal id: 199, path: [];
robot 9: node id: 98, goal id: 289, path: [130, 129, 161, 193, 225, 257, 289];

2025-11-11 17:43:09 - root - INFO - Round 1, Timestep 4: The robot states are:
robot 0: node id: 405, goal id: 437, path: [437];
robot 1: node id: 593, goal id: 688, path: [625, 624, 656, 688];
robot 2: node id: 220, goal id: 602, path: [252, 284, 283, 315, 347, 379, 411, 443, 475, 507, 539, 571, 570, 602];
robot 3: node id: 620, goal id: 749, path: [621, 653, 685, 717, 749];
robot 4: node id: 85, goal id: 78, path: [84, 83, 82, 81, 80, 79, 78];
robot 5: node id: 206, goal id: 168, path: [205, 204, 203, 171, 170, 169, 168];
robot 6: node id: 441, goal id: 634, path: [473, 505, 537, 538, 570, 602, 634];
robot 7: node id: 725, goal id: 886, path: [757, 789, 821, 853, 854, 886];
robot 8: node id: 199, goal id: 199, path: [];
robot 9: node id: 130, goal id: 289, path: [129, 161, 193, 225, 257, 289];

2025-11-11 17:43:12 - root - INFO - Round 1, Timestep 5: The robot states are:
robot 0: node id: 437, goal id: 437, path: [];
robot 1: node id: 625, goal id: 688, path: [624, 656, 688];
robot 2: node id: 252, goal id: 602, path: [284, 283, 315, 347, 379, 411, 443, 475, 507, 539, 571, 570, 602];
robot 3: node id: 621, goal id: 749, path: [653, 685, 717, 749];
robot 4: node id: 84, goal id: 78, path: [83, 82, 81, 80, 79, 78];
robot 5: node id: 205, goal id: 168, path: [204, 203, 171, 170, 169, 168];
robot 6: node id: 473, goal id: 634, path: [505, 537, 538, 570, 602, 634];
robot 7: node id: 757, goal id: 886, path: [789, 821, 853, 854, 886];
robot 8: node id: 199, goal id: 199, path: [];
robot 9: node id: 129, goal id: 289, path: [161, 193, 225, 257, 289];

2025-11-11 17:43:15 - root - INFO - Round 1, Timestep 6: The robot states are:
robot 0: node id: 437, goal id: 437, path: [];
robot 1: node id: 624, goal id: 688, path: [656, 688];
robot 2: node id: 284, goal id: 602, path: [283, 315, 347, 379, 411, 443, 475, 507, 539, 571, 570, 602];
robot 3: node id: 653, goal id: 749, path: [685, 717, 749];
robot 4: node id: 83, goal id: 78, path: [82, 81, 80, 79, 78];
robot 5: node id: 204, goal id: 168, path: [203, 171, 170, 169, 168];
robot 6: node id: 505, goal id: 634, path: [537, 538, 570, 602, 634];
robot 7: node id: 789, goal id: 886, path: [821, 853, 854, 886];
robot 8: node id: 199, goal id: 199, path: [];
robot 9: node id: 161, goal id: 289, path: [193, 225, 257, 289];

2025-11-11 17:43:17 - root - INFO - Round 1, Timestep 7: The robot states are:
robot 0: node id: 437, goal id: 437, path: [];
robot 1: node id: 656, goal id: 688, path: [688];
robot 2: node id: 283, goal id: 602, path: [315, 347, 379, 411, 443, 475, 507, 539, 571, 570, 602];
robot 3: node id: 685, goal id: 749, path: [717, 749];
robot 4: node id: 82, goal id: 78, path: [81, 80, 79, 78];
robot 5: node id: 203, goal id: 168, path: [171, 170, 169, 168];
robot 6: node id: 537, goal id: 634, path: [538, 570, 602, 634];
robot 7: node id: 821, goal id: 886, path: [853, 854, 886];
robot 8: node id: 199, goal id: 199, path: [];
robot 9: node id: 193, goal id: 289, path: [225, 257, 289];

2025-11-11 17:43:20 - root - INFO - Round 1, Timestep 8: The robot states are:
robot 0: node id: 437, goal id: 437, path: [];
robot 1: node id: 688, goal id: 688, path: [];
robot 2: node id: 315, goal id: 602, path: [347, 379, 411, 443, 475, 507, 539, 571, 570, 602];
robot 3: node id: 717, goal id: 749, path: [749];
robot 4: node id: 81, goal id: 78, path: [80, 79, 78];
robot 5: node id: 171, goal id: 168, path: [170, 169, 168];
robot 6: node id: 538, goal id: 634, path: [570, 602, 634];
robot 7: node id: 853, goal id: 886, path: [854, 886];
robot 8: node id: 199, goal id: 199, path: [];
robot 9: node id: 225, goal id: 289, path: [257, 289];

2025-11-11 17:43:22 - root - INFO - Round 1, Timestep 9: The robot states are:
robot 0: node id: 437, goal id: 437, path: [];
robot 1: node id: 688, goal id: 688, path: [];
robot 2: node id: 347, goal id: 602, path: [379, 411, 443, 475, 507, 539, 571, 570, 602];
robot 3: node id: 749, goal id: 749, path: [];
robot 4: node id: 80, goal id: 78, path: [79, 78];
robot 5: node id: 170, goal id: 168, path: [169, 168];
robot 6: node id: 570, goal id: 634, path: [602, 634];
robot 7: node id: 854, goal id: 886, path: [886];
robot 8: node id: 199, goal id: 199, path: [];
robot 9: node id: 257, goal id: 289, path: [289];

2025-11-11 17:43:25 - root - INFO - Round 1, Timestep 10: The robot states are:
robot 0: node id: 437, goal id: 437, path: [];
robot 1: node id: 688, goal id: 688, path: [];
robot 2: node id: 379, goal id: 602, path: [411, 443, 475, 507, 539, 571, 570, 602];
robot 3: node id: 749, goal id: 749, path: [];
robot 4: node id: 79, goal id: 78, path: [78];
robot 5: node id: 169, goal id: 168, path: [168];
robot 6: node id: 602, goal id: 634, path: [634];
robot 7: node id: 886, goal id: 886, path: [];
robot 8: node id: 199, goal id: 199, path: [];
robot 9: node id: 289, goal id: 289, path: [];

2025-11-11 17:43:27 - root - INFO - Round 1, Timestep 11: The robot states are:
robot 0: node id: 437, goal id: 437, path: [];
robot 1: node id: 688, goal id: 688, path: [];
robot 2: node id: 411, goal id: 602, path: [443, 475, 507, 539, 571, 570, 602];
robot 3: node id: 749, goal id: 749, path: [];
robot 4: node id: 78, goal id: 78, path: [];
robot 5: node id: 168, goal id: 168, path: [];
robot 6: node id: 634, goal id: 634, path: [];
robot 7: node id: 886, goal id: 886, path: [];
robot 8: node id: 199, goal id: 199, path: [];
robot 9: node id: 289, goal id: 289, path: [];

2025-11-11 17:43:30 - root - INFO - Round 1, Timestep 12: The robot states are:
robot 0: node id: 437, goal id: 437, path: [];
robot 1: node id: 688, goal id: 688, path: [];
robot 2: node id: 443, goal id: 602, path: [475, 507, 539, 571, 570, 602];
robot 3: node id: 749, goal id: 749, path: [];
robot 4: node id: 78, goal id: 78, path: [];
robot 5: node id: 168, goal id: 168, path: [];
robot 6: node id: 634, goal id: 634, path: [];
robot 7: node id: 886, goal id: 886, path: [];
robot 8: node id: 199, goal id: 199, path: [];
robot 9: node id: 289, goal id: 289, path: [];

2025-11-11 17:43:32 - root - INFO - Round 1, Timestep 13: The robot states are:
robot 0: node id: 437, goal id: 437, path: [];
robot 1: node id: 688, goal id: 688, path: [];
robot 2: node id: 475, goal id: 602, path: [507, 539, 571, 570, 602];
robot 3: node id: 749, goal id: 749, path: [];
robot 4: node id: 78, goal id: 78, path: [];
robot 5: node id: 168, goal id: 168, path: [];
robot 6: node id: 634, goal id: 634, path: [];
robot 7: node id: 886, goal id: 886, path: [];
robot 8: node id: 199, goal id: 199, path: [];
robot 9: node id: 289, goal id: 289, path: [];

2025-11-11 17:43:35 - root - INFO - Round 1, Timestep 14: The robot states are:
robot 0: node id: 437, goal id: 437, path: [];
robot 1: node id: 688, goal id: 688, path: [];
robot 2: node id: 507, goal id: 602, path: [539, 571, 570, 602];
robot 3: node id: 749, goal id: 749, path: [];
robot 4: node id: 78, goal id: 78, path: [];
robot 5: node id: 168, goal id: 168, path: [];
robot 6: node id: 634, goal id: 634, path: [];
robot 7: node id: 886, goal id: 886, path: [];
robot 8: node id: 199, goal id: 199, path: [];
robot 9: node id: 289, goal id: 289, path: [];

2025-11-11 17:43:37 - root - INFO - Round 1, Timestep 15: The robot states are:
robot 0: node id: 437, goal id: 437, path: [];
robot 1: node id: 688, goal id: 688, path: [];
robot 2: node id: 539, goal id: 602, path: [571, 570, 602];
robot 3: node id: 749, goal id: 749, path: [];
robot 4: node id: 78, goal id: 78, path: [];
robot 5: node id: 168, goal id: 168, path: [];
robot 6: node id: 634, goal id: 634, path: [];
robot 7: node id: 886, goal id: 886, path: [];
robot 8: node id: 199, goal id: 199, path: [];
robot 9: node id: 289, goal id: 289, path: [];

2025-11-11 17:43:40 - root - INFO - Round 1, Timestep 16: The robot states are:
robot 0: node id: 437, goal id: 437, path: [];
robot 1: node id: 688, goal id: 688, path: [];
robot 2: node id: 571, goal id: 602, path: [570, 602];
robot 3: node id: 749, goal id: 749, path: [];
robot 4: node id: 78, goal id: 78, path: [];
robot 5: node id: 168, goal id: 168, path: [];
robot 6: node id: 634, goal id: 634, path: [];
robot 7: node id: 886, goal id: 886, path: [];
robot 8: node id: 199, goal id: 199, path: [];
robot 9: node id: 289, goal id: 289, path: [];

2025-11-11 17:43:42 - root - INFO - Round 1, Timestep 17: The robot states are:
robot 0: node id: 437, goal id: 437, path: [];
robot 1: node id: 688, goal id: 688, path: [];
robot 2: node id: 570, goal id: 602, path: [602];
robot 3: node id: 749, goal id: 749, path: [];
robot 4: node id: 78, goal id: 78, path: [];
robot 5: node id: 168, goal id: 168, path: [];
robot 6: node id: 634, goal id: 634, path: [];
robot 7: node id: 886, goal id: 886, path: [];
robot 8: node id: 199, goal id: 199, path: [];
robot 9: node id: 289, goal id: 289, path: [];

2025-11-11 17:43:49 - root - INFO - Round 2, Timestep 0: The robot states are:
robot 0: node id: 437, goal id: 704, path: [437, 436, 435, 434, 433, 432, 431, 430, 462, 494, 493, 492, 524, 523, 522, 521, 520, 519, 518, 517, 516, 548, 580, 612, 644, 643, 642, 641, 640, 672, 704];
robot 1: node id: 688, goal id: 738, path: [688, 687, 686, 685, 684, 683, 682, 681, 680, 679, 678, 677, 676, 675, 674, 706, 738];
robot 2: node id: 602, goal id: 846, path: [602, 601, 600, 599, 598, 630, 629, 661, 693, 692, 724, 723, 755, 787, 819, 818, 817, 849, 848, 847, 846];
robot 3: node id: 749, goal id: 838, path: [749, 748, 747, 746, 778, 777, 776, 808, 807, 806, 838];
robot 4: node id: 78, goal id: 423, path: [78, 77, 76, 108, 107, 139, 171, 170, 169, 201, 233, 232, 264, 296, 295, 327, 359, 391, 423];
robot 5: node id: 168, goal id: 168, path: [];
robot 6: node id: 634, goal id: 634, path: [];
robot 7: node id: 886, goal id: 886, path: [];
robot 8: node id: 199, goal id: 199, path: [];
robot 9: node id: 289, goal id: 289, path: [];

2025-11-11 17:43:51 - root - INFO - Round 2, Timestep 1: The robot states are:
robot 0: node id: 437, goal id: 704, path: [436, 435, 434, 433, 432, 431, 430, 462, 494, 493, 492, 524, 523, 522, 521, 520, 519, 518, 517, 516, 548, 580, 612, 644, 643, 642, 641, 640, 672, 704];
robot 1: node id: 688, goal id: 738, path: [687, 686, 685, 684, 683, 682, 681, 680, 679, 678, 677, 676, 675, 674, 706, 738];
robot 2: node id: 602, goal id: 846, path: [601, 600, 599, 598, 630, 629, 661, 693, 692, 724, 723, 755, 787, 819, 818, 817, 849, 848, 847, 846];
robot 3: node id: 749, goal id: 838, path: [748, 747, 746, 778, 777, 776, 808, 807, 806, 838];
robot 4: node id: 78, goal id: 423, path: [77, 76, 108, 107, 139, 171, 170, 169, 201, 233, 232, 264, 296, 295, 327, 359, 391, 423];
robot 5: node id: 168, goal id: 168, path: [];
robot 6: node id: 634, goal id: 634, path: [];
robot 7: node id: 886, goal id: 886, path: [];
robot 8: node id: 199, goal id: 199, path: [];
robot 9: node id: 289, goal id: 289, path: [];

2025-11-11 17:43:54 - root - INFO - Round 2, Timestep 2: The robot states are:
robot 0: node id: 436, goal id: 704, path: [435, 434, 433, 432, 431, 430, 462, 494, 493, 492, 524, 523, 522, 521, 520, 519, 518, 517, 516, 548, 580, 612, 644, 643, 642, 641, 640, 672, 704];
robot 1: node id: 687, goal id: 738, path: [686, 685, 684, 683, 682, 681, 680, 679, 678, 677, 676, 675, 674, 706, 738];
robot 2: node id: 601, goal id: 846, path: [600, 599, 598, 630, 629, 661, 693, 692, 724, 723, 755, 787, 819, 818, 817, 849, 848, 847, 846];
robot 3: node id: 748, goal id: 838, path: [747, 746, 778, 777, 776, 808, 807, 806, 838];
robot 4: node id: 77, goal id: 423, path: [76, 108, 107, 139, 171, 170, 169, 201, 233, 232, 264, 296, 295, 327, 359, 391, 423];
robot 5: node id: 168, goal id: 168, path: [];
robot 6: node id: 634, goal id: 634, path: [];
robot 7: node id: 886, goal id: 886, path: [];
robot 8: node id: 199, goal id: 199, path: [];
robot 9: node id: 289, goal id: 289, path: [];

2025-11-11 17:43:56 - root - INFO - Round 2, Timestep 3: The robot states are:
robot 0: node id: 435, goal id: 704, path: [434, 433, 432, 431, 430, 462, 494, 493, 492, 524, 523, 522, 521, 520, 519, 518, 517, 516, 548, 580, 612, 644, 643, 642, 641, 640, 672, 704];
robot 1: node id: 686, goal id: 738, path: [685, 684, 683, 682, 681, 680, 679, 678, 677, 676, 675, 674, 706, 738];
robot 2: node id: 600, goal id: 846, path: [599, 598, 630, 629, 661, 693, 692, 724, 723, 755, 787, 819, 818, 817, 849, 848, 847, 846];
robot 3: node id: 747, goal id: 838, path: [746, 778, 777, 776, 808, 807, 806, 838];
robot 4: node id: 76, goal id: 423, path: [108, 107, 139, 171, 170, 169, 201, 233, 232, 264, 296, 295, 327, 359, 391, 423];
robot 5: node id: 168, goal id: 168, path: [];
robot 6: node id: 634, goal id: 634, path: [];
robot 7: node id: 886, goal id: 886, path: [];
robot 8: node id: 199, goal id: 199, path: [];
robot 9: node id: 289, goal id: 289, path: [];

2025-11-11 17:43:59 - root - INFO - Round 2, Timestep 4: The robot states are:
robot 0: node id: 434, goal id: 704, path: [433, 432, 431, 430, 462, 494, 493, 492, 524, 523, 522, 521, 520, 519, 518, 517, 516, 548, 580, 612, 644, 643, 642, 641, 640, 672, 704];
robot 1: node id: 685, goal id: 738, path: [684, 683, 682, 681, 680, 679, 678, 677, 676, 675, 674, 706, 738];
robot 2: node id: 599, goal id: 846, path: [598, 630, 629, 661, 693, 692, 724, 723, 755, 787, 819, 818, 817, 849, 848, 847, 846];
robot 3: node id: 746, goal id: 838, path: [778, 777, 776, 808, 807, 806, 838];
robot 4: node id: 108, goal id: 423, path: [107, 139, 171, 170, 169, 201, 233, 232, 264, 296, 295, 327, 359, 391, 423];
robot 5: node id: 168, goal id: 168, path: [];
robot 6: node id: 634, goal id: 634, path: [];
robot 7: node id: 886, goal id: 886, path: [];
robot 8: node id: 199, goal id: 199, path: [];
robot 9: node id: 289, goal id: 289, path: [];

2025-11-11 17:44:02 - root - INFO - Round 2, Timestep 5: The robot states are:
robot 0: node id: 433, goal id: 704, path: [432, 431, 430, 462, 494, 493, 492, 524, 523, 522, 521, 520, 519, 518, 517, 516, 548, 580, 612, 644, 643, 642, 641, 640, 672, 704];
robot 1: node id: 684, goal id: 738, path: [683, 682, 681, 680, 679, 678, 677, 676, 675, 674, 706, 738];
robot 2: node id: 598, goal id: 846, path: [630, 629, 661, 693, 692, 724, 723, 755, 787, 819, 818, 817, 849, 848, 847, 846];
robot 3: node id: 778, goal id: 838, path: [777, 776, 808, 807, 806, 838];
robot 4: node id: 107, goal id: 423, path: [139, 171, 170, 169, 201, 233, 232, 264, 296, 295, 327, 359, 391, 423];
robot 5: node id: 168, goal id: 168, path: [];
robot 6: node id: 634, goal id: 634, path: [];
robot 7: node id: 886, goal id: 886, path: [];
robot 8: node id: 199, goal id: 199, path: [];
robot 9: node id: 289, goal id: 289, path: [];

2025-11-11 17:44:04 - root - INFO - Round 2, Timestep 6: The robot states are:
robot 0: node id: 432, goal id: 704, path: [431, 430, 462, 494, 493, 492, 524, 523, 522, 521, 520, 519, 518, 517, 516, 548, 580, 612, 644, 643, 642, 641, 640, 672, 704];
robot 1: node id: 683, goal id: 738, path: [682, 681, 680, 679, 678, 677, 676, 675, 674, 706, 738];
robot 2: node id: 630, goal id: 846, path: [629, 661, 693, 692, 724, 723, 755, 787, 819, 818, 817, 849, 848, 847, 846];
robot 3: node id: 777, goal id: 838, path: [776, 808, 807, 806, 838];
robot 4: node id: 139, goal id: 423, path: [171, 170, 169, 201, 233, 232, 264, 296, 295, 327, 359, 391, 423];
robot 5: node id: 168, goal id: 168, path: [];
robot 6: node id: 634, goal id: 634, path: [];
robot 7: node id: 886, goal id: 886, path: [];
robot 8: node id: 199, goal id: 199, path: [];
robot 9: node id: 289, goal id: 289, path: [];

2025-11-11 17:44:07 - root - INFO - Round 2, Timestep 7: The robot states are:
robot 0: node id: 431, goal id: 704, path: [430, 462, 494, 493, 492, 524, 523, 522, 521, 520, 519, 518, 517, 516, 548, 580, 612, 644, 643, 642, 641, 640, 672, 704];
robot 1: node id: 682, goal id: 738, path: [681, 680, 679, 678, 677, 676, 675, 674, 706, 738];
robot 2: node id: 629, goal id: 846, path: [661, 693, 692, 724, 723, 755, 787, 819, 818, 817, 849, 848, 847, 846];
robot 3: node id: 776, goal id: 838, path: [808, 807, 806, 838];
robot 4: node id: 171, goal id: 423, path: [170, 169, 201, 233, 232, 264, 296, 295, 327, 359, 391, 423];
robot 5: node id: 168, goal id: 168, path: [];
robot 6: node id: 634, goal id: 634, path: [];
robot 7: node id: 886, goal id: 886, path: [];
robot 8: node id: 199, goal id: 199, path: [];
robot 9: node id: 289, goal id: 289, path: [];

2025-11-11 17:44:09 - root - INFO - Round 2, Timestep 8: The robot states are:
robot 0: node id: 430, goal id: 704, path: [462, 494, 493, 492, 524, 523, 522, 521, 520, 519, 518, 517, 516, 548, 580, 612, 644, 643, 642, 641, 640, 672, 704];
robot 1: node id: 681, goal id: 738, path: [680, 679, 678, 677, 676, 675, 674, 706, 738];
robot 2: node id: 661, goal id: 846, path: [693, 692, 724, 723, 755, 787, 819, 818, 817, 849, 848, 847, 846];
robot 3: node id: 808, goal id: 838, path: [807, 806, 838];
robot 4: node id: 170, goal id: 423, path: [169, 201, 233, 232, 264, 296, 295, 327, 359, 391, 423];
robot 5: node id: 168, goal id: 168, path: [];
robot 6: node id: 634, goal id: 634, path: [];
robot 7: node id: 886, goal id: 886, path: [];
robot 8: node id: 199, goal id: 199, path: [];
robot 9: node id: 289, goal id: 289, path: [];

2025-11-11 17:44:12 - root - INFO - Round 2, Timestep 9: The robot states are:
robot 0: node id: 462, goal id: 704, path: [494, 493, 492, 524, 523, 522, 521, 520, 519, 518, 517, 516, 548, 580, 612, 644, 643, 642, 641, 640, 672, 704];
robot 1: node id: 680, goal id: 738, path: [679, 678, 677, 676, 675, 674, 706, 738];
robot 2: node id: 693, goal id: 846, path: [692, 724, 723, 755, 787, 819, 818, 817, 849, 848, 847, 846];
robot 3: node id: 807, goal id: 838, path: [806, 838];
robot 4: node id: 169, goal id: 423, path: [201, 233, 232, 264, 296, 295, 327, 359, 391, 423];
robot 5: node id: 168, goal id: 168, path: [];
robot 6: node id: 634, goal id: 634, path: [];
robot 7: node id: 886, goal id: 886, path: [];
robot 8: node id: 199, goal id: 199, path: [];
robot 9: node id: 289, goal id: 289, path: [];

2025-11-11 17:44:14 - root - INFO - Round 2, Timestep 10: The robot states are:
robot 0: node id: 494, goal id: 704, path: [493, 492, 524, 523, 522, 521, 520, 519, 518, 517, 516, 548, 580, 612, 644, 643, 642, 641, 640, 672, 704];
robot 1: node id: 679, goal id: 738, path: [678, 677, 676, 675, 674, 706, 738];
robot 2: node id: 692, goal id: 846, path: [724, 723, 755, 787, 819, 818, 817, 849, 848, 847, 846];
robot 3: node id: 806, goal id: 838, path: [838];
robot 4: node id: 201, goal id: 423, path: [233, 232, 264, 296, 295, 327, 359, 391, 423];
robot 5: node id: 168, goal id: 168, path: [];
robot 6: node id: 634, goal id: 634, path: [];
robot 7: node id: 886, goal id: 886, path: [];
robot 8: node id: 199, goal id: 199, path: [];
robot 9: node id: 289, goal id: 289, path: [];

2025-11-11 17:44:17 - root - INFO - Round 2, Timestep 11: The robot states are:
robot 0: node id: 493, goal id: 704, path: [492, 524, 523, 522, 521, 520, 519, 518, 517, 516, 548, 580, 612, 644, 643, 642, 641, 640, 672, 704];
robot 1: node id: 678, goal id: 738, path: [677, 676, 675, 674, 706, 738];
robot 2: node id: 724, goal id: 846, path: [723, 755, 787, 819, 818, 817, 849, 848, 847, 846];
robot 3: node id: 838, goal id: 838, path: [];
robot 4: node id: 233, goal id: 423, path: [232, 264, 296, 295, 327, 359, 391, 423];
robot 5: node id: 168, goal id: 168, path: [];
robot 6: node id: 634, goal id: 634, path: [];
robot 7: node id: 886, goal id: 886, path: [];
robot 8: node id: 199, goal id: 199, path: [];
robot 9: node id: 289, goal id: 289, path: [];

2025-11-11 17:44:19 - root - INFO - Round 2, Timestep 12: The robot states are:
robot 0: node id: 492, goal id: 704, path: [524, 523, 522, 521, 520, 519, 518, 517, 516, 548, 580, 612, 644, 643, 642, 641, 640, 672, 704];
robot 1: node id: 677, goal id: 738, path: [676, 675, 674, 706, 738];
robot 2: node id: 723, goal id: 846, path: [755, 787, 819, 818, 817, 849, 848, 847, 846];
robot 3: node id: 838, goal id: 838, path: [];
robot 4: node id: 232, goal id: 423, path: [264, 296, 295, 327, 359, 391, 423];
robot 5: node id: 168, goal id: 168, path: [];
robot 6: node id: 634, goal id: 634, path: [];
robot 7: node id: 886, goal id: 886, path: [];
robot 8: node id: 199, goal id: 199, path: [];
robot 9: node id: 289, goal id: 289, path: [];

2025-11-11 17:44:22 - root - INFO - Round 2, Timestep 13: The robot states are:
robot 0: node id: 524, goal id: 704, path: [523, 522, 521, 520, 519, 518, 517, 516, 548, 580, 612, 644, 643, 642, 641, 640, 672, 704];
robot 1: node id: 676, goal id: 738, path: [675, 674, 706, 738];
robot 2: node id: 755, goal id: 846, path: [787, 819, 818, 817, 849, 848, 847, 846];
robot 3: node id: 838, goal id: 838, path: [];
robot 4: node id: 264, goal id: 423, path: [296, 295, 327, 359, 391, 423];
robot 5: node id: 168, goal id: 168, path: [];
robot 6: node id: 634, goal id: 634, path: [];
robot 7: node id: 886, goal id: 886, path: [];
robot 8: node id: 199, goal id: 199, path: [];
robot 9: node id: 289, goal id: 289, path: [];

2025-11-11 17:44:24 - root - INFO - Round 2, Timestep 14: The robot states are:
robot 0: node id: 523, goal id: 704, path: [522, 521, 520, 519, 518, 517, 516, 548, 580, 612, 644, 643, 642, 641, 640, 672, 704];
robot 1: node id: 675, goal id: 738, path: [674, 706, 738];
robot 2: node id: 787, goal id: 846, path: [819, 818, 817, 849, 848, 847, 846];
robot 3: node id: 838, goal id: 838, path: [];
robot 4: node id: 296, goal id: 423, path: [295, 327, 359, 391, 423];
robot 5: node id: 168, goal id: 168, path: [];
robot 6: node id: 634, goal id: 634, path: [];
robot 7: node id: 886, goal id: 886, path: [];
robot 8: node id: 199, goal id: 199, path: [];
robot 9: node id: 289, goal id: 289, path: [];

2025-11-11 17:44:27 - root - INFO - Round 2, Timestep 15: The robot states are:
robot 0: node id: 522, goal id: 704, path: [521, 520, 519, 518, 517, 516, 548, 580, 612, 644, 643, 642, 641, 640, 672, 704];
robot 1: node id: 674, goal id: 738, path: [706, 738];
robot 2: node id: 819, goal id: 846, path: [818, 817, 849, 848, 847, 846];
robot 3: node id: 838, goal id: 838, path: [];
robot 4: node id: 295, goal id: 423, path: [327, 359, 391, 423];
robot 5: node id: 168, goal id: 168, path: [];
robot 6: node id: 634, goal id: 634, path: [];
robot 7: node id: 886, goal id: 886, path: [];
robot 8: node id: 199, goal id: 199, path: [];
robot 9: node id: 289, goal id: 289, path: [];

2025-11-11 17:44:29 - root - INFO - Round 2, Timestep 16: The robot states are:
robot 0: node id: 521, goal id: 704, path: [520, 519, 518, 517, 516, 548, 580, 612, 644, 643, 642, 641, 640, 672, 704];
robot 1: node id: 706, goal id: 738, path: [738];
robot 2: node id: 818, goal id: 846, path: [817, 849, 848, 847, 846];
robot 3: node id: 838, goal id: 838, path: [];
robot 4: node id: 327, goal id: 423, path: [359, 391, 423];
robot 5: node id: 168, goal id: 168, path: [];
robot 6: node id: 634, goal id: 634, path: [];
robot 7: node id: 886, goal id: 886, path: [];
robot 8: node id: 199, goal id: 199, path: [];
robot 9: node id: 289, goal id: 289, path: [];

2025-11-11 17:44:32 - root - INFO - Round 2, Timestep 17: The robot states are:
robot 0: node id: 520, goal id: 704, path: [519, 518, 517, 516, 548, 580, 612, 644, 643, 642, 641, 640, 672, 704];
robot 1: node id: 738, goal id: 738, path: [];
robot 2: node id: 817, goal id: 846, path: [849, 848, 847, 846];
robot 3: node id: 838, goal id: 838, path: [];
robot 4: node id: 359, goal id: 423, path: [391, 423];
robot 5: node id: 168, goal id: 168, path: [];
robot 6: node id: 634, goal id: 634, path: [];
robot 7: node id: 886, goal id: 886, path: [];
robot 8: node id: 199, goal id: 199, path: [];
robot 9: node id: 289, goal id: 289, path: [];

2025-11-11 17:44:34 - root - INFO - Round 2, Timestep 18: The robot states are:
robot 0: node id: 519, goal id: 704, path: [518, 517, 516, 548, 580, 612, 644, 643, 642, 641, 640, 672, 704];
robot 1: node id: 738, goal id: 738, path: [];
robot 2: node id: 849, goal id: 846, path: [848, 847, 846];
robot 3: node id: 838, goal id: 838, path: [];
robot 4: node id: 391, goal id: 423, path: [423];
robot 5: node id: 168, goal id: 168, path: [];
robot 6: node id: 634, goal id: 634, path: [];
robot 7: node id: 886, goal id: 886, path: [];
robot 8: node id: 199, goal id: 199, path: [];
robot 9: node id: 289, goal id: 289, path: [];

2025-11-11 17:44:37 - root - INFO - Round 2, Timestep 19: The robot states are:
robot 0: node id: 518, goal id: 704, path: [517, 516, 548, 580, 612, 644, 643, 642, 641, 640, 672, 704];
robot 1: node id: 738, goal id: 738, path: [];
robot 2: node id: 848, goal id: 846, path: [847, 846];
robot 3: node id: 838, goal id: 838, path: [];
robot 4: node id: 423, goal id: 423, path: [];
robot 5: node id: 168, goal id: 168, path: [];
robot 6: node id: 634, goal id: 634, path: [];
robot 7: node id: 886, goal id: 886, path: [];
robot 8: node id: 199, goal id: 199, path: [];
robot 9: node id: 289, goal id: 289, path: [];

2025-11-11 17:44:39 - root - INFO - Round 2, Timestep 20: The robot states are:
robot 0: node id: 517, goal id: 704, path: [516, 548, 580, 612, 644, 643, 642, 641, 640, 672, 704];
robot 1: node id: 738, goal id: 738, path: [];
robot 2: node id: 847, goal id: 846, path: [846];
robot 3: node id: 838, goal id: 838, path: [];
robot 4: node id: 423, goal id: 423, path: [];
robot 5: node id: 168, goal id: 168, path: [];
robot 6: node id: 634, goal id: 634, path: [];
robot 7: node id: 886, goal id: 886, path: [];
robot 8: node id: 199, goal id: 199, path: [];
robot 9: node id: 289, goal id: 289, path: [];

2025-11-11 17:44:42 - root - INFO - Round 2, Timestep 21: The robot states are:
robot 0: node id: 516, goal id: 704, path: [548, 580, 612, 644, 643, 642, 641, 640, 672, 704];
robot 1: node id: 738, goal id: 738, path: [];
robot 2: node id: 846, goal id: 846, path: [];
robot 3: node id: 838, goal id: 838, path: [];
robot 4: node id: 423, goal id: 423, path: [];
robot 5: node id: 168, goal id: 168, path: [];
robot 6: node id: 634, goal id: 634, path: [];
robot 7: node id: 886, goal id: 886, path: [];
robot 8: node id: 199, goal id: 199, path: [];
robot 9: node id: 289, goal id: 289, path: [];

2025-11-11 17:44:44 - root - INFO - Round 2, Timestep 22: The robot states are:
robot 0: node id: 548, goal id: 704, path: [580, 612, 644, 643, 642, 641, 640, 672, 704];
robot 1: node id: 738, goal id: 738, path: [];
robot 2: node id: 846, goal id: 846, path: [];
robot 3: node id: 838, goal id: 838, path: [];
robot 4: node id: 423, goal id: 423, path: [];
robot 5: node id: 168, goal id: 168, path: [];
robot 6: node id: 634, goal id: 634, path: [];
robot 7: node id: 886, goal id: 886, path: [];
robot 8: node id: 199, goal id: 199, path: [];
robot 9: node id: 289, goal id: 289, path: [];

2025-11-11 17:44:47 - root - INFO - Round 2, Timestep 23: The robot states are:
robot 0: node id: 580, goal id: 704, path: [612, 644, 643, 642, 641, 640, 672, 704];
robot 1: node id: 738, goal id: 738, path: [];
robot 2: node id: 846, goal id: 846, path: [];
robot 3: node id: 838, goal id: 838, path: [];
robot 4: node id: 423, goal id: 423, path: [];
robot 5: node id: 168, goal id: 168, path: [];
robot 6: node id: 634, goal id: 634, path: [];
robot 7: node id: 886, goal id: 886, path: [];
robot 8: node id: 199, goal id: 199, path: [];
robot 9: node id: 289, goal id: 289, path: [];

2025-11-11 17:44:49 - root - INFO - Round 2, Timestep 24: The robot states are:
robot 0: node id: 612, goal id: 704, path: [644, 643, 642, 641, 640, 672, 704];
robot 1: node id: 738, goal id: 738, path: [];
robot 2: node id: 846, goal id: 846, path: [];
robot 3: node id: 838, goal id: 838, path: [];
robot 4: node id: 423, goal id: 423, path: [];
robot 5: node id: 168, goal id: 168, path: [];
robot 6: node id: 634, goal id: 634, path: [];
robot 7: node id: 886, goal id: 886, path: [];
robot 8: node id: 199, goal id: 199, path: [];
robot 9: node id: 289, goal id: 289, path: [];

2025-11-11 17:44:52 - root - INFO - Round 2, Timestep 25: The robot states are:
robot 0: node id: 644, goal id: 704, path: [643, 642, 641, 640, 672, 704];
robot 1: node id: 738, goal id: 738, path: [];
robot 2: node id: 846, goal id: 846, path: [];
robot 3: node id: 838, goal id: 838, path: [];
robot 4: node id: 423, goal id: 423, path: [];
robot 5: node id: 168, goal id: 168, path: [];
robot 6: node id: 634, goal id: 634, path: [];
robot 7: node id: 886, goal id: 886, path: [];
robot 8: node id: 199, goal id: 199, path: [];
robot 9: node id: 289, goal id: 289, path: [];

2025-11-11 17:44:54 - root - INFO - Round 2, Timestep 26: The robot states are:
robot 0: node id: 643, goal id: 704, path: [642, 641, 640, 672, 704];
robot 1: node id: 738, goal id: 738, path: [];
robot 2: node id: 846, goal id: 846, path: [];
robot 3: node id: 838, goal id: 838, path: [];
robot 4: node id: 423, goal id: 423, path: [];
robot 5: node id: 168, goal id: 168, path: [];
robot 6: node id: 634, goal id: 634, path: [];
robot 7: node id: 886, goal id: 886, path: [];
robot 8: node id: 199, goal id: 199, path: [];
robot 9: node id: 289, goal id: 289, path: [];

2025-11-11 17:44:57 - root - INFO - Round 2, Timestep 27: The robot states are:
robot 0: node id: 642, goal id: 704, path: [641, 640, 672, 704];
robot 1: node id: 738, goal id: 738, path: [];
robot 2: node id: 846, goal id: 846, path: [];
robot 3: node id: 838, goal id: 838, path: [];
robot 4: node id: 423, goal id: 423, path: [];
robot 5: node id: 168, goal id: 168, path: [];
robot 6: node id: 634, goal id: 634, path: [];
robot 7: node id: 886, goal id: 886, path: [];
robot 8: node id: 199, goal id: 199, path: [];
robot 9: node id: 289, goal id: 289, path: [];

2025-11-11 17:44:59 - root - INFO - Round 2, Timestep 28: The robot states are:
robot 0: node id: 641, goal id: 704, path: [640, 672, 704];
robot 1: node id: 738, goal id: 738, path: [];
robot 2: node id: 846, goal id: 846, path: [];
robot 3: node id: 838, goal id: 838, path: [];
robot 4: node id: 423, goal id: 423, path: [];
robot 5: node id: 168, goal id: 168, path: [];
robot 6: node id: 634, goal id: 634, path: [];
robot 7: node id: 886, goal id: 886, path: [];
robot 8: node id: 199, goal id: 199, path: [];
robot 9: node id: 289, goal id: 289, path: [];

2025-11-11 17:45:02 - root - INFO - Round 2, Timestep 29: The robot states are:
robot 0: node id: 640, goal id: 704, path: [672, 704];
robot 1: node id: 738, goal id: 738, path: [];
robot 2: node id: 846, goal id: 846, path: [];
robot 3: node id: 838, goal id: 838, path: [];
robot 4: node id: 423, goal id: 423, path: [];
robot 5: node id: 168, goal id: 168, path: [];
robot 6: node id: 634, goal id: 634, path: [];
robot 7: node id: 886, goal id: 886, path: [];
robot 8: node id: 199, goal id: 199, path: [];
robot 9: node id: 289, goal id: 289, path: [];

2025-11-11 17:45:04 - root - INFO - Round 2, Timestep 30: The robot states are:
robot 0: node id: 672, goal id: 704, path: [704];
robot 1: node id: 738, goal id: 738, path: [];
robot 2: node id: 846, goal id: 846, path: [];
robot 3: node id: 838, goal id: 838, path: [];
robot 4: node id: 423, goal id: 423, path: [];
robot 5: node id: 168, goal id: 168, path: [];
robot 6: node id: 634, goal id: 634, path: [];
robot 7: node id: 886, goal id: 886, path: [];
robot 8: node id: 199, goal id: 199, path: [];
robot 9: node id: 289, goal id: 289, path: [];

